{"C:\\Users\\User\\WebstormProjects\\testForSite\\tests\\js\\Loader.js": {"path":"C:\\Users\\User\\WebstormProjects\\testForSite\\tests\\js\\Loader.js","statementMap":{"0":{"start":{"line":2,"column":4},"end":{"line":2,"column":66}},"1":{"start":{"line":3,"column":4},"end":{"line":3,"column":67}},"2":{"start":{"line":8,"column":4},"end":{"line":8,"column":67}},"3":{"start":{"line":9,"column":1},"end":{"line":9,"column":63}}},"fnMap":{"0":{"name":"showSpinner","decl":{"start":{"line":1,"column":16},"end":{"line":1,"column":27}},"loc":{"start":{"line":1,"column":29},"end":{"line":4,"column":1}},"line":1},"1":{"name":"hideSpinner","decl":{"start":{"line":7,"column":16},"end":{"line":7,"column":27}},"loc":{"start":{"line":7,"column":29},"end":{"line":10,"column":1}},"line":7}},"branchMap":{},"s":{"0":2,"1":2,"2":1,"3":1},"f":{"0":2,"1":1},"b":{},"_coverageSchema":"1a1c01bbd47fc00a2c39e90264f33305004495a9","hash":"d95b5916aab28277bb7f5d78090ab95089bdf729"}
,"C:\\Users\\User\\WebstormProjects\\testForSite\\tests\\js\\catalogCreator.js": {"path":"C:\\Users\\User\\WebstormProjects\\testForSite\\tests\\js\\catalogCreator.js","statementMap":{"0":{"start":{"line":3,"column":19},"end":{"line":3,"column":24}},"1":{"start":{"line":6,"column":35},"end":{"line":6,"column":57}},"2":{"start":{"line":7,"column":40},"end":{"line":7,"column":81}},"3":{"start":{"line":8,"column":34},"end":{"line":8,"column":53}},"4":{"start":{"line":9,"column":36},"end":{"line":9,"column":53}},"5":{"start":{"line":11,"column":37},"end":{"line":11,"column":56}},"6":{"start":{"line":13,"column":18},"end":{"line":13,"column":47}},"7":{"start":{"line":14,"column":4},"end":{"line":14,"column":36}},"8":{"start":{"line":15,"column":15},"end":{"line":15,"column":43}},"9":{"start":{"line":16,"column":4},"end":{"line":16,"column":30}},"10":{"start":{"line":17,"column":4},"end":{"line":17,"column":30}},"11":{"start":{"line":18,"column":4},"end":{"line":18,"column":29}},"12":{"start":{"line":19,"column":13},"end":{"line":19,"column":41}},"13":{"start":{"line":20,"column":4},"end":{"line":20,"column":34}},"14":{"start":{"line":21,"column":4},"end":{"line":21,"column":27}},"15":{"start":{"line":22,"column":4},"end":{"line":33,"column":40}},"16":{"start":{"line":24,"column":12},"end":{"line":31,"column":13}},"17":{"start":{"line":26,"column":25},"end":{"line":26,"column":53}},"18":{"start":{"line":28,"column":16},"end":{"line":28,"column":56}},"19":{"start":{"line":29,"column":16},"end":{"line":29,"column":64}},"20":{"start":{"line":30,"column":16},"end":{"line":30,"column":34}},"21":{"start":{"line":33,"column":22},"end":{"line":33,"column":38}},"22":{"start":{"line":36,"column":4},"end":{"line":36,"column":48}},"23":{"start":{"line":41,"column":14},"end":{"line":41,"column":43}},"24":{"start":{"line":42,"column":4},"end":{"line":42,"column":29}},"25":{"start":{"line":43,"column":4},"end":{"line":73,"column":40}},"26":{"start":{"line":45,"column":4},"end":{"line":71,"column":5}},"27":{"start":{"line":46,"column":19},"end":{"line":46,"column":48}},"28":{"start":{"line":47,"column":8},"end":{"line":47,"column":34}},"29":{"start":{"line":49,"column":18},"end":{"line":49,"column":47}},"30":{"start":{"line":50,"column":8},"end":{"line":50,"column":32}},"31":{"start":{"line":51,"column":8},"end":{"line":51,"column":40}},"32":{"start":{"line":52,"column":8},"end":{"line":52,"column":29}},"33":{"start":{"line":54,"column":16},"end":{"line":54,"column":43}},"34":{"start":{"line":55,"column":8},"end":{"line":55,"column":49}},"35":{"start":{"line":56,"column":8},"end":{"line":56,"column":27}},"36":{"start":{"line":60,"column":18},"end":{"line":60,"column":50}},"37":{"start":{"line":61,"column":8},"end":{"line":61,"column":38}},"38":{"start":{"line":62,"column":8},"end":{"line":62,"column":35}},"39":{"start":{"line":63,"column":8},"end":{"line":63,"column":32}},"40":{"start":{"line":64,"column":8},"end":{"line":64,"column":29}},"41":{"start":{"line":68,"column":8},"end":{"line":68,"column":29}},"42":{"start":{"line":70,"column":8},"end":{"line":70,"column":48}},"43":{"start":{"line":73,"column":22},"end":{"line":73,"column":38}},"44":{"start":{"line":80,"column":14},"end":{"line":80,"column":43}},"45":{"start":{"line":81,"column":4},"end":{"line":81,"column":29}},"46":{"start":{"line":82,"column":4},"end":{"line":120,"column":40}},"47":{"start":{"line":84,"column":12},"end":{"line":110,"column":13}},"48":{"start":{"line":87,"column":16},"end":{"line":109,"column":17}},"49":{"start":{"line":88,"column":31},"end":{"line":88,"column":60}},"50":{"start":{"line":89,"column":20},"end":{"line":89,"column":46}},"51":{"start":{"line":91,"column":30},"end":{"line":91,"column":59}},"52":{"start":{"line":92,"column":20},"end":{"line":92,"column":44}},"53":{"start":{"line":93,"column":20},"end":{"line":93,"column":52}},"54":{"start":{"line":94,"column":20},"end":{"line":94,"column":41}},"55":{"start":{"line":96,"column":28},"end":{"line":96,"column":55}},"56":{"start":{"line":97,"column":20},"end":{"line":97,"column":61}},"57":{"start":{"line":98,"column":20},"end":{"line":98,"column":39}},"58":{"start":{"line":101,"column":30},"end":{"line":101,"column":62}},"59":{"start":{"line":102,"column":20},"end":{"line":102,"column":50}},"60":{"start":{"line":103,"column":20},"end":{"line":103,"column":47}},"61":{"start":{"line":104,"column":20},"end":{"line":104,"column":44}},"62":{"start":{"line":105,"column":20},"end":{"line":105,"column":41}},"63":{"start":{"line":108,"column":20},"end":{"line":108,"column":41}},"64":{"start":{"line":111,"column":23},"end":{"line":111,"column":51}},"65":{"start":{"line":112,"column":16},"end":{"line":117,"column":17}},"66":{"start":{"line":113,"column":20},"end":{"line":113,"column":48}},"67":{"start":{"line":114,"column":20},"end":{"line":114,"column":61}},"68":{"start":{"line":115,"column":20},"end":{"line":115,"column":50}},"69":{"start":{"line":116,"column":20},"end":{"line":116,"column":56}},"70":{"start":{"line":118,"column":12},"end":{"line":118,"column":52}},"71":{"start":{"line":120,"column":22},"end":{"line":120,"column":38}},"72":{"start":{"line":129,"column":4},"end":{"line":133,"column":5}},"73":{"start":{"line":130,"column":8},"end":{"line":130,"column":46}},"74":{"start":{"line":131,"column":8},"end":{"line":131,"column":23}},"75":{"start":{"line":132,"column":8},"end":{"line":132,"column":21}},"76":{"start":{"line":138,"column":8},"end":{"line":138,"column":57}},"77":{"start":{"line":139,"column":8},"end":{"line":176,"column":7}},"78":{"start":{"line":182,"column":4},"end":{"line":193,"column":40}},"79":{"start":{"line":184,"column":12},"end":{"line":191,"column":13}},"80":{"start":{"line":186,"column":16},"end":{"line":190,"column":18}},"81":{"start":{"line":187,"column":16},"end":{"line":190,"column":18}},"82":{"start":{"line":188,"column":29},"end":{"line":188,"column":39}},"83":{"start":{"line":189,"column":20},"end":{"line":189,"column":54}},"84":{"start":{"line":193,"column":22},"end":{"line":193,"column":38}},"85":{"start":{"line":199,"column":4},"end":{"line":209,"column":40}},"86":{"start":{"line":201,"column":12},"end":{"line":207,"column":13}},"87":{"start":{"line":202,"column":16},"end":{"line":206,"column":18}},"88":{"start":{"line":203,"column":16},"end":{"line":206,"column":18}},"89":{"start":{"line":204,"column":30},"end":{"line":204,"column":40}},"90":{"start":{"line":205,"column":20},"end":{"line":205,"column":55}},"91":{"start":{"line":209,"column":22},"end":{"line":209,"column":38}},"92":{"start":{"line":214,"column":4},"end":{"line":224,"column":40}},"93":{"start":{"line":216,"column":12},"end":{"line":222,"column":13}},"94":{"start":{"line":217,"column":12},"end":{"line":221,"column":13}},"95":{"start":{"line":219,"column":13},"end":{"line":219,"column":40}},"96":{"start":{"line":220,"column":16},"end":{"line":220,"column":46}},"97":{"start":{"line":224,"column":22},"end":{"line":224,"column":38}},"98":{"start":{"line":229,"column":15},"end":{"line":229,"column":43}},"99":{"start":{"line":230,"column":4},"end":{"line":230,"column":35}},"100":{"start":{"line":232,"column":15},"end":{"line":232,"column":44}},"101":{"start":{"line":233,"column":4},"end":{"line":233,"column":33}},"102":{"start":{"line":234,"column":15},"end":{"line":234,"column":44}},"103":{"start":{"line":235,"column":4},"end":{"line":235,"column":37}},"104":{"start":{"line":236,"column":4},"end":{"line":236,"column":26}},"105":{"start":{"line":237,"column":15},"end":{"line":237,"column":44}},"106":{"start":{"line":238,"column":15},"end":{"line":238,"column":44}},"107":{"start":{"line":239,"column":4},"end":{"line":239,"column":37}},"108":{"start":{"line":240,"column":4},"end":{"line":240,"column":38}},"109":{"start":{"line":241,"column":4},"end":{"line":241,"column":26}},"110":{"start":{"line":242,"column":4},"end":{"line":242,"column":26}},"111":{"start":{"line":243,"column":4},"end":{"line":243,"column":34}},"112":{"start":{"line":244,"column":14},"end":{"line":244,"column":43}},"113":{"start":{"line":245,"column":4},"end":{"line":245,"column":23}},"114":{"start":{"line":246,"column":4},"end":{"line":246,"column":30}},"115":{"start":{"line":247,"column":4},"end":{"line":247,"column":33}},"116":{"start":{"line":248,"column":4},"end":{"line":248,"column":31}},"117":{"start":{"line":249,"column":4},"end":{"line":249,"column":25}},"118":{"start":{"line":250,"column":13},"end":{"line":250,"column":41}},"119":{"start":{"line":251,"column":4},"end":{"line":251,"column":42}},"120":{"start":{"line":252,"column":12},"end":{"line":252,"column":39}},"121":{"start":{"line":253,"column":4},"end":{"line":253,"column":25}},"122":{"start":{"line":254,"column":4},"end":{"line":254,"column":24}},"123":{"start":{"line":255,"column":4},"end":{"line":255,"column":23}},"124":{"start":{"line":256,"column":13},"end":{"line":256,"column":41}},"125":{"start":{"line":257,"column":14},"end":{"line":257,"column":42}},"126":{"start":{"line":258,"column":14},"end":{"line":258,"column":42}},"127":{"start":{"line":259,"column":17},"end":{"line":259,"column":25}},"128":{"start":{"line":260,"column":17},"end":{"line":260,"column":26}},"129":{"start":{"line":261,"column":4},"end":{"line":261,"column":41}},"130":{"start":{"line":262,"column":4},"end":{"line":262,"column":31}},"131":{"start":{"line":263,"column":4},"end":{"line":263,"column":41}},"132":{"start":{"line":264,"column":4},"end":{"line":264,"column":33}},"133":{"start":{"line":265,"column":4},"end":{"line":265,"column":41}},"134":{"start":{"line":266,"column":4},"end":{"line":266,"column":36}},"135":{"start":{"line":267,"column":4},"end":{"line":267,"column":35}},"136":{"start":{"line":268,"column":4},"end":{"line":268,"column":26}},"137":{"start":{"line":269,"column":4},"end":{"line":269,"column":25}},"138":{"start":{"line":270,"column":4},"end":{"line":270,"column":41}},"139":{"start":{"line":271,"column":4},"end":{"line":271,"column":36}},"140":{"start":{"line":272,"column":4},"end":{"line":272,"column":41}},"141":{"start":{"line":273,"column":4},"end":{"line":273,"column":33}},"142":{"start":{"line":274,"column":4},"end":{"line":274,"column":23}},"143":{"start":{"line":275,"column":4},"end":{"line":275,"column":23}},"144":{"start":{"line":276,"column":4},"end":{"line":276,"column":24}},"145":{"start":{"line":277,"column":14},"end":{"line":277,"column":46}},"146":{"start":{"line":278,"column":4},"end":{"line":278,"column":34}},"147":{"start":{"line":279,"column":16},"end":{"line":279,"column":21}},"148":{"start":{"line":280,"column":14},"end":{"line":280,"column":20}},"149":{"start":{"line":281,"column":4},"end":{"line":281,"column":30}},"150":{"start":{"line":282,"column":4},"end":{"line":282,"column":30}},"151":{"start":{"line":283,"column":4},"end":{"line":285,"column":6}},"152":{"start":{"line":284,"column":8},"end":{"line":284,"column":30}},"153":{"start":{"line":286,"column":4},"end":{"line":286,"column":25}},"154":{"start":{"line":288,"column":4},"end":{"line":288,"column":56}},"155":{"start":{"line":289,"column":4},"end":{"line":289,"column":56}},"156":{"start":{"line":298,"column":4},"end":{"line":298,"column":42}},"157":{"start":{"line":299,"column":4},"end":{"line":299,"column":19}},"158":{"start":{"line":300,"column":4},"end":{"line":300,"column":30}},"159":{"start":{"line":303,"column":4},"end":{"line":326,"column":40}},"160":{"start":{"line":305,"column":12},"end":{"line":324,"column":13}},"161":{"start":{"line":306,"column":16},"end":{"line":323,"column":17}},"162":{"start":{"line":307,"column":31},"end":{"line":307,"column":59}},"163":{"start":{"line":308,"column":20},"end":{"line":308,"column":58}},"164":{"start":{"line":309,"column":20},"end":{"line":309,"column":46}},"165":{"start":{"line":310,"column":20},"end":{"line":310,"column":70}},"166":{"start":{"line":311,"column":20},"end":{"line":311,"column":72}},"167":{"start":{"line":312,"column":28},"end":{"line":312,"column":55}},"168":{"start":{"line":313,"column":20},"end":{"line":313,"column":67}},"169":{"start":{"line":314,"column":20},"end":{"line":314,"column":48}},"170":{"start":{"line":315,"column":20},"end":{"line":315,"column":48}},"171":{"start":{"line":316,"column":20},"end":{"line":316,"column":47}},"172":{"start":{"line":317,"column":20},"end":{"line":317,"column":50}},"173":{"start":{"line":318,"column":20},"end":{"line":318,"column":45}},"174":{"start":{"line":319,"column":20},"end":{"line":319,"column":49}},"175":{"start":{"line":320,"column":20},"end":{"line":320,"column":55}},"176":{"start":{"line":322,"column":20},"end":{"line":322,"column":69}},"177":{"start":{"line":326,"column":22},"end":{"line":326,"column":38}},"178":{"start":{"line":329,"column":4},"end":{"line":329,"column":26}},"179":{"start":{"line":330,"column":4},"end":{"line":330,"column":32}},"180":{"start":{"line":338,"column":4},"end":{"line":338,"column":42}},"181":{"start":{"line":340,"column":4},"end":{"line":350,"column":40}},"182":{"start":{"line":342,"column":12},"end":{"line":348,"column":13}},"183":{"start":{"line":343,"column":16},"end":{"line":347,"column":17}},"184":{"start":{"line":344,"column":20},"end":{"line":344,"column":51}},"185":{"start":{"line":345,"column":20},"end":{"line":345,"column":66}},"186":{"start":{"line":346,"column":20},"end":{"line":346,"column":48}},"187":{"start":{"line":350,"column":22},"end":{"line":350,"column":38}}},"fnMap":{"0":{"name":"getCopyMainBlock","decl":{"start":{"line":6,"column":16},"end":{"line":6,"column":32}},"loc":{"start":{"line":6,"column":34},"end":{"line":6,"column":58}},"line":6},"1":{"name":"getMainBlockOfCatalog","decl":{"start":{"line":7,"column":16},"end":{"line":7,"column":37}},"loc":{"start":{"line":7,"column":39},"end":{"line":7,"column":82}},"line":7},"2":{"name":"getGridsCreated","decl":{"start":{"line":8,"column":16},"end":{"line":8,"column":31}},"loc":{"start":{"line":8,"column":33},"end":{"line":8,"column":54}},"line":8},"3":{"name":"setGridsCreated","decl":{"start":{"line":9,"column":16},"end":{"line":9,"column":31}},"loc":{"start":{"line":9,"column":35},"end":{"line":9,"column":54}},"line":9},"4":{"name":"setCopyMainBlock","decl":{"start":{"line":11,"column":16},"end":{"line":11,"column":32}},"loc":{"start":{"line":11,"column":36},"end":{"line":11,"column":57}},"line":11},"5":{"name":"createCatalog","decl":{"start":{"line":12,"column":16},"end":{"line":12,"column":29}},"loc":{"start":{"line":12,"column":31},"end":{"line":37,"column":1}},"line":12},"6":{"name":"(anonymous_6)","decl":{"start":{"line":23,"column":14},"end":{"line":23,"column":15}},"loc":{"start":{"line":23,"column":22},"end":{"line":32,"column":9}},"line":23},"7":{"name":"(anonymous_7)","decl":{"start":{"line":33,"column":15},"end":{"line":33,"column":16}},"loc":{"start":{"line":33,"column":22},"end":{"line":33,"column":38}},"line":33},"8":{"name":"createGrids","decl":{"start":{"line":40,"column":16},"end":{"line":40,"column":27}},"loc":{"start":{"line":40,"column":29},"end":{"line":75,"column":1}},"line":40},"9":{"name":"(anonymous_9)","decl":{"start":{"line":44,"column":14},"end":{"line":44,"column":15}},"loc":{"start":{"line":44,"column":22},"end":{"line":72,"column":9}},"line":44},"10":{"name":"(anonymous_10)","decl":{"start":{"line":73,"column":15},"end":{"line":73,"column":16}},"loc":{"start":{"line":73,"column":22},"end":{"line":73,"column":38}},"line":73},"11":{"name":"createGridsContent","decl":{"start":{"line":79,"column":16},"end":{"line":79,"column":34}},"loc":{"start":{"line":79,"column":40},"end":{"line":122,"column":1}},"line":79},"12":{"name":"(anonymous_12)","decl":{"start":{"line":83,"column":14},"end":{"line":83,"column":15}},"loc":{"start":{"line":83,"column":22},"end":{"line":119,"column":9}},"line":83},"13":{"name":"(anonymous_13)","decl":{"start":{"line":120,"column":15},"end":{"line":120,"column":16}},"loc":{"start":{"line":120,"column":22},"end":{"line":120,"column":38}},"line":120},"14":{"name":"createAllPageCatalog","decl":{"start":{"line":128,"column":16},"end":{"line":128,"column":36}},"loc":{"start":{"line":128,"column":38},"end":{"line":134,"column":1}},"line":128},"15":{"name":"createMain","decl":{"start":{"line":137,"column":16},"end":{"line":137,"column":26}},"loc":{"start":{"line":137,"column":28},"end":{"line":177,"column":1}},"line":137},"16":{"name":"addClickeventtoGridButtons","decl":{"start":{"line":181,"column":16},"end":{"line":181,"column":42}},"loc":{"start":{"line":181,"column":44},"end":{"line":194,"column":1}},"line":181},"17":{"name":"(anonymous_17)","decl":{"start":{"line":183,"column":14},"end":{"line":183,"column":15}},"loc":{"start":{"line":183,"column":22},"end":{"line":192,"column":9}},"line":183},"18":{"name":"(anonymous_18)","decl":{"start":{"line":187,"column":86},"end":{"line":187,"column":87}},"loc":{"start":{"line":187,"column":97},"end":{"line":190,"column":17}},"line":187},"19":{"name":"(anonymous_19)","decl":{"start":{"line":193,"column":15},"end":{"line":193,"column":16}},"loc":{"start":{"line":193,"column":22},"end":{"line":193,"column":38}},"line":193},"20":{"name":"addClickeventtoCatalogLi","decl":{"start":{"line":198,"column":16},"end":{"line":198,"column":40}},"loc":{"start":{"line":198,"column":42},"end":{"line":210,"column":1}},"line":198},"21":{"name":"(anonymous_21)","decl":{"start":{"line":200,"column":14},"end":{"line":200,"column":15}},"loc":{"start":{"line":200,"column":22},"end":{"line":208,"column":9}},"line":200},"22":{"name":"(anonymous_22)","decl":{"start":{"line":203,"column":100},"end":{"line":203,"column":101}},"loc":{"start":{"line":203,"column":111},"end":{"line":206,"column":17}},"line":203},"23":{"name":"(anonymous_23)","decl":{"start":{"line":209,"column":15},"end":{"line":209,"column":16}},"loc":{"start":{"line":209,"column":22},"end":{"line":209,"column":38}},"line":209},"24":{"name":"contentofElement","decl":{"start":{"line":213,"column":16},"end":{"line":213,"column":32}},"loc":{"start":{"line":213,"column":36},"end":{"line":225,"column":1}},"line":213},"25":{"name":"(anonymous_25)","decl":{"start":{"line":215,"column":14},"end":{"line":215,"column":15}},"loc":{"start":{"line":215,"column":22},"end":{"line":223,"column":9}},"line":215},"26":{"name":"(anonymous_26)","decl":{"start":{"line":224,"column":15},"end":{"line":224,"column":16}},"loc":{"start":{"line":224,"column":22},"end":{"line":224,"column":38}},"line":224},"27":{"name":"createInfobox","decl":{"start":{"line":228,"column":16},"end":{"line":228,"column":29}},"loc":{"start":{"line":228,"column":33},"end":{"line":290,"column":1}},"line":228},"28":{"name":"(anonymous_28)","decl":{"start":{"line":283,"column":34},"end":{"line":283,"column":35}},"loc":{"start":{"line":283,"column":45},"end":{"line":285,"column":5}},"line":283},"29":{"name":"contentofBlock","decl":{"start":{"line":297,"column":16},"end":{"line":297,"column":30}},"loc":{"start":{"line":297,"column":34},"end":{"line":331,"column":1}},"line":297},"30":{"name":"(anonymous_30)","decl":{"start":{"line":304,"column":14},"end":{"line":304,"column":15}},"loc":{"start":{"line":304,"column":22},"end":{"line":325,"column":13}},"line":304},"31":{"name":"(anonymous_31)","decl":{"start":{"line":326,"column":15},"end":{"line":326,"column":16}},"loc":{"start":{"line":326,"column":22},"end":{"line":326,"column":38}},"line":326},"32":{"name":"infoBox","decl":{"start":{"line":337,"column":16},"end":{"line":337,"column":23}},"loc":{"start":{"line":337,"column":27},"end":{"line":351,"column":1}},"line":337},"33":{"name":"(anonymous_33)","decl":{"start":{"line":341,"column":14},"end":{"line":341,"column":15}},"loc":{"start":{"line":341,"column":22},"end":{"line":349,"column":9}},"line":341},"34":{"name":"(anonymous_34)","decl":{"start":{"line":350,"column":15},"end":{"line":350,"column":16}},"loc":{"start":{"line":350,"column":22},"end":{"line":350,"column":38}},"line":350}},"branchMap":{"0":{"loc":{"start":{"line":87,"column":16},"end":{"line":109,"column":17}},"type":"if","locations":[{"start":{"line":87,"column":16},"end":{"line":109,"column":17}},{"start":{"line":87,"column":16},"end":{"line":109,"column":17}}],"line":87},"1":{"loc":{"start":{"line":112,"column":16},"end":{"line":117,"column":17}},"type":"if","locations":[{"start":{"line":112,"column":16},"end":{"line":117,"column":17}},{"start":{"line":112,"column":16},"end":{"line":117,"column":17}}],"line":112},"2":{"loc":{"start":{"line":129,"column":4},"end":{"line":133,"column":5}},"type":"if","locations":[{"start":{"line":129,"column":4},"end":{"line":133,"column":5}},{"start":{"line":129,"column":4},"end":{"line":133,"column":5}}],"line":129},"3":{"loc":{"start":{"line":186,"column":16},"end":{"line":190,"column":18}},"type":"if","locations":[{"start":{"line":186,"column":16},"end":{"line":190,"column":18}},{"start":{"line":186,"column":16},"end":{"line":190,"column":18}}],"line":186},"4":{"loc":{"start":{"line":202,"column":16},"end":{"line":206,"column":18}},"type":"if","locations":[{"start":{"line":202,"column":16},"end":{"line":206,"column":18}},{"start":{"line":202,"column":16},"end":{"line":206,"column":18}}],"line":202},"5":{"loc":{"start":{"line":217,"column":12},"end":{"line":221,"column":13}},"type":"if","locations":[{"start":{"line":217,"column":12},"end":{"line":221,"column":13}},{"start":{"line":217,"column":12},"end":{"line":221,"column":13}}],"line":217},"6":{"loc":{"start":{"line":306,"column":16},"end":{"line":323,"column":17}},"type":"if","locations":[{"start":{"line":306,"column":16},"end":{"line":323,"column":17}},{"start":{"line":306,"column":16},"end":{"line":323,"column":17}}],"line":306},"7":{"loc":{"start":{"line":343,"column":16},"end":{"line":347,"column":17}},"type":"if","locations":[{"start":{"line":343,"column":16},"end":{"line":347,"column":17}},{"start":{"line":343,"column":16},"end":{"line":347,"column":17}}],"line":343}},"s":{"0":1,"1":0,"2":0,"3":0,"4":0,"5":0,"6":0,"7":0,"8":0,"9":0,"10":0,"11":0,"12":0,"13":0,"14":0,"15":0,"16":0,"17":0,"18":0,"19":0,"20":0,"21":0,"22":0,"23":0,"24":0,"25":0,"26":0,"27":0,"28":0,"29":0,"30":0,"31":0,"32":0,"33":0,"34":0,"35":0,"36":0,"37":0,"38":0,"39":0,"40":0,"41":0,"42":0,"43":0,"44":0,"45":0,"46":0,"47":0,"48":0,"49":0,"50":0,"51":0,"52":0,"53":0,"54":0,"55":0,"56":0,"57":0,"58":0,"59":0,"60":0,"61":0,"62":0,"63":0,"64":0,"65":0,"66":0,"67":0,"68":0,"69":0,"70":0,"71":0,"72":0,"73":0,"74":0,"75":0,"76":0,"77":0,"78":0,"79":0,"80":0,"81":0,"82":0,"83":0,"84":0,"85":0,"86":0,"87":0,"88":0,"89":0,"90":0,"91":0,"92":0,"93":0,"94":0,"95":0,"96":0,"97":0,"98":1,"99":1,"100":1,"101":1,"102":1,"103":1,"104":1,"105":1,"106":1,"107":1,"108":1,"109":1,"110":1,"111":1,"112":1,"113":1,"114":1,"115":1,"116":1,"117":1,"118":1,"119":1,"120":1,"121":1,"122":1,"123":1,"124":1,"125":1,"126":1,"127":1,"128":1,"129":1,"130":1,"131":1,"132":1,"133":1,"134":1,"135":1,"136":1,"137":1,"138":1,"139":1,"140":1,"141":1,"142":1,"143":1,"144":1,"145":1,"146":1,"147":1,"148":1,"149":1,"150":1,"151":1,"152":0,"153":1,"154":1,"155":1,"156":0,"157":0,"158":0,"159":0,"160":0,"161":0,"162":0,"163":0,"164":0,"165":0,"166":0,"167":0,"168":0,"169":0,"170":0,"171":0,"172":0,"173":0,"174":0,"175":0,"176":0,"177":0,"178":0,"179":0,"180":0,"181":0,"182":0,"183":0,"184":0,"185":0,"186":0,"187":0},"f":{"0":0,"1":0,"2":0,"3":0,"4":0,"5":0,"6":0,"7":0,"8":0,"9":0,"10":0,"11":0,"12":0,"13":0,"14":0,"15":0,"16":0,"17":0,"18":0,"19":0,"20":0,"21":0,"22":0,"23":0,"24":0,"25":0,"26":0,"27":1,"28":0,"29":0,"30":0,"31":0,"32":0,"33":0,"34":0},"b":{"0":[0,0],"1":[0,0],"2":[0,0],"3":[0,0],"4":[0,0],"5":[0,0],"6":[0,0],"7":[0,0]},"_coverageSchema":"1a1c01bbd47fc00a2c39e90264f33305004495a9","hash":"d0335a82e29546ed82933cf3ed9e312c728680ac"}
,"C:\\Users\\User\\WebstormProjects\\testForSite\\tests\\js\\createOrder.js": {"path":"C:\\Users\\User\\WebstormProjects\\testForSite\\tests\\js\\createOrder.js","statementMap":{"0":{"start":{"line":4,"column":26},"end":{"line":4,"column":31}},"1":{"start":{"line":8,"column":0},"end":{"line":11,"column":2}},"2":{"start":{"line":9,"column":0},"end":{"line":11,"column":2}},"3":{"start":{"line":10,"column":4},"end":{"line":10,"column":33}},"4":{"start":{"line":18,"column":14},"end":{"line":18,"column":43}},"5":{"start":{"line":19,"column":4},"end":{"line":19,"column":39}},"6":{"start":{"line":20,"column":13},"end":{"line":20,"column":41}},"7":{"start":{"line":21,"column":4},"end":{"line":21,"column":23}},"8":{"start":{"line":22,"column":4},"end":{"line":22,"column":34}},"9":{"start":{"line":23,"column":4},"end":{"line":23,"column":26}},"10":{"start":{"line":24,"column":15},"end":{"line":24,"column":44}},"11":{"start":{"line":25,"column":4},"end":{"line":25,"column":32}},"12":{"start":{"line":26,"column":4},"end":{"line":26,"column":25}},"13":{"start":{"line":27,"column":15},"end":{"line":27,"column":44}},"14":{"start":{"line":28,"column":4},"end":{"line":28,"column":30}},"15":{"start":{"line":29,"column":4},"end":{"line":29,"column":26}},"16":{"start":{"line":30,"column":12},"end":{"line":30,"column":39}},"17":{"start":{"line":31,"column":4},"end":{"line":31,"column":24}},"18":{"start":{"line":32,"column":4},"end":{"line":32,"column":18}},"19":{"start":{"line":33,"column":4},"end":{"line":33,"column":23}},"20":{"start":{"line":36,"column":17},"end":{"line":36,"column":48}},"21":{"start":{"line":37,"column":4},"end":{"line":37,"column":24}},"22":{"start":{"line":38,"column":4},"end":{"line":38,"column":22}},"23":{"start":{"line":39,"column":4},"end":{"line":39,"column":39}},"24":{"start":{"line":40,"column":4},"end":{"line":40,"column":28}},"25":{"start":{"line":41,"column":15},"end":{"line":41,"column":44}},"26":{"start":{"line":42,"column":4},"end":{"line":42,"column":30}},"27":{"start":{"line":43,"column":4},"end":{"line":43,"column":26}},"28":{"start":{"line":44,"column":13},"end":{"line":44,"column":40}},"29":{"start":{"line":45,"column":4},"end":{"line":45,"column":28}},"30":{"start":{"line":46,"column":4},"end":{"line":46,"column":22}},"31":{"start":{"line":47,"column":4},"end":{"line":47,"column":24}},"32":{"start":{"line":49,"column":16},"end":{"line":49,"column":47}},"33":{"start":{"line":50,"column":4},"end":{"line":50,"column":23}},"34":{"start":{"line":51,"column":4},"end":{"line":51,"column":27}},"35":{"start":{"line":52,"column":4},"end":{"line":52,"column":38}},"36":{"start":{"line":53,"column":4},"end":{"line":53,"column":24}},"37":{"start":{"line":55,"column":15},"end":{"line":55,"column":44}},"38":{"start":{"line":56,"column":4},"end":{"line":56,"column":30}},"39":{"start":{"line":57,"column":4},"end":{"line":57,"column":26}},"40":{"start":{"line":58,"column":13},"end":{"line":58,"column":40}},"41":{"start":{"line":59,"column":4},"end":{"line":59,"column":30}},"42":{"start":{"line":60,"column":4},"end":{"line":60,"column":20}},"43":{"start":{"line":61,"column":4},"end":{"line":61,"column":24}},"44":{"start":{"line":64,"column":17},"end":{"line":64,"column":48}},"45":{"start":{"line":65,"column":4},"end":{"line":65,"column":24}},"46":{"start":{"line":66,"column":4},"end":{"line":66,"column":35}},"47":{"start":{"line":67,"column":4},"end":{"line":67,"column":23}},"48":{"start":{"line":69,"column":4},"end":{"line":69,"column":28}},"49":{"start":{"line":70,"column":15},"end":{"line":70,"column":44}},"50":{"start":{"line":71,"column":4},"end":{"line":71,"column":30}},"51":{"start":{"line":72,"column":4},"end":{"line":72,"column":26}},"52":{"start":{"line":73,"column":13},"end":{"line":73,"column":40}},"53":{"start":{"line":74,"column":4},"end":{"line":74,"column":26}},"54":{"start":{"line":75,"column":4},"end":{"line":75,"column":19}},"55":{"start":{"line":76,"column":4},"end":{"line":76,"column":24}},"56":{"start":{"line":79,"column":17},"end":{"line":79,"column":48}},"57":{"start":{"line":80,"column":4},"end":{"line":80,"column":24}},"58":{"start":{"line":81,"column":4},"end":{"line":81,"column":22}},"59":{"start":{"line":82,"column":4},"end":{"line":82,"column":28}},"60":{"start":{"line":83,"column":4},"end":{"line":83,"column":53}},"61":{"start":{"line":84,"column":4},"end":{"line":84,"column":55}},"62":{"start":{"line":87,"column":15},"end":{"line":87,"column":44}},"63":{"start":{"line":88,"column":4},"end":{"line":88,"column":26}},"64":{"start":{"line":89,"column":4},"end":{"line":89,"column":30}},"65":{"start":{"line":90,"column":13},"end":{"line":90,"column":40}},"66":{"start":{"line":91,"column":4},"end":{"line":91,"column":28}},"67":{"start":{"line":92,"column":4},"end":{"line":92,"column":24}},"68":{"start":{"line":93,"column":17},"end":{"line":93,"column":48}},"69":{"start":{"line":94,"column":4},"end":{"line":94,"column":24}},"70":{"start":{"line":95,"column":4},"end":{"line":95,"column":28}},"71":{"start":{"line":96,"column":4},"end":{"line":96,"column":25}},"72":{"start":{"line":98,"column":15},"end":{"line":98,"column":44}},"73":{"start":{"line":99,"column":4},"end":{"line":99,"column":26}},"74":{"start":{"line":100,"column":4},"end":{"line":100,"column":30}},"75":{"start":{"line":101,"column":13},"end":{"line":101,"column":40}},"76":{"start":{"line":102,"column":4},"end":{"line":102,"column":35}},"77":{"start":{"line":103,"column":4},"end":{"line":103,"column":24}},"78":{"start":{"line":104,"column":17},"end":{"line":104,"column":48}},"79":{"start":{"line":105,"column":4},"end":{"line":105,"column":24}},"80":{"start":{"line":106,"column":4},"end":{"line":106,"column":28}},"81":{"start":{"line":107,"column":4},"end":{"line":107,"column":30}},"82":{"start":{"line":109,"column":15},"end":{"line":109,"column":44}},"83":{"start":{"line":110,"column":4},"end":{"line":110,"column":56}},"84":{"start":{"line":111,"column":19},"end":{"line":111,"column":47}},"85":{"start":{"line":112,"column":4},"end":{"line":112,"column":31}},"86":{"start":{"line":113,"column":4},"end":{"line":113,"column":34}},"87":{"start":{"line":114,"column":4},"end":{"line":114,"column":46}},"88":{"start":{"line":115,"column":4},"end":{"line":115,"column":30}},"89":{"start":{"line":116,"column":4},"end":{"line":116,"column":31}},"90":{"start":{"line":118,"column":4},"end":{"line":184,"column":5}},"91":{"start":{"line":119,"column":8},"end":{"line":119,"column":17}},"92":{"start":{"line":120,"column":18},"end":{"line":120,"column":50}},"93":{"start":{"line":121,"column":8},"end":{"line":121,"column":24}},"94":{"start":{"line":122,"column":8},"end":{"line":122,"column":32}},"95":{"start":{"line":123,"column":8},"end":{"line":123,"column":33}},"96":{"start":{"line":124,"column":8},"end":{"line":124,"column":32}},"97":{"start":{"line":125,"column":8},"end":{"line":125,"column":33}},"98":{"start":{"line":126,"column":8},"end":{"line":126,"column":31}},"99":{"start":{"line":127,"column":8},"end":{"line":127,"column":38}},"100":{"start":{"line":128,"column":8},"end":{"line":128,"column":59}},"101":{"start":{"line":132,"column":8},"end":{"line":176,"column":10}},"102":{"start":{"line":133,"column":12},"end":{"line":133,"column":40}},"103":{"start":{"line":134,"column":12},"end":{"line":134,"column":40}},"104":{"start":{"line":135,"column":12},"end":{"line":135,"column":39}},"105":{"start":{"line":136,"column":12},"end":{"line":136,"column":40}},"106":{"start":{"line":137,"column":12},"end":{"line":140,"column":13}},"107":{"start":{"line":138,"column":16},"end":{"line":138,"column":51}},"108":{"start":{"line":139,"column":16},"end":{"line":139,"column":89}},"109":{"start":{"line":140,"column":13},"end":{"line":143,"column":13}},"110":{"start":{"line":141,"column":16},"end":{"line":141,"column":51}},"111":{"start":{"line":142,"column":16},"end":{"line":142,"column":100}},"112":{"start":{"line":143,"column":13},"end":{"line":146,"column":13}},"113":{"start":{"line":144,"column":16},"end":{"line":144,"column":51}},"114":{"start":{"line":145,"column":16},"end":{"line":145,"column":106}},"115":{"start":{"line":146,"column":13},"end":{"line":149,"column":13}},"116":{"start":{"line":147,"column":16},"end":{"line":147,"column":50}},"117":{"start":{"line":148,"column":16},"end":{"line":148,"column":91}},"118":{"start":{"line":149,"column":13},"end":{"line":174,"column":13}},"119":{"start":{"line":150,"column":29},"end":{"line":158,"column":17}},"120":{"start":{"line":159,"column":16},"end":{"line":159,"column":33}},"121":{"start":{"line":160,"column":16},"end":{"line":164,"column":50}},"122":{"start":{"line":162,"column":24},"end":{"line":162,"column":42}},"123":{"start":{"line":164,"column":33},"end":{"line":164,"column":49}},"124":{"start":{"line":167,"column":16},"end":{"line":167,"column":35}},"125":{"start":{"line":168,"column":16},"end":{"line":173,"column":17}},"126":{"start":{"line":169,"column":20},"end":{"line":169,"column":66}},"127":{"start":{"line":171,"column":20},"end":{"line":171,"column":33}},"128":{"start":{"line":172,"column":20},"end":{"line":172,"column":66}},"129":{"start":{"line":179,"column":22},"end":{"line":179,"column":50}},"130":{"start":{"line":180,"column":8},"end":{"line":180,"column":70}},"131":{"start":{"line":181,"column":8},"end":{"line":181,"column":37}},"132":{"start":{"line":182,"column":8},"end":{"line":182,"column":49}},"133":{"start":{"line":183,"column":8},"end":{"line":183,"column":33}},"134":{"start":{"line":191,"column":14},"end":{"line":191,"column":46}},"135":{"start":{"line":193,"column":8},"end":{"line":193,"column":58}},"136":{"start":{"line":194,"column":20},"end":{"line":194,"column":70}},"137":{"start":{"line":195,"column":8},"end":{"line":197,"column":9}},"138":{"start":{"line":196,"column":12},"end":{"line":196,"column":54}},"139":{"start":{"line":198,"column":8},"end":{"line":200,"column":9}},"140":{"start":{"line":199,"column":12},"end":{"line":199,"column":36}},"141":{"start":{"line":204,"column":23},"end":{"line":204,"column":52}},"142":{"start":{"line":205,"column":8},"end":{"line":205,"column":49}},"143":{"start":{"line":206,"column":4},"end":{"line":206,"column":43}},"144":{"start":{"line":207,"column":18},"end":{"line":207,"column":47}},"145":{"start":{"line":208,"column":8},"end":{"line":208,"column":27}},"146":{"start":{"line":209,"column":8},"end":{"line":209,"column":33}},"147":{"start":{"line":210,"column":8},"end":{"line":210,"column":33}},"148":{"start":{"line":211,"column":16},"end":{"line":211,"column":43}},"149":{"start":{"line":212,"column":8},"end":{"line":212,"column":37}},"150":{"start":{"line":213,"column":8},"end":{"line":213,"column":36}},"151":{"start":{"line":214,"column":20},"end":{"line":214,"column":51}},"152":{"start":{"line":215,"column":8},"end":{"line":215,"column":28}},"153":{"start":{"line":216,"column":8},"end":{"line":216,"column":39}},"154":{"start":{"line":217,"column":19},"end":{"line":217,"column":46}},"155":{"start":{"line":218,"column":8},"end":{"line":218,"column":41}},"156":{"start":{"line":219,"column":8},"end":{"line":219,"column":45}},"157":{"start":{"line":220,"column":18},"end":{"line":220,"column":50}},"158":{"start":{"line":221,"column":8},"end":{"line":221,"column":40}},"159":{"start":{"line":222,"column":20},"end":{"line":222,"column":26}},"160":{"start":{"line":223,"column":21},"end":{"line":223,"column":26}},"161":{"start":{"line":224,"column":8},"end":{"line":224,"column":37}},"162":{"start":{"line":225,"column":8},"end":{"line":228,"column":10}},"163":{"start":{"line":226,"column":12},"end":{"line":226,"column":31}},"164":{"start":{"line":227,"column":12},"end":{"line":227,"column":25}},"165":{"start":{"line":229,"column":8},"end":{"line":229,"column":33}},"166":{"start":{"line":230,"column":8},"end":{"line":230,"column":33}},"167":{"start":{"line":231,"column":8},"end":{"line":231,"column":31}},"168":{"start":{"line":232,"column":8},"end":{"line":232,"column":35}},"169":{"start":{"line":233,"column":8},"end":{"line":233,"column":34}},"170":{"start":{"line":234,"column":8},"end":{"line":234,"column":33}},"171":{"start":{"line":235,"column":8},"end":{"line":235,"column":64}},"172":{"start":{"line":241,"column":13},"end":{"line":241,"column":27}},"173":{"start":{"line":242,"column":4},"end":{"line":242,"column":26}},"174":{"start":{"line":251,"column":14},"end":{"line":251,"column":43}},"175":{"start":{"line":252,"column":4},"end":{"line":252,"column":39}},"176":{"start":{"line":253,"column":13},"end":{"line":253,"column":41}},"177":{"start":{"line":254,"column":4},"end":{"line":254,"column":23}},"178":{"start":{"line":255,"column":4},"end":{"line":255,"column":48}},"179":{"start":{"line":256,"column":4},"end":{"line":256,"column":38}},"180":{"start":{"line":257,"column":15},"end":{"line":257,"column":44}},"181":{"start":{"line":258,"column":4},"end":{"line":258,"column":32}},"182":{"start":{"line":259,"column":4},"end":{"line":259,"column":25}},"183":{"start":{"line":260,"column":15},"end":{"line":260,"column":44}},"184":{"start":{"line":261,"column":4},"end":{"line":261,"column":30}},"185":{"start":{"line":262,"column":4},"end":{"line":262,"column":26}},"186":{"start":{"line":263,"column":12},"end":{"line":263,"column":39}},"187":{"start":{"line":264,"column":4},"end":{"line":264,"column":66}},"188":{"start":{"line":265,"column":4},"end":{"line":265,"column":23}},"189":{"start":{"line":266,"column":15},"end":{"line":266,"column":44}},"190":{"start":{"line":267,"column":4},"end":{"line":267,"column":30}},"191":{"start":{"line":268,"column":4},"end":{"line":268,"column":26}},"192":{"start":{"line":269,"column":13},"end":{"line":269,"column":40}},"193":{"start":{"line":270,"column":4},"end":{"line":270,"column":73}},"194":{"start":{"line":271,"column":4},"end":{"line":271,"column":24}},"195":{"start":{"line":273,"column":15},"end":{"line":273,"column":44}},"196":{"start":{"line":274,"column":4},"end":{"line":274,"column":30}},"197":{"start":{"line":275,"column":4},"end":{"line":275,"column":26}},"198":{"start":{"line":276,"column":13},"end":{"line":276,"column":40}},"199":{"start":{"line":277,"column":4},"end":{"line":277,"column":69}},"200":{"start":{"line":278,"column":4},"end":{"line":278,"column":24}},"201":{"start":{"line":280,"column":15},"end":{"line":280,"column":44}},"202":{"start":{"line":281,"column":4},"end":{"line":281,"column":30}},"203":{"start":{"line":282,"column":4},"end":{"line":282,"column":26}},"204":{"start":{"line":283,"column":13},"end":{"line":283,"column":40}},"205":{"start":{"line":284,"column":4},"end":{"line":284,"column":67}},"206":{"start":{"line":285,"column":4},"end":{"line":285,"column":24}},"207":{"start":{"line":288,"column":4},"end":{"line":295,"column":5}},"208":{"start":{"line":289,"column":19},"end":{"line":289,"column":48}},"209":{"start":{"line":290,"column":8},"end":{"line":290,"column":34}},"210":{"start":{"line":291,"column":8},"end":{"line":291,"column":30}},"211":{"start":{"line":292,"column":17},"end":{"line":292,"column":44}},"212":{"start":{"line":293,"column":8},"end":{"line":293,"column":77}},"213":{"start":{"line":294,"column":8},"end":{"line":294,"column":28}},"214":{"start":{"line":296,"column":4},"end":{"line":303,"column":5}},"215":{"start":{"line":297,"column":19},"end":{"line":297,"column":48}},"216":{"start":{"line":298,"column":8},"end":{"line":298,"column":34}},"217":{"start":{"line":299,"column":8},"end":{"line":299,"column":30}},"218":{"start":{"line":300,"column":17},"end":{"line":300,"column":44}},"219":{"start":{"line":301,"column":8},"end":{"line":301,"column":89}},"220":{"start":{"line":302,"column":8},"end":{"line":302,"column":28}},"221":{"start":{"line":304,"column":4},"end":{"line":304,"column":14}},"222":{"start":{"line":309,"column":4},"end":{"line":309,"column":53}},"223":{"start":{"line":310,"column":4},"end":{"line":310,"column":58}}},"fnMap":{"0":{"name":"(anonymous_0)","decl":{"start":{"line":9,"column":64},"end":{"line":9,"column":65}},"loc":{"start":{"line":9,"column":75},"end":{"line":11,"column":1}},"line":9},"1":{"name":"createOrder","decl":{"start":{"line":14,"column":16},"end":{"line":14,"column":27}},"loc":{"start":{"line":14,"column":30},"end":{"line":187,"column":1}},"line":14},"2":{"name":"(anonymous_2)","decl":{"start":{"line":132,"column":67},"end":{"line":132,"column":68}},"loc":{"start":{"line":132,"column":78},"end":{"line":176,"column":9}},"line":132},"3":{"name":"(anonymous_3)","decl":{"start":{"line":161,"column":26},"end":{"line":161,"column":27}},"loc":{"start":{"line":161,"column":34},"end":{"line":163,"column":21}},"line":161},"4":{"name":"(anonymous_4)","decl":{"start":{"line":164,"column":27},"end":{"line":164,"column":28}},"loc":{"start":{"line":164,"column":33},"end":{"line":164,"column":49}},"line":164},"5":{"name":"creator","decl":{"start":{"line":190,"column":16},"end":{"line":190,"column":23}},"loc":{"start":{"line":190,"column":26},"end":{"line":201,"column":1}},"line":190},"6":{"name":"catalogCreator","decl":{"start":{"line":203,"column":16},"end":{"line":203,"column":30}},"loc":{"start":{"line":203,"column":34},"end":{"line":236,"column":1}},"line":203},"7":{"name":"(anonymous_7)","decl":{"start":{"line":225,"column":37},"end":{"line":225,"column":38}},"loc":{"start":{"line":225,"column":49},"end":{"line":228,"column":9}},"line":225},"8":{"name":"validateEmail","decl":{"start":{"line":239,"column":16},"end":{"line":239,"column":29}},"loc":{"start":{"line":240,"column":0},"end":{"line":243,"column":1}},"line":240},"9":{"name":"createVarOfOrder","decl":{"start":{"line":249,"column":16},"end":{"line":249,"column":32}},"loc":{"start":{"line":249,"column":34},"end":{"line":305,"column":1}},"line":249},"10":{"name":"checkOrderStatus","decl":{"start":{"line":308,"column":16},"end":{"line":308,"column":32}},"loc":{"start":{"line":308,"column":34},"end":{"line":311,"column":1}},"line":308}},"branchMap":{"0":{"loc":{"start":{"line":8,"column":0},"end":{"line":11,"column":2}},"type":"if","locations":[{"start":{"line":8,"column":0},"end":{"line":11,"column":2}},{"start":{"line":8,"column":0},"end":{"line":11,"column":2}}],"line":8},"1":{"loc":{"start":{"line":118,"column":4},"end":{"line":184,"column":5}},"type":"if","locations":[{"start":{"line":118,"column":4},"end":{"line":184,"column":5}},{"start":{"line":118,"column":4},"end":{"line":184,"column":5}}],"line":118},"2":{"loc":{"start":{"line":137,"column":12},"end":{"line":140,"column":13}},"type":"if","locations":[{"start":{"line":137,"column":12},"end":{"line":140,"column":13}},{"start":{"line":137,"column":12},"end":{"line":140,"column":13}}],"line":137},"3":{"loc":{"start":{"line":140,"column":13},"end":{"line":143,"column":13}},"type":"if","locations":[{"start":{"line":140,"column":13},"end":{"line":143,"column":13}},{"start":{"line":140,"column":13},"end":{"line":143,"column":13}}],"line":140},"4":{"loc":{"start":{"line":140,"column":16},"end":{"line":140,"column":112}},"type":"binary-expr","locations":[{"start":{"line":140,"column":16},"end":{"line":140,"column":64}},{"start":{"line":140,"column":68},"end":{"line":140,"column":112}}],"line":140},"5":{"loc":{"start":{"line":143,"column":13},"end":{"line":146,"column":13}},"type":"if","locations":[{"start":{"line":143,"column":13},"end":{"line":146,"column":13}},{"start":{"line":143,"column":13},"end":{"line":146,"column":13}}],"line":143},"6":{"loc":{"start":{"line":143,"column":16},"end":{"line":143,"column":118}},"type":"binary-expr","locations":[{"start":{"line":143,"column":16},"end":{"line":143,"column":67}},{"start":{"line":143,"column":71},"end":{"line":143,"column":118}}],"line":143},"7":{"loc":{"start":{"line":146,"column":13},"end":{"line":149,"column":13}},"type":"if","locations":[{"start":{"line":146,"column":13},"end":{"line":149,"column":13}},{"start":{"line":146,"column":13},"end":{"line":149,"column":13}}],"line":146},"8":{"loc":{"start":{"line":146,"column":16},"end":{"line":146,"column":114}},"type":"binary-expr","locations":[{"start":{"line":146,"column":16},"end":{"line":146,"column":65}},{"start":{"line":146,"column":69},"end":{"line":146,"column":114}}],"line":146},"9":{"loc":{"start":{"line":149,"column":13},"end":{"line":174,"column":13}},"type":"if","locations":[{"start":{"line":149,"column":13},"end":{"line":174,"column":13}},{"start":{"line":149,"column":13},"end":{"line":174,"column":13}}],"line":149},"10":{"loc":{"start":{"line":149,"column":16},"end":{"line":149,"column":226}},"type":"binary-expr","locations":[{"start":{"line":149,"column":16},"end":{"line":149,"column":68}},{"start":{"line":149,"column":72},"end":{"line":149,"column":119}},{"start":{"line":149,"column":123},"end":{"line":149,"column":173}},{"start":{"line":149,"column":178},"end":{"line":149,"column":226}}],"line":149},"11":{"loc":{"start":{"line":168,"column":16},"end":{"line":173,"column":17}},"type":"if","locations":[{"start":{"line":168,"column":16},"end":{"line":173,"column":17}},{"start":{"line":168,"column":16},"end":{"line":173,"column":17}}],"line":168},"12":{"loc":{"start":{"line":288,"column":4},"end":{"line":295,"column":5}},"type":"if","locations":[{"start":{"line":288,"column":4},"end":{"line":295,"column":5}},{"start":{"line":288,"column":4},"end":{"line":295,"column":5}}],"line":288},"13":{"loc":{"start":{"line":296,"column":4},"end":{"line":303,"column":5}},"type":"if","locations":[{"start":{"line":296,"column":4},"end":{"line":303,"column":5}},{"start":{"line":296,"column":4},"end":{"line":303,"column":5}}],"line":296}},"s":{"0":1,"1":1,"2":0,"3":0,"4":0,"5":0,"6":0,"7":0,"8":0,"9":0,"10":0,"11":0,"12":0,"13":0,"14":0,"15":0,"16":0,"17":0,"18":0,"19":0,"20":0,"21":0,"22":0,"23":0,"24":0,"25":0,"26":0,"27":0,"28":0,"29":0,"30":0,"31":0,"32":0,"33":0,"34":0,"35":0,"36":0,"37":0,"38":0,"39":0,"40":0,"41":0,"42":0,"43":0,"44":0,"45":0,"46":0,"47":0,"48":0,"49":0,"50":0,"51":0,"52":0,"53":0,"54":0,"55":0,"56":0,"57":0,"58":0,"59":0,"60":0,"61":0,"62":0,"63":0,"64":0,"65":0,"66":0,"67":0,"68":0,"69":0,"70":0,"71":0,"72":0,"73":0,"74":0,"75":0,"76":0,"77":0,"78":0,"79":0,"80":0,"81":0,"82":0,"83":0,"84":0,"85":0,"86":0,"87":0,"88":0,"89":0,"90":0,"91":0,"92":0,"93":0,"94":0,"95":0,"96":0,"97":0,"98":0,"99":0,"100":0,"101":0,"102":0,"103":0,"104":0,"105":0,"106":0,"107":0,"108":0,"109":0,"110":0,"111":0,"112":0,"113":0,"114":0,"115":0,"116":0,"117":0,"118":0,"119":0,"120":0,"121":0,"122":0,"123":0,"124":0,"125":0,"126":0,"127":0,"128":0,"129":0,"130":0,"131":0,"132":0,"133":0,"134":0,"135":0,"136":0,"137":0,"138":0,"139":0,"140":0,"141":1,"142":1,"143":1,"144":1,"145":1,"146":1,"147":1,"148":1,"149":1,"150":1,"151":1,"152":1,"153":1,"154":1,"155":1,"156":1,"157":1,"158":1,"159":1,"160":1,"161":1,"162":1,"163":0,"164":0,"165":1,"166":1,"167":1,"168":1,"169":1,"170":1,"171":1,"172":1,"173":1,"174":0,"175":0,"176":0,"177":0,"178":0,"179":0,"180":0,"181":0,"182":0,"183":0,"184":0,"185":0,"186":0,"187":0,"188":0,"189":0,"190":0,"191":0,"192":0,"193":0,"194":0,"195":0,"196":0,"197":0,"198":0,"199":0,"200":0,"201":0,"202":0,"203":0,"204":0,"205":0,"206":0,"207":0,"208":0,"209":0,"210":0,"211":0,"212":0,"213":0,"214":0,"215":0,"216":0,"217":0,"218":0,"219":0,"220":0,"221":0,"222":0,"223":0},"f":{"0":0,"1":0,"2":0,"3":0,"4":0,"5":0,"6":1,"7":0,"8":1,"9":0,"10":0},"b":{"0":[0,1],"1":[0,0],"2":[0,0],"3":[0,0],"4":[0,0],"5":[0,0],"6":[0,0],"7":[0,0],"8":[0,0],"9":[0,0],"10":[0,0,0,0],"11":[0,0],"12":[0,0],"13":[0,0]},"_coverageSchema":"1a1c01bbd47fc00a2c39e90264f33305004495a9","hash":"0acc0321f8474e5d55104e2025ed36c963ade6b3"}
,"C:\\Users\\User\\WebstormProjects\\testForSite\\tests\\js\\parsejson.js": {"path":"C:\\Users\\User\\WebstormProjects\\testForSite\\tests\\js\\parsejson.js","statementMap":{"0":{"start":{"line":4,"column":4},"end":{"line":4,"column":83}},"1":{"start":{"line":9,"column":4},"end":{"line":9,"column":18}},"2":{"start":{"line":11,"column":4},"end":{"line":24,"column":6}},"3":{"start":{"line":12,"column":8},"end":{"line":15,"column":9}},"4":{"start":{"line":13,"column":16},"end":{"line":13,"column":29}},"5":{"start":{"line":14,"column":12},"end":{"line":14,"column":35}},"6":{"start":{"line":17,"column":8},"end":{"line":23,"column":10}},"7":{"start":{"line":18,"column":12},"end":{"line":18,"column":26}},"8":{"start":{"line":19,"column":22},"end":{"line":19,"column":54}},"9":{"start":{"line":20,"column":12},"end":{"line":20,"column":26}},"10":{"start":{"line":21,"column":12},"end":{"line":21,"column":19}},"11":{"start":{"line":32,"column":4},"end":{"line":47,"column":6}},"12":{"start":{"line":36,"column":8},"end":{"line":38,"column":9}},"13":{"start":{"line":37,"column":12},"end":{"line":37,"column":34}},"14":{"start":{"line":40,"column":8},"end":{"line":46,"column":10}},"15":{"start":{"line":41,"column":22},"end":{"line":41,"column":54}},"16":{"start":{"line":42,"column":12},"end":{"line":42,"column":26}},"17":{"start":{"line":43,"column":12},"end":{"line":43,"column":19}},"18":{"start":{"line":45,"column":12},"end":{"line":45,"column":29}}},"fnMap":{"0":{"name":"getURL","decl":{"start":{"line":3,"column":16},"end":{"line":3,"column":22}},"loc":{"start":{"line":3,"column":25},"end":{"line":5,"column":1}},"line":3},"1":{"name":"sendRequest","decl":{"start":{"line":7,"column":16},"end":{"line":7,"column":27}},"loc":{"start":{"line":7,"column":41},"end":{"line":25,"column":1}},"line":7},"2":{"name":"(anonymous_2)","decl":{"start":{"line":11,"column":27},"end":{"line":11,"column":28}},"loc":{"start":{"line":11,"column":39},"end":{"line":24,"column":5}},"line":11},"3":{"name":"(anonymous_3)","decl":{"start":{"line":17,"column":36},"end":{"line":17,"column":37}},"loc":{"start":{"line":17,"column":45},"end":{"line":23,"column":9}},"line":17},"4":{"name":"sendPOST","decl":{"start":{"line":29,"column":16},"end":{"line":29,"column":24}},"loc":{"start":{"line":29,"column":48},"end":{"line":48,"column":1}},"line":29},"5":{"name":"(anonymous_5)","decl":{"start":{"line":35,"column":16},"end":{"line":35,"column":17}},"loc":{"start":{"line":35,"column":28},"end":{"line":47,"column":5}},"line":35},"6":{"name":"(anonymous_6)","decl":{"start":{"line":40,"column":36},"end":{"line":40,"column":37}},"loc":{"start":{"line":40,"column":45},"end":{"line":44,"column":9}},"line":40},"7":{"name":"(anonymous_7)","decl":{"start":{"line":44,"column":16},"end":{"line":44,"column":17}},"loc":{"start":{"line":44,"column":26},"end":{"line":46,"column":9}},"line":44}},"branchMap":{"0":{"loc":{"start":{"line":12,"column":8},"end":{"line":15,"column":9}},"type":"if","locations":[{"start":{"line":12,"column":8},"end":{"line":15,"column":9}},{"start":{"line":12,"column":8},"end":{"line":15,"column":9}}],"line":12},"1":{"loc":{"start":{"line":29,"column":36},"end":{"line":29,"column":47}},"type":"default-arg","locations":[{"start":{"line":29,"column":43},"end":{"line":29,"column":47}}],"line":29},"2":{"loc":{"start":{"line":36,"column":8},"end":{"line":38,"column":9}},"type":"if","locations":[{"start":{"line":36,"column":8},"end":{"line":38,"column":9}},{"start":{"line":36,"column":8},"end":{"line":38,"column":9}}],"line":36}},"s":{"0":1,"1":1,"2":1,"3":0,"4":0,"5":0,"6":0,"7":0,"8":0,"9":0,"10":0,"11":0,"12":0,"13":0,"14":0,"15":0,"16":0,"17":0,"18":0},"f":{"0":1,"1":1,"2":0,"3":0,"4":0,"5":0,"6":0,"7":0},"b":{"0":[0,0],"1":[0],"2":[0,0]},"_coverageSchema":"1a1c01bbd47fc00a2c39e90264f33305004495a9","hash":"089767524587beb35330b7f4121fead37592716d"}
,"C:\\Users\\User\\WebstormProjects\\testForSite\\tests\\js\\salesPageCreator.js": {"path":"C:\\Users\\User\\WebstormProjects\\testForSite\\tests\\js\\salesPageCreator.js","statementMap":{"0":{"start":{"line":4,"column":4},"end":{"line":4,"column":53}},"1":{"start":{"line":5,"column":14},"end":{"line":5,"column":43}},"2":{"start":{"line":6,"column":4},"end":{"line":6,"column":30}},"3":{"start":{"line":8,"column":4},"end":{"line":27,"column":40}},"4":{"start":{"line":10,"column":12},"end":{"line":25,"column":13}},"5":{"start":{"line":12,"column":34},"end":{"line":12,"column":63}},"6":{"start":{"line":13,"column":16},"end":{"line":13,"column":56}},"7":{"start":{"line":14,"column":16},"end":{"line":14,"column":44}},"8":{"start":{"line":15,"column":26},"end":{"line":15,"column":55}},"9":{"start":{"line":16,"column":16},"end":{"line":16,"column":46}},"10":{"start":{"line":17,"column":28},"end":{"line":17,"column":55}},"11":{"start":{"line":18,"column":16},"end":{"line":18,"column":55}},"12":{"start":{"line":19,"column":29},"end":{"line":19,"column":61}},"13":{"start":{"line":20,"column":16},"end":{"line":20,"column":44}},"14":{"start":{"line":21,"column":16},"end":{"line":21,"column":46}},"15":{"start":{"line":22,"column":16},"end":{"line":22,"column":47}},"16":{"start":{"line":23,"column":16},"end":{"line":23,"column":42}},"17":{"start":{"line":24,"column":16},"end":{"line":24,"column":46}},"18":{"start":{"line":27,"column":22},"end":{"line":27,"column":38}},"19":{"start":{"line":30,"column":4},"end":{"line":30,"column":55}},"20":{"start":{"line":31,"column":4},"end":{"line":31,"column":18}},"21":{"start":{"line":37,"column":8},"end":{"line":47,"column":44}},"22":{"start":{"line":39,"column":16},"end":{"line":45,"column":17}},"23":{"start":{"line":41,"column":20},"end":{"line":44,"column":26}},"24":{"start":{"line":42,"column":24},"end":{"line":44,"column":26}},"25":{"start":{"line":43,"column":28},"end":{"line":43,"column":68}},"26":{"start":{"line":47,"column":26},"end":{"line":47,"column":42}},"27":{"start":{"line":52,"column":4},"end":{"line":52,"column":53}},"28":{"start":{"line":53,"column":15},"end":{"line":53,"column":43}},"29":{"start":{"line":54,"column":4},"end":{"line":54,"column":29}},"30":{"start":{"line":56,"column":15},"end":{"line":56,"column":44}},"31":{"start":{"line":57,"column":4},"end":{"line":57,"column":33}},"32":{"start":{"line":58,"column":15},"end":{"line":58,"column":44}},"33":{"start":{"line":59,"column":4},"end":{"line":59,"column":37}},"34":{"start":{"line":60,"column":4},"end":{"line":60,"column":26}},"35":{"start":{"line":61,"column":15},"end":{"line":61,"column":44}},"36":{"start":{"line":62,"column":15},"end":{"line":62,"column":44}},"37":{"start":{"line":63,"column":4},"end":{"line":63,"column":37}},"38":{"start":{"line":64,"column":4},"end":{"line":64,"column":38}},"39":{"start":{"line":65,"column":4},"end":{"line":65,"column":26}},"40":{"start":{"line":66,"column":4},"end":{"line":66,"column":26}},"41":{"start":{"line":67,"column":4},"end":{"line":67,"column":34}},"42":{"start":{"line":68,"column":14},"end":{"line":68,"column":43}},"43":{"start":{"line":69,"column":4},"end":{"line":69,"column":20}},"44":{"start":{"line":70,"column":4},"end":{"line":70,"column":30}},"45":{"start":{"line":71,"column":4},"end":{"line":71,"column":33}},"46":{"start":{"line":72,"column":4},"end":{"line":72,"column":31}},"47":{"start":{"line":73,"column":4},"end":{"line":73,"column":25}},"48":{"start":{"line":74,"column":13},"end":{"line":74,"column":41}},"49":{"start":{"line":75,"column":4},"end":{"line":75,"column":44}},"50":{"start":{"line":76,"column":12},"end":{"line":76,"column":39}},"51":{"start":{"line":77,"column":4},"end":{"line":77,"column":25}},"52":{"start":{"line":78,"column":4},"end":{"line":78,"column":24}},"53":{"start":{"line":79,"column":4},"end":{"line":79,"column":23}},"54":{"start":{"line":80,"column":13},"end":{"line":80,"column":41}},"55":{"start":{"line":81,"column":14},"end":{"line":81,"column":42}},"56":{"start":{"line":82,"column":17},"end":{"line":82,"column":24}},"57":{"start":{"line":83,"column":17},"end":{"line":83,"column":25}},"58":{"start":{"line":84,"column":4},"end":{"line":84,"column":41}},"59":{"start":{"line":85,"column":4},"end":{"line":85,"column":31}},"60":{"start":{"line":86,"column":4},"end":{"line":86,"column":41}},"61":{"start":{"line":87,"column":4},"end":{"line":87,"column":33}},"62":{"start":{"line":88,"column":4},"end":{"line":88,"column":41}},"63":{"start":{"line":89,"column":4},"end":{"line":89,"column":36}},"64":{"start":{"line":90,"column":4},"end":{"line":90,"column":35}},"65":{"start":{"line":91,"column":4},"end":{"line":91,"column":23}},"66":{"start":{"line":92,"column":4},"end":{"line":92,"column":24}},"67":{"start":{"line":93,"column":14},"end":{"line":93,"column":46}},"68":{"start":{"line":94,"column":4},"end":{"line":94,"column":34}},"69":{"start":{"line":95,"column":16},"end":{"line":95,"column":21}},"70":{"start":{"line":96,"column":14},"end":{"line":96,"column":20}},"71":{"start":{"line":97,"column":4},"end":{"line":97,"column":30}},"72":{"start":{"line":98,"column":4},"end":{"line":98,"column":37}},"73":{"start":{"line":99,"column":4},"end":{"line":101,"column":6}},"74":{"start":{"line":100,"column":8},"end":{"line":100,"column":33}},"75":{"start":{"line":102,"column":4},"end":{"line":102,"column":25}},"76":{"start":{"line":104,"column":4},"end":{"line":104,"column":56}},"77":{"start":{"line":105,"column":4},"end":{"line":105,"column":56}},"78":{"start":{"line":111,"column":4},"end":{"line":120,"column":40}},"79":{"start":{"line":113,"column":12},"end":{"line":118,"column":13}},"80":{"start":{"line":114,"column":16},"end":{"line":117,"column":17}},"81":{"start":{"line":115,"column":20},"end":{"line":115,"column":48}},"82":{"start":{"line":116,"column":20},"end":{"line":116,"column":47}},"83":{"start":{"line":120,"column":22},"end":{"line":120,"column":38}}},"fnMap":{"0":{"name":"createPageOfSales","decl":{"start":{"line":3,"column":16},"end":{"line":3,"column":33}},"loc":{"start":{"line":3,"column":36},"end":{"line":32,"column":1}},"line":3},"1":{"name":"(anonymous_1)","decl":{"start":{"line":9,"column":14},"end":{"line":9,"column":15}},"loc":{"start":{"line":9,"column":22},"end":{"line":26,"column":9}},"line":9},"2":{"name":"(anonymous_2)","decl":{"start":{"line":27,"column":15},"end":{"line":27,"column":16}},"loc":{"start":{"line":27,"column":22},"end":{"line":27,"column":38}},"line":27},"3":{"name":"checkButtons","decl":{"start":{"line":36,"column":16},"end":{"line":36,"column":28}},"loc":{"start":{"line":36,"column":30},"end":{"line":48,"column":5}},"line":36},"4":{"name":"(anonymous_4)","decl":{"start":{"line":38,"column":18},"end":{"line":38,"column":19}},"loc":{"start":{"line":38,"column":26},"end":{"line":46,"column":13}},"line":38},"5":{"name":"(anonymous_5)","decl":{"start":{"line":42,"column":94},"end":{"line":42,"column":95}},"loc":{"start":{"line":42,"column":105},"end":{"line":44,"column":25}},"line":42},"6":{"name":"(anonymous_6)","decl":{"start":{"line":47,"column":19},"end":{"line":47,"column":20}},"loc":{"start":{"line":47,"column":26},"end":{"line":47,"column":42}},"line":47},"7":{"name":"createPage","decl":{"start":{"line":51,"column":16},"end":{"line":51,"column":26}},"loc":{"start":{"line":51,"column":30},"end":{"line":106,"column":1}},"line":51},"8":{"name":"(anonymous_8)","decl":{"start":{"line":99,"column":34},"end":{"line":99,"column":35}},"loc":{"start":{"line":99,"column":45},"end":{"line":101,"column":5}},"line":99},"9":{"name":"create","decl":{"start":{"line":110,"column":16},"end":{"line":110,"column":22}},"loc":{"start":{"line":110,"column":26},"end":{"line":121,"column":1}},"line":110},"10":{"name":"(anonymous_10)","decl":{"start":{"line":112,"column":14},"end":{"line":112,"column":15}},"loc":{"start":{"line":112,"column":22},"end":{"line":119,"column":9}},"line":112},"11":{"name":"(anonymous_11)","decl":{"start":{"line":120,"column":15},"end":{"line":120,"column":16}},"loc":{"start":{"line":120,"column":22},"end":{"line":120,"column":38}},"line":120}},"branchMap":{"0":{"loc":{"start":{"line":41,"column":20},"end":{"line":44,"column":26}},"type":"if","locations":[{"start":{"line":41,"column":20},"end":{"line":44,"column":26}},{"start":{"line":41,"column":20},"end":{"line":44,"column":26}}],"line":41},"1":{"loc":{"start":{"line":114,"column":16},"end":{"line":117,"column":17}},"type":"if","locations":[{"start":{"line":114,"column":16},"end":{"line":117,"column":17}},{"start":{"line":114,"column":16},"end":{"line":117,"column":17}}],"line":114}},"s":{"0":0,"1":0,"2":0,"3":0,"4":0,"5":0,"6":0,"7":0,"8":0,"9":0,"10":0,"11":0,"12":0,"13":0,"14":0,"15":0,"16":0,"17":0,"18":0,"19":0,"20":0,"21":0,"22":0,"23":0,"24":0,"25":0,"26":0,"27":1,"28":1,"29":1,"30":1,"31":1,"32":1,"33":1,"34":1,"35":1,"36":1,"37":1,"38":1,"39":1,"40":1,"41":1,"42":1,"43":1,"44":1,"45":1,"46":1,"47":1,"48":1,"49":1,"50":1,"51":1,"52":1,"53":1,"54":1,"55":1,"56":1,"57":1,"58":1,"59":1,"60":1,"61":1,"62":1,"63":1,"64":1,"65":1,"66":1,"67":1,"68":1,"69":1,"70":1,"71":1,"72":1,"73":1,"74":0,"75":1,"76":1,"77":1,"78":0,"79":0,"80":0,"81":0,"82":0,"83":0},"f":{"0":0,"1":0,"2":0,"3":0,"4":0,"5":0,"6":0,"7":1,"8":0,"9":0,"10":0,"11":0},"b":{"0":[0,0],"1":[0,0]},"_coverageSchema":"1a1c01bbd47fc00a2c39e90264f33305004495a9","hash":"aaa9220bfa745c439540a8d33bdeff601dd09650"}
,"C:\\Users\\User\\WebstormProjects\\testForSite\\tests\\js\\workWithLocalStorage.js": {"path":"C:\\Users\\User\\WebstormProjects\\testForSite\\tests\\js\\workWithLocalStorage.js","statementMap":{"0":{"start":{"line":3,"column":4},"end":{"line":33,"column":5}},"1":{"start":{"line":4,"column":8},"end":{"line":4,"column":64}},"2":{"start":{"line":5,"column":8},"end":{"line":5,"column":58}},"3":{"start":{"line":6,"column":19},"end":{"line":6,"column":21}},"4":{"start":{"line":7,"column":8},"end":{"line":7,"column":20}},"5":{"start":{"line":8,"column":8},"end":{"line":8,"column":51}},"6":{"start":{"line":9,"column":8},"end":{"line":9,"column":58}},"7":{"start":{"line":10,"column":8},"end":{"line":10,"column":22}},"8":{"start":{"line":12,"column":19},"end":{"line":12,"column":51}},"9":{"start":{"line":13,"column":24},"end":{"line":13,"column":28}},"10":{"start":{"line":14,"column":8},"end":{"line":14,"column":24}},"11":{"start":{"line":15,"column":8},"end":{"line":20,"column":9}},"12":{"start":{"line":16,"column":12},"end":{"line":19,"column":13}},"13":{"start":{"line":17,"column":16},"end":{"line":17,"column":30}},"14":{"start":{"line":18,"column":16},"end":{"line":18,"column":32}},"15":{"start":{"line":21,"column":8},"end":{"line":24,"column":9}},"16":{"start":{"line":22,"column":12},"end":{"line":22,"column":28}},"17":{"start":{"line":23,"column":12},"end":{"line":23,"column":24}},"18":{"start":{"line":25,"column":8},"end":{"line":25,"column":58}},"19":{"start":{"line":26,"column":8},"end":{"line":26,"column":22}},"20":{"start":{"line":27,"column":8},"end":{"line":30,"column":9}},"21":{"start":{"line":29,"column":12},"end":{"line":29,"column":31}},"22":{"start":{"line":31,"column":8},"end":{"line":31,"column":50}},"23":{"start":{"line":32,"column":8},"end":{"line":32,"column":19}},"24":{"start":{"line":38,"column":19},"end":{"line":38,"column":48}},"25":{"start":{"line":39,"column":4},"end":{"line":39,"column":45}},"26":{"start":{"line":40,"column":14},"end":{"line":40,"column":43}},"27":{"start":{"line":41,"column":4},"end":{"line":41,"column":23}},"28":{"start":{"line":42,"column":4},"end":{"line":42,"column":29}},"29":{"start":{"line":43,"column":4},"end":{"line":43,"column":29}},"30":{"start":{"line":44,"column":12},"end":{"line":44,"column":39}},"31":{"start":{"line":45,"column":4},"end":{"line":45,"column":33}},"32":{"start":{"line":46,"column":4},"end":{"line":46,"column":32}},"33":{"start":{"line":47,"column":16},"end":{"line":47,"column":47}},"34":{"start":{"line":48,"column":4},"end":{"line":48,"column":24}},"35":{"start":{"line":49,"column":4},"end":{"line":49,"column":35}},"36":{"start":{"line":50,"column":15},"end":{"line":50,"column":42}},"37":{"start":{"line":51,"column":4},"end":{"line":51,"column":37}},"38":{"start":{"line":52,"column":4},"end":{"line":52,"column":41}},"39":{"start":{"line":53,"column":14},"end":{"line":53,"column":46}},"40":{"start":{"line":54,"column":4},"end":{"line":54,"column":36}},"41":{"start":{"line":55,"column":16},"end":{"line":55,"column":22}},"42":{"start":{"line":56,"column":17},"end":{"line":56,"column":22}},"43":{"start":{"line":57,"column":4},"end":{"line":57,"column":33}},"44":{"start":{"line":58,"column":4},"end":{"line":60,"column":6}},"45":{"start":{"line":59,"column":8},"end":{"line":59,"column":27}},"46":{"start":{"line":61,"column":4},"end":{"line":61,"column":29}},"47":{"start":{"line":62,"column":4},"end":{"line":62,"column":29}},"48":{"start":{"line":63,"column":4},"end":{"line":63,"column":27}},"49":{"start":{"line":64,"column":4},"end":{"line":64,"column":31}},"50":{"start":{"line":65,"column":4},"end":{"line":65,"column":30}},"51":{"start":{"line":66,"column":4},"end":{"line":66,"column":29}},"52":{"start":{"line":67,"column":4},"end":{"line":67,"column":61}},"53":{"start":{"line":71,"column":4},"end":{"line":71,"column":30}},"54":{"start":{"line":72,"column":4},"end":{"line":72,"column":19}},"55":{"start":{"line":73,"column":15},"end":{"line":73,"column":47}},"56":{"start":{"line":74,"column":23},"end":{"line":74,"column":27}},"57":{"start":{"line":75,"column":4},"end":{"line":75,"column":20}},"58":{"start":{"line":76,"column":4},"end":{"line":81,"column":5}},"59":{"start":{"line":77,"column":8},"end":{"line":80,"column":9}},"60":{"start":{"line":78,"column":12},"end":{"line":78,"column":30}},"61":{"start":{"line":79,"column":12},"end":{"line":79,"column":17}},"62":{"start":{"line":82,"column":4},"end":{"line":82,"column":54}},"63":{"start":{"line":83,"column":4},"end":{"line":85,"column":5}},"64":{"start":{"line":84,"column":8},"end":{"line":84,"column":27}},"65":{"start":{"line":86,"column":4},"end":{"line":96,"column":5}},"66":{"start":{"line":87,"column":8},"end":{"line":87,"column":50}},"67":{"start":{"line":90,"column":8},"end":{"line":90,"column":39}},"68":{"start":{"line":91,"column":16},"end":{"line":91,"column":43}},"69":{"start":{"line":92,"column":8},"end":{"line":92,"column":37}},"70":{"start":{"line":93,"column":8},"end":{"line":93,"column":32}},"71":{"start":{"line":94,"column":8},"end":{"line":94,"column":37}},"72":{"start":{"line":95,"column":8},"end":{"line":95,"column":58}},"73":{"start":{"line":97,"column":4},"end":{"line":97,"column":15}},"74":{"start":{"line":100,"column":24},"end":{"line":100,"column":25}},"75":{"start":{"line":103,"column":4},"end":{"line":103,"column":19}},"76":{"start":{"line":104,"column":14},"end":{"line":104,"column":54}},"77":{"start":{"line":105,"column":4},"end":{"line":107,"column":5}},"78":{"start":{"line":106,"column":8},"end":{"line":106,"column":51}},"79":{"start":{"line":108,"column":12},"end":{"line":108,"column":21}},"80":{"start":{"line":109,"column":12},"end":{"line":109,"column":15}},"81":{"start":{"line":110,"column":13},"end":{"line":110,"column":44}},"82":{"start":{"line":111,"column":4},"end":{"line":111,"column":61}}},"fnMap":{"0":{"name":"addToLocalStorage","decl":{"start":{"line":2,"column":16},"end":{"line":2,"column":33}},"loc":{"start":{"line":2,"column":38},"end":{"line":34,"column":1}},"line":2},"1":{"name":"createDiv","decl":{"start":{"line":37,"column":16},"end":{"line":37,"column":25}},"loc":{"start":{"line":37,"column":29},"end":{"line":68,"column":1}},"line":37},"2":{"name":"(anonymous_2)","decl":{"start":{"line":58,"column":33},"end":{"line":58,"column":34}},"loc":{"start":{"line":58,"column":46},"end":{"line":60,"column":5}},"line":58},"3":{"name":"funcDelete","decl":{"start":{"line":70,"column":16},"end":{"line":70,"column":26}},"loc":{"start":{"line":70,"column":30},"end":{"line":98,"column":1}},"line":70},"4":{"name":"knowPrise","decl":{"start":{"line":102,"column":16},"end":{"line":102,"column":25}},"loc":{"start":{"line":102,"column":28},"end":{"line":112,"column":1}},"line":102}},"branchMap":{"0":{"loc":{"start":{"line":3,"column":4},"end":{"line":33,"column":5}},"type":"if","locations":[{"start":{"line":3,"column":4},"end":{"line":33,"column":5}},{"start":{"line":3,"column":4},"end":{"line":33,"column":5}}],"line":3},"1":{"loc":{"start":{"line":16,"column":12},"end":{"line":19,"column":13}},"type":"if","locations":[{"start":{"line":16,"column":12},"end":{"line":19,"column":13}},{"start":{"line":16,"column":12},"end":{"line":19,"column":13}}],"line":16},"2":{"loc":{"start":{"line":16,"column":15},"end":{"line":16,"column":49}},"type":"binary-expr","locations":[{"start":{"line":16,"column":15},"end":{"line":16,"column":24}},{"start":{"line":16,"column":28},"end":{"line":16,"column":49}}],"line":16},"3":{"loc":{"start":{"line":21,"column":8},"end":{"line":24,"column":9}},"type":"if","locations":[{"start":{"line":21,"column":8},"end":{"line":24,"column":9}},{"start":{"line":21,"column":8},"end":{"line":24,"column":9}}],"line":21},"4":{"loc":{"start":{"line":77,"column":8},"end":{"line":80,"column":9}},"type":"if","locations":[{"start":{"line":77,"column":8},"end":{"line":80,"column":9}},{"start":{"line":77,"column":8},"end":{"line":80,"column":9}}],"line":77},"5":{"loc":{"start":{"line":77,"column":11},"end":{"line":77,"column":45}},"type":"binary-expr","locations":[{"start":{"line":77,"column":11},"end":{"line":77,"column":23}},{"start":{"line":77,"column":27},"end":{"line":77,"column":45}}],"line":77},"6":{"loc":{"start":{"line":86,"column":4},"end":{"line":96,"column":5}},"type":"if","locations":[{"start":{"line":86,"column":4},"end":{"line":96,"column":5}},{"start":{"line":86,"column":4},"end":{"line":96,"column":5}}],"line":86},"7":{"loc":{"start":{"line":86,"column":7},"end":{"line":86,"column":39}},"type":"binary-expr","locations":[{"start":{"line":86,"column":7},"end":{"line":86,"column":25}},{"start":{"line":86,"column":29},"end":{"line":86,"column":39}}],"line":86}},"s":{"0":1,"1":1,"2":1,"3":1,"4":1,"5":1,"6":1,"7":1,"8":0,"9":0,"10":0,"11":0,"12":0,"13":0,"14":0,"15":0,"16":0,"17":0,"18":0,"19":0,"20":0,"21":0,"22":0,"23":0,"24":2,"25":2,"26":2,"27":2,"28":2,"29":2,"30":2,"31":2,"32":2,"33":2,"34":2,"35":2,"36":2,"37":2,"38":2,"39":2,"40":2,"41":2,"42":2,"43":2,"44":2,"45":0,"46":2,"47":2,"48":2,"49":2,"50":2,"51":2,"52":2,"53":0,"54":0,"55":0,"56":0,"57":0,"58":0,"59":0,"60":0,"61":0,"62":0,"63":0,"64":0,"65":0,"66":0,"67":0,"68":0,"69":0,"70":0,"71":0,"72":0,"73":0,"74":1,"75":0,"76":0,"77":0,"78":0,"79":0,"80":0,"81":0,"82":0},"f":{"0":1,"1":2,"2":0,"3":0,"4":0},"b":{"0":[1,0],"1":[0,0],"2":[0,0],"3":[0,0],"4":[0,0],"5":[0,0],"6":[0,0],"7":[0,0]},"_coverageSchema":"1a1c01bbd47fc00a2c39e90264f33305004495a9","hash":"3591efb3648e0af9588246be004dcefa40dd0159"}
}
