TN:
SF:js\Loader.js
FN:1,showSpinner
FN:7,hideSpinner
FNF:2
FNH:2
FNDA:2,showSpinner
FNDA:1,hideSpinner
DA:2,2
DA:3,2
DA:8,1
DA:9,1
LF:4
LH:4
BRF:0
BRH:0
end_of_record
TN:
SF:js\catalogCreator.js
FN:6,getCopyMainBlock
FN:7,getMainBlockOfCatalog
FN:8,getGridsCreated
FN:9,setGridsCreated
FN:11,setCopyMainBlock
FN:12,createCatalog
FN:23,(anonymous_6)
FN:33,(anonymous_7)
FN:40,createGrids
FN:44,(anonymous_9)
FN:73,(anonymous_10)
FN:79,createGridsContent
FN:83,(anonymous_12)
FN:120,(anonymous_13)
FN:128,createAllPageCatalog
FN:137,createMain
FN:181,addClickeventtoGridButtons
FN:183,(anonymous_17)
FN:187,(anonymous_18)
FN:193,(anonymous_19)
FN:198,addClickeventtoCatalogLi
FN:200,(anonymous_21)
FN:203,(anonymous_22)
FN:209,(anonymous_23)
FN:213,contentofElement
FN:215,(anonymous_25)
FN:224,(anonymous_26)
FN:228,createInfobox
FN:283,(anonymous_28)
FN:297,contentofBlock
FN:304,(anonymous_30)
FN:326,(anonymous_31)
FN:337,infoBox
FN:341,(anonymous_33)
FN:350,(anonymous_34)
FNF:35
FNH:1
FNDA:0,getCopyMainBlock
FNDA:0,getMainBlockOfCatalog
FNDA:0,getGridsCreated
FNDA:0,setGridsCreated
FNDA:0,setCopyMainBlock
FNDA:0,createCatalog
FNDA:0,(anonymous_6)
FNDA:0,(anonymous_7)
FNDA:0,createGrids
FNDA:0,(anonymous_9)
FNDA:0,(anonymous_10)
FNDA:0,createGridsContent
FNDA:0,(anonymous_12)
FNDA:0,(anonymous_13)
FNDA:0,createAllPageCatalog
FNDA:0,createMain
FNDA:0,addClickeventtoGridButtons
FNDA:0,(anonymous_17)
FNDA:0,(anonymous_18)
FNDA:0,(anonymous_19)
FNDA:0,addClickeventtoCatalogLi
FNDA:0,(anonymous_21)
FNDA:0,(anonymous_22)
FNDA:0,(anonymous_23)
FNDA:0,contentofElement
FNDA:0,(anonymous_25)
FNDA:0,(anonymous_26)
FNDA:1,createInfobox
FNDA:0,(anonymous_28)
FNDA:0,contentofBlock
FNDA:0,(anonymous_30)
FNDA:0,(anonymous_31)
FNDA:0,infoBox
FNDA:0,(anonymous_33)
FNDA:0,(anonymous_34)
DA:3,1
DA:6,0
DA:7,0
DA:8,0
DA:9,0
DA:11,0
DA:13,0
DA:14,0
DA:15,0
DA:16,0
DA:17,0
DA:18,0
DA:19,0
DA:20,0
DA:21,0
DA:22,0
DA:24,0
DA:26,0
DA:28,0
DA:29,0
DA:30,0
DA:33,0
DA:36,0
DA:41,0
DA:42,0
DA:43,0
DA:45,0
DA:46,0
DA:47,0
DA:49,0
DA:50,0
DA:51,0
DA:52,0
DA:54,0
DA:55,0
DA:56,0
DA:60,0
DA:61,0
DA:62,0
DA:63,0
DA:64,0
DA:68,0
DA:70,0
DA:73,0
DA:80,0
DA:81,0
DA:82,0
DA:84,0
DA:87,0
DA:88,0
DA:89,0
DA:91,0
DA:92,0
DA:93,0
DA:94,0
DA:96,0
DA:97,0
DA:98,0
DA:101,0
DA:102,0
DA:103,0
DA:104,0
DA:105,0
DA:108,0
DA:111,0
DA:112,0
DA:113,0
DA:114,0
DA:115,0
DA:116,0
DA:118,0
DA:120,0
DA:129,0
DA:130,0
DA:131,0
DA:132,0
DA:138,0
DA:139,0
DA:182,0
DA:184,0
DA:186,0
DA:187,0
DA:188,0
DA:189,0
DA:193,0
DA:199,0
DA:201,0
DA:202,0
DA:203,0
DA:204,0
DA:205,0
DA:209,0
DA:214,0
DA:216,0
DA:217,0
DA:219,0
DA:220,0
DA:224,0
DA:229,1
DA:230,1
DA:232,1
DA:233,1
DA:234,1
DA:235,1
DA:236,1
DA:237,1
DA:238,1
DA:239,1
DA:240,1
DA:241,1
DA:242,1
DA:243,1
DA:244,1
DA:245,1
DA:246,1
DA:247,1
DA:248,1
DA:249,1
DA:250,1
DA:251,1
DA:252,1
DA:253,1
DA:254,1
DA:255,1
DA:256,1
DA:257,1
DA:258,1
DA:259,1
DA:260,1
DA:261,1
DA:262,1
DA:263,1
DA:264,1
DA:265,1
DA:266,1
DA:267,1
DA:268,1
DA:269,1
DA:270,1
DA:271,1
DA:272,1
DA:273,1
DA:274,1
DA:275,1
DA:276,1
DA:277,1
DA:278,1
DA:279,1
DA:280,1
DA:281,1
DA:282,1
DA:283,1
DA:284,0
DA:286,1
DA:288,1
DA:289,1
DA:298,0
DA:299,0
DA:300,0
DA:303,0
DA:305,0
DA:306,0
DA:307,0
DA:308,0
DA:309,0
DA:310,0
DA:311,0
DA:312,0
DA:313,0
DA:314,0
DA:315,0
DA:316,0
DA:317,0
DA:318,0
DA:319,0
DA:320,0
DA:322,0
DA:326,0
DA:329,0
DA:330,0
DA:338,0
DA:340,0
DA:342,0
DA:343,0
DA:344,0
DA:345,0
DA:346,0
DA:350,0
LF:188
LH:58
BRDA:87,0,0,0
BRDA:87,0,1,0
BRDA:112,1,0,0
BRDA:112,1,1,0
BRDA:129,2,0,0
BRDA:129,2,1,0
BRDA:186,3,0,0
BRDA:186,3,1,0
BRDA:202,4,0,0
BRDA:202,4,1,0
BRDA:217,5,0,0
BRDA:217,5,1,0
BRDA:306,6,0,0
BRDA:306,6,1,0
BRDA:343,7,0,0
BRDA:343,7,1,0
BRF:16
BRH:0
end_of_record
TN:
SF:js\createOrder.js
FN:9,(anonymous_0)
FN:14,createOrder
FN:132,(anonymous_2)
FN:161,(anonymous_3)
FN:164,(anonymous_4)
FN:190,creator
FN:203,catalogCreator
FN:225,(anonymous_7)
FN:239,validateEmail
FN:249,createVarOfOrder
FN:308,checkOrderStatus
FNF:11
FNH:2
FNDA:0,(anonymous_0)
FNDA:0,createOrder
FNDA:0,(anonymous_2)
FNDA:0,(anonymous_3)
FNDA:0,(anonymous_4)
FNDA:0,creator
FNDA:1,catalogCreator
FNDA:0,(anonymous_7)
FNDA:1,validateEmail
FNDA:0,createVarOfOrder
FNDA:0,checkOrderStatus
DA:4,1
DA:8,1
DA:9,0
DA:10,0
DA:18,0
DA:19,0
DA:20,0
DA:21,0
DA:22,0
DA:23,0
DA:24,0
DA:25,0
DA:26,0
DA:27,0
DA:28,0
DA:29,0
DA:30,0
DA:31,0
DA:32,0
DA:33,0
DA:36,0
DA:37,0
DA:38,0
DA:39,0
DA:40,0
DA:41,0
DA:42,0
DA:43,0
DA:44,0
DA:45,0
DA:46,0
DA:47,0
DA:49,0
DA:50,0
DA:51,0
DA:52,0
DA:53,0
DA:55,0
DA:56,0
DA:57,0
DA:58,0
DA:59,0
DA:60,0
DA:61,0
DA:64,0
DA:65,0
DA:66,0
DA:67,0
DA:69,0
DA:70,0
DA:71,0
DA:72,0
DA:73,0
DA:74,0
DA:75,0
DA:76,0
DA:79,0
DA:80,0
DA:81,0
DA:82,0
DA:83,0
DA:84,0
DA:87,0
DA:88,0
DA:89,0
DA:90,0
DA:91,0
DA:92,0
DA:93,0
DA:94,0
DA:95,0
DA:96,0
DA:98,0
DA:99,0
DA:100,0
DA:101,0
DA:102,0
DA:103,0
DA:104,0
DA:105,0
DA:106,0
DA:107,0
DA:109,0
DA:110,0
DA:111,0
DA:112,0
DA:113,0
DA:114,0
DA:115,0
DA:116,0
DA:118,0
DA:119,0
DA:120,0
DA:121,0
DA:122,0
DA:123,0
DA:124,0
DA:125,0
DA:126,0
DA:127,0
DA:128,0
DA:132,0
DA:133,0
DA:134,0
DA:135,0
DA:136,0
DA:137,0
DA:138,0
DA:139,0
DA:140,0
DA:141,0
DA:142,0
DA:143,0
DA:144,0
DA:145,0
DA:146,0
DA:147,0
DA:148,0
DA:149,0
DA:150,0
DA:159,0
DA:160,0
DA:162,0
DA:164,0
DA:167,0
DA:168,0
DA:169,0
DA:171,0
DA:172,0
DA:179,0
DA:180,0
DA:181,0
DA:182,0
DA:183,0
DA:191,0
DA:193,0
DA:194,0
DA:195,0
DA:196,0
DA:198,0
DA:199,0
DA:204,1
DA:205,1
DA:206,1
DA:207,1
DA:208,1
DA:209,1
DA:210,1
DA:211,1
DA:212,1
DA:213,1
DA:214,1
DA:215,1
DA:216,1
DA:217,1
DA:218,1
DA:219,1
DA:220,1
DA:221,1
DA:222,1
DA:223,1
DA:224,1
DA:225,1
DA:226,0
DA:227,0
DA:229,1
DA:230,1
DA:231,1
DA:232,1
DA:233,1
DA:234,1
DA:235,1
DA:241,1
DA:242,1
DA:251,0
DA:252,0
DA:253,0
DA:254,0
DA:255,0
DA:256,0
DA:257,0
DA:258,0
DA:259,0
DA:260,0
DA:261,0
DA:262,0
DA:263,0
DA:264,0
DA:265,0
DA:266,0
DA:267,0
DA:268,0
DA:269,0
DA:270,0
DA:271,0
DA:273,0
DA:274,0
DA:275,0
DA:276,0
DA:277,0
DA:278,0
DA:280,0
DA:281,0
DA:282,0
DA:283,0
DA:284,0
DA:285,0
DA:288,0
DA:289,0
DA:290,0
DA:291,0
DA:292,0
DA:293,0
DA:294,0
DA:296,0
DA:297,0
DA:298,0
DA:299,0
DA:300,0
DA:301,0
DA:302,0
DA:304,0
DA:309,0
DA:310,0
LF:224
LH:33
BRDA:8,0,0,0
BRDA:8,0,1,1
BRDA:118,1,0,0
BRDA:118,1,1,0
BRDA:137,2,0,0
BRDA:137,2,1,0
BRDA:140,3,0,0
BRDA:140,3,1,0
BRDA:140,4,0,0
BRDA:140,4,1,0
BRDA:143,5,0,0
BRDA:143,5,1,0
BRDA:143,6,0,0
BRDA:143,6,1,0
BRDA:146,7,0,0
BRDA:146,7,1,0
BRDA:146,8,0,0
BRDA:146,8,1,0
BRDA:149,9,0,0
BRDA:149,9,1,0
BRDA:149,10,0,0
BRDA:149,10,1,0
BRDA:149,10,2,0
BRDA:149,10,3,0
BRDA:168,11,0,0
BRDA:168,11,1,0
BRDA:288,12,0,0
BRDA:288,12,1,0
BRDA:296,13,0,0
BRDA:296,13,1,0
BRF:30
BRH:1
end_of_record
TN:
SF:js\parsejson.js
FN:3,getURL
FN:7,sendRequest
FN:11,(anonymous_2)
FN:17,(anonymous_3)
FN:29,sendPOST
FN:35,(anonymous_5)
FN:40,(anonymous_6)
FN:44,(anonymous_7)
FNF:8
FNH:2
FNDA:1,getURL
FNDA:1,sendRequest
FNDA:0,(anonymous_2)
FNDA:0,(anonymous_3)
FNDA:0,sendPOST
FNDA:0,(anonymous_5)
FNDA:0,(anonymous_6)
FNDA:0,(anonymous_7)
DA:4,1
DA:9,1
DA:11,1
DA:12,0
DA:13,0
DA:14,0
DA:17,0
DA:18,0
DA:19,0
DA:20,0
DA:21,0
DA:32,0
DA:36,0
DA:37,0
DA:40,0
DA:41,0
DA:42,0
DA:43,0
DA:45,0
LF:19
LH:3
BRDA:12,0,0,0
BRDA:12,0,1,0
BRDA:29,1,0,0
BRDA:36,2,0,0
BRDA:36,2,1,0
BRF:5
BRH:0
end_of_record
TN:
SF:js\salesPageCreator.js
FN:3,createPageOfSales
FN:9,(anonymous_1)
FN:27,(anonymous_2)
FN:36,checkButtons
FN:38,(anonymous_4)
FN:42,(anonymous_5)
FN:47,(anonymous_6)
FN:51,createPage
FN:99,(anonymous_8)
FN:110,create
FN:112,(anonymous_10)
FN:120,(anonymous_11)
FNF:12
FNH:1
FNDA:0,createPageOfSales
FNDA:0,(anonymous_1)
FNDA:0,(anonymous_2)
FNDA:0,checkButtons
FNDA:0,(anonymous_4)
FNDA:0,(anonymous_5)
FNDA:0,(anonymous_6)
FNDA:1,createPage
FNDA:0,(anonymous_8)
FNDA:0,create
FNDA:0,(anonymous_10)
FNDA:0,(anonymous_11)
DA:4,0
DA:5,0
DA:6,0
DA:8,0
DA:10,0
DA:12,0
DA:13,0
DA:14,0
DA:15,0
DA:16,0
DA:17,0
DA:18,0
DA:19,0
DA:20,0
DA:21,0
DA:22,0
DA:23,0
DA:24,0
DA:27,0
DA:30,0
DA:31,0
DA:37,0
DA:39,0
DA:41,0
DA:42,0
DA:43,0
DA:47,0
DA:52,1
DA:53,1
DA:54,1
DA:56,1
DA:57,1
DA:58,1
DA:59,1
DA:60,1
DA:61,1
DA:62,1
DA:63,1
DA:64,1
DA:65,1
DA:66,1
DA:67,1
DA:68,1
DA:69,1
DA:70,1
DA:71,1
DA:72,1
DA:73,1
DA:74,1
DA:75,1
DA:76,1
DA:77,1
DA:78,1
DA:79,1
DA:80,1
DA:81,1
DA:82,1
DA:83,1
DA:84,1
DA:85,1
DA:86,1
DA:87,1
DA:88,1
DA:89,1
DA:90,1
DA:91,1
DA:92,1
DA:93,1
DA:94,1
DA:95,1
DA:96,1
DA:97,1
DA:98,1
DA:99,1
DA:100,0
DA:102,1
DA:104,1
DA:105,1
DA:111,0
DA:113,0
DA:114,0
DA:115,0
DA:116,0
DA:120,0
LF:84
LH:50
BRDA:41,0,0,0
BRDA:41,0,1,0
BRDA:114,1,0,0
BRDA:114,1,1,0
BRF:4
BRH:0
end_of_record
TN:
SF:js\workWithLocalStorage.js
FN:2,addToLocalStorage
FN:37,createDiv
FN:58,(anonymous_2)
FN:70,funcDelete
FN:102,knowPrise
FNF:5
FNH:2
FNDA:1,addToLocalStorage
FNDA:2,createDiv
FNDA:0,(anonymous_2)
FNDA:0,funcDelete
FNDA:0,knowPrise
DA:3,1
DA:4,1
DA:5,1
DA:6,1
DA:7,1
DA:8,1
DA:9,1
DA:10,1
DA:12,0
DA:13,0
DA:14,0
DA:15,0
DA:16,0
DA:17,0
DA:18,0
DA:21,0
DA:22,0
DA:23,0
DA:25,0
DA:26,0
DA:27,0
DA:29,0
DA:31,0
DA:32,0
DA:38,2
DA:39,2
DA:40,2
DA:41,2
DA:42,2
DA:43,2
DA:44,2
DA:45,2
DA:46,2
DA:47,2
DA:48,2
DA:49,2
DA:50,2
DA:51,2
DA:52,2
DA:53,2
DA:54,2
DA:55,2
DA:56,2
DA:57,2
DA:58,2
DA:59,0
DA:61,2
DA:62,2
DA:63,2
DA:64,2
DA:65,2
DA:66,2
DA:67,2
DA:71,0
DA:72,0
DA:73,0
DA:74,0
DA:75,0
DA:76,0
DA:77,0
DA:78,0
DA:79,0
DA:82,0
DA:83,0
DA:84,0
DA:86,0
DA:87,0
DA:90,0
DA:91,0
DA:92,0
DA:93,0
DA:94,0
DA:95,0
DA:97,0
DA:100,1
DA:103,0
DA:104,0
DA:105,0
DA:106,0
DA:108,0
DA:109,0
DA:110,0
DA:111,0
LF:83
LH:37
BRDA:3,0,0,1
BRDA:3,0,1,0
BRDA:16,1,0,0
BRDA:16,1,1,0
BRDA:16,2,0,0
BRDA:16,2,1,0
BRDA:21,3,0,0
BRDA:21,3,1,0
BRDA:77,4,0,0
BRDA:77,4,1,0
BRDA:77,5,0,0
BRDA:77,5,1,0
BRDA:86,6,0,0
BRDA:86,6,1,0
BRDA:86,7,0,0
BRDA:86,7,1,0
BRF:16
BRH:1
end_of_record
