{"C:\\Users\\User\\WebstormProjects\\testForSite\\js\\Loader.js": {"path":"C:\\Users\\User\\WebstormProjects\\testForSite\\js\\Loader.js","statementMap":{"0":{"start":{"line":2,"column":4},"end":{"line":2,"column":66}},"1":{"start":{"line":3,"column":4},"end":{"line":3,"column":67}},"2":{"start":{"line":8,"column":4},"end":{"line":8,"column":67}},"3":{"start":{"line":9,"column":1},"end":{"line":9,"column":63}}},"fnMap":{"0":{"name":"showSpinner","decl":{"start":{"line":1,"column":16},"end":{"line":1,"column":27}},"loc":{"start":{"line":1,"column":29},"end":{"line":4,"column":1}},"line":1},"1":{"name":"hideSpinner","decl":{"start":{"line":7,"column":16},"end":{"line":7,"column":27}},"loc":{"start":{"line":7,"column":29},"end":{"line":10,"column":1}},"line":7}},"branchMap":{},"s":{"0":80,"1":80,"2":82,"3":82},"f":{"0":80,"1":82},"b":{},"_coverageSchema":"1a1c01bbd47fc00a2c39e90264f33305004495a9","hash":"5309e4d37b36a0460a495e3ec62b816045915c69"}
,"C:\\Users\\User\\WebstormProjects\\testForSite\\js\\catalogCreator.js": {"path":"C:\\Users\\User\\WebstormProjects\\testForSite\\js\\catalogCreator.js","statementMap":{"0":{"start":{"line":3,"column":19},"end":{"line":3,"column":24}},"1":{"start":{"line":5,"column":21},"end":{"line":5,"column":23}},"2":{"start":{"line":6,"column":35},"end":{"line":6,"column":57}},"3":{"start":{"line":7,"column":40},"end":{"line":7,"column":81}},"4":{"start":{"line":8,"column":34},"end":{"line":8,"column":53}},"5":{"start":{"line":9,"column":36},"end":{"line":9,"column":53}},"6":{"start":{"line":11,"column":37},"end":{"line":11,"column":56}},"7":{"start":{"line":13,"column":18},"end":{"line":13,"column":47}},"8":{"start":{"line":14,"column":4},"end":{"line":14,"column":36}},"9":{"start":{"line":15,"column":15},"end":{"line":15,"column":43}},"10":{"start":{"line":16,"column":4},"end":{"line":16,"column":30}},"11":{"start":{"line":17,"column":4},"end":{"line":17,"column":30}},"12":{"start":{"line":18,"column":4},"end":{"line":18,"column":29}},"13":{"start":{"line":19,"column":13},"end":{"line":19,"column":41}},"14":{"start":{"line":20,"column":4},"end":{"line":20,"column":34}},"15":{"start":{"line":21,"column":4},"end":{"line":21,"column":27}},"16":{"start":{"line":22,"column":4},"end":{"line":33,"column":40}},"17":{"start":{"line":24,"column":12},"end":{"line":31,"column":13}},"18":{"start":{"line":26,"column":25},"end":{"line":26,"column":53}},"19":{"start":{"line":28,"column":16},"end":{"line":28,"column":56}},"20":{"start":{"line":29,"column":16},"end":{"line":29,"column":64}},"21":{"start":{"line":30,"column":16},"end":{"line":30,"column":34}},"22":{"start":{"line":33,"column":22},"end":{"line":33,"column":38}},"23":{"start":{"line":36,"column":4},"end":{"line":36,"column":48}},"24":{"start":{"line":41,"column":14},"end":{"line":41,"column":43}},"25":{"start":{"line":42,"column":4},"end":{"line":42,"column":29}},"26":{"start":{"line":43,"column":4},"end":{"line":73,"column":40}},"27":{"start":{"line":45,"column":4},"end":{"line":71,"column":5}},"28":{"start":{"line":46,"column":19},"end":{"line":46,"column":48}},"29":{"start":{"line":47,"column":8},"end":{"line":47,"column":34}},"30":{"start":{"line":49,"column":18},"end":{"line":49,"column":47}},"31":{"start":{"line":50,"column":8},"end":{"line":50,"column":32}},"32":{"start":{"line":51,"column":8},"end":{"line":51,"column":40}},"33":{"start":{"line":52,"column":8},"end":{"line":52,"column":29}},"34":{"start":{"line":54,"column":16},"end":{"line":54,"column":43}},"35":{"start":{"line":55,"column":8},"end":{"line":55,"column":49}},"36":{"start":{"line":56,"column":8},"end":{"line":56,"column":27}},"37":{"start":{"line":60,"column":18},"end":{"line":60,"column":50}},"38":{"start":{"line":61,"column":8},"end":{"line":61,"column":38}},"39":{"start":{"line":62,"column":8},"end":{"line":62,"column":35}},"40":{"start":{"line":63,"column":8},"end":{"line":63,"column":32}},"41":{"start":{"line":64,"column":8},"end":{"line":64,"column":29}},"42":{"start":{"line":68,"column":8},"end":{"line":68,"column":29}},"43":{"start":{"line":70,"column":8},"end":{"line":70,"column":48}},"44":{"start":{"line":73,"column":22},"end":{"line":73,"column":38}},"45":{"start":{"line":80,"column":14},"end":{"line":80,"column":43}},"46":{"start":{"line":81,"column":4},"end":{"line":81,"column":29}},"47":{"start":{"line":82,"column":4},"end":{"line":120,"column":40}},"48":{"start":{"line":84,"column":12},"end":{"line":110,"column":13}},"49":{"start":{"line":87,"column":16},"end":{"line":109,"column":17}},"50":{"start":{"line":88,"column":31},"end":{"line":88,"column":60}},"51":{"start":{"line":89,"column":20},"end":{"line":89,"column":46}},"52":{"start":{"line":91,"column":30},"end":{"line":91,"column":59}},"53":{"start":{"line":92,"column":20},"end":{"line":92,"column":44}},"54":{"start":{"line":93,"column":20},"end":{"line":93,"column":52}},"55":{"start":{"line":94,"column":20},"end":{"line":94,"column":41}},"56":{"start":{"line":96,"column":28},"end":{"line":96,"column":55}},"57":{"start":{"line":97,"column":20},"end":{"line":97,"column":61}},"58":{"start":{"line":98,"column":20},"end":{"line":98,"column":39}},"59":{"start":{"line":101,"column":30},"end":{"line":101,"column":62}},"60":{"start":{"line":102,"column":20},"end":{"line":102,"column":50}},"61":{"start":{"line":103,"column":20},"end":{"line":103,"column":47}},"62":{"start":{"line":104,"column":20},"end":{"line":104,"column":44}},"63":{"start":{"line":105,"column":20},"end":{"line":105,"column":41}},"64":{"start":{"line":108,"column":20},"end":{"line":108,"column":41}},"65":{"start":{"line":111,"column":23},"end":{"line":111,"column":51}},"66":{"start":{"line":112,"column":16},"end":{"line":117,"column":17}},"67":{"start":{"line":113,"column":20},"end":{"line":113,"column":48}},"68":{"start":{"line":114,"column":20},"end":{"line":114,"column":61}},"69":{"start":{"line":115,"column":20},"end":{"line":115,"column":50}},"70":{"start":{"line":116,"column":20},"end":{"line":116,"column":56}},"71":{"start":{"line":118,"column":12},"end":{"line":118,"column":52}},"72":{"start":{"line":120,"column":22},"end":{"line":120,"column":38}},"73":{"start":{"line":129,"column":4},"end":{"line":133,"column":5}},"74":{"start":{"line":130,"column":8},"end":{"line":130,"column":46}},"75":{"start":{"line":131,"column":8},"end":{"line":131,"column":23}},"76":{"start":{"line":132,"column":8},"end":{"line":132,"column":21}},"77":{"start":{"line":138,"column":8},"end":{"line":138,"column":57}},"78":{"start":{"line":139,"column":8},"end":{"line":176,"column":7}},"79":{"start":{"line":182,"column":4},"end":{"line":193,"column":40}},"80":{"start":{"line":184,"column":12},"end":{"line":191,"column":13}},"81":{"start":{"line":186,"column":16},"end":{"line":190,"column":18}},"82":{"start":{"line":187,"column":16},"end":{"line":190,"column":18}},"83":{"start":{"line":188,"column":29},"end":{"line":188,"column":39}},"84":{"start":{"line":189,"column":20},"end":{"line":189,"column":54}},"85":{"start":{"line":193,"column":22},"end":{"line":193,"column":38}},"86":{"start":{"line":199,"column":4},"end":{"line":209,"column":40}},"87":{"start":{"line":201,"column":12},"end":{"line":207,"column":13}},"88":{"start":{"line":202,"column":16},"end":{"line":206,"column":18}},"89":{"start":{"line":203,"column":16},"end":{"line":206,"column":18}},"90":{"start":{"line":204,"column":30},"end":{"line":204,"column":40}},"91":{"start":{"line":205,"column":20},"end":{"line":205,"column":55}},"92":{"start":{"line":209,"column":22},"end":{"line":209,"column":38}},"93":{"start":{"line":214,"column":4},"end":{"line":224,"column":40}},"94":{"start":{"line":216,"column":12},"end":{"line":222,"column":13}},"95":{"start":{"line":217,"column":12},"end":{"line":221,"column":13}},"96":{"start":{"line":219,"column":13},"end":{"line":219,"column":40}},"97":{"start":{"line":220,"column":16},"end":{"line":220,"column":46}},"98":{"start":{"line":224,"column":22},"end":{"line":224,"column":38}},"99":{"start":{"line":229,"column":15},"end":{"line":229,"column":43}},"100":{"start":{"line":230,"column":4},"end":{"line":230,"column":35}},"101":{"start":{"line":232,"column":15},"end":{"line":232,"column":44}},"102":{"start":{"line":233,"column":4},"end":{"line":233,"column":33}},"103":{"start":{"line":234,"column":15},"end":{"line":234,"column":44}},"104":{"start":{"line":235,"column":4},"end":{"line":235,"column":37}},"105":{"start":{"line":236,"column":4},"end":{"line":236,"column":26}},"106":{"start":{"line":237,"column":15},"end":{"line":237,"column":44}},"107":{"start":{"line":238,"column":15},"end":{"line":238,"column":44}},"108":{"start":{"line":239,"column":4},"end":{"line":239,"column":37}},"109":{"start":{"line":240,"column":4},"end":{"line":240,"column":38}},"110":{"start":{"line":241,"column":4},"end":{"line":241,"column":26}},"111":{"start":{"line":242,"column":4},"end":{"line":242,"column":26}},"112":{"start":{"line":243,"column":4},"end":{"line":243,"column":34}},"113":{"start":{"line":244,"column":14},"end":{"line":244,"column":43}},"114":{"start":{"line":245,"column":4},"end":{"line":245,"column":23}},"115":{"start":{"line":246,"column":4},"end":{"line":246,"column":30}},"116":{"start":{"line":247,"column":4},"end":{"line":247,"column":33}},"117":{"start":{"line":248,"column":4},"end":{"line":248,"column":31}},"118":{"start":{"line":249,"column":4},"end":{"line":249,"column":25}},"119":{"start":{"line":250,"column":13},"end":{"line":250,"column":41}},"120":{"start":{"line":251,"column":4},"end":{"line":251,"column":42}},"121":{"start":{"line":252,"column":12},"end":{"line":252,"column":39}},"122":{"start":{"line":253,"column":4},"end":{"line":253,"column":25}},"123":{"start":{"line":254,"column":4},"end":{"line":254,"column":24}},"124":{"start":{"line":255,"column":4},"end":{"line":255,"column":23}},"125":{"start":{"line":256,"column":13},"end":{"line":256,"column":41}},"126":{"start":{"line":257,"column":14},"end":{"line":257,"column":42}},"127":{"start":{"line":258,"column":14},"end":{"line":258,"column":42}},"128":{"start":{"line":259,"column":17},"end":{"line":259,"column":25}},"129":{"start":{"line":260,"column":17},"end":{"line":260,"column":26}},"130":{"start":{"line":261,"column":4},"end":{"line":261,"column":41}},"131":{"start":{"line":262,"column":4},"end":{"line":262,"column":31}},"132":{"start":{"line":263,"column":4},"end":{"line":263,"column":41}},"133":{"start":{"line":264,"column":4},"end":{"line":264,"column":33}},"134":{"start":{"line":265,"column":4},"end":{"line":265,"column":41}},"135":{"start":{"line":266,"column":4},"end":{"line":266,"column":36}},"136":{"start":{"line":267,"column":4},"end":{"line":267,"column":35}},"137":{"start":{"line":268,"column":4},"end":{"line":268,"column":26}},"138":{"start":{"line":269,"column":4},"end":{"line":269,"column":25}},"139":{"start":{"line":270,"column":4},"end":{"line":270,"column":41}},"140":{"start":{"line":271,"column":4},"end":{"line":271,"column":36}},"141":{"start":{"line":272,"column":4},"end":{"line":272,"column":41}},"142":{"start":{"line":273,"column":4},"end":{"line":273,"column":33}},"143":{"start":{"line":274,"column":4},"end":{"line":274,"column":23}},"144":{"start":{"line":275,"column":4},"end":{"line":275,"column":23}},"145":{"start":{"line":276,"column":4},"end":{"line":276,"column":24}},"146":{"start":{"line":277,"column":14},"end":{"line":277,"column":46}},"147":{"start":{"line":278,"column":4},"end":{"line":278,"column":34}},"148":{"start":{"line":279,"column":16},"end":{"line":279,"column":21}},"149":{"start":{"line":280,"column":14},"end":{"line":280,"column":20}},"150":{"start":{"line":281,"column":4},"end":{"line":281,"column":30}},"151":{"start":{"line":282,"column":4},"end":{"line":282,"column":30}},"152":{"start":{"line":283,"column":4},"end":{"line":285,"column":6}},"153":{"start":{"line":284,"column":8},"end":{"line":284,"column":30}},"154":{"start":{"line":286,"column":4},"end":{"line":286,"column":25}},"155":{"start":{"line":288,"column":4},"end":{"line":288,"column":56}},"156":{"start":{"line":289,"column":4},"end":{"line":289,"column":56}},"157":{"start":{"line":298,"column":4},"end":{"line":298,"column":42}},"158":{"start":{"line":299,"column":4},"end":{"line":299,"column":19}},"159":{"start":{"line":300,"column":4},"end":{"line":300,"column":30}},"160":{"start":{"line":303,"column":4},"end":{"line":326,"column":40}},"161":{"start":{"line":305,"column":12},"end":{"line":324,"column":13}},"162":{"start":{"line":306,"column":16},"end":{"line":323,"column":17}},"163":{"start":{"line":307,"column":31},"end":{"line":307,"column":59}},"164":{"start":{"line":308,"column":20},"end":{"line":308,"column":58}},"165":{"start":{"line":309,"column":20},"end":{"line":309,"column":46}},"166":{"start":{"line":310,"column":20},"end":{"line":310,"column":70}},"167":{"start":{"line":311,"column":20},"end":{"line":311,"column":72}},"168":{"start":{"line":312,"column":28},"end":{"line":312,"column":55}},"169":{"start":{"line":313,"column":20},"end":{"line":313,"column":67}},"170":{"start":{"line":314,"column":20},"end":{"line":314,"column":48}},"171":{"start":{"line":315,"column":20},"end":{"line":315,"column":48}},"172":{"start":{"line":316,"column":20},"end":{"line":316,"column":47}},"173":{"start":{"line":317,"column":20},"end":{"line":317,"column":50}},"174":{"start":{"line":318,"column":20},"end":{"line":318,"column":45}},"175":{"start":{"line":319,"column":20},"end":{"line":319,"column":49}},"176":{"start":{"line":320,"column":20},"end":{"line":320,"column":55}},"177":{"start":{"line":322,"column":20},"end":{"line":322,"column":69}},"178":{"start":{"line":326,"column":22},"end":{"line":326,"column":38}},"179":{"start":{"line":329,"column":4},"end":{"line":329,"column":26}},"180":{"start":{"line":330,"column":4},"end":{"line":330,"column":32}},"181":{"start":{"line":338,"column":4},"end":{"line":338,"column":42}},"182":{"start":{"line":340,"column":4},"end":{"line":350,"column":40}},"183":{"start":{"line":342,"column":12},"end":{"line":348,"column":13}},"184":{"start":{"line":343,"column":16},"end":{"line":347,"column":17}},"185":{"start":{"line":344,"column":20},"end":{"line":344,"column":51}},"186":{"start":{"line":345,"column":20},"end":{"line":345,"column":66}},"187":{"start":{"line":346,"column":20},"end":{"line":346,"column":48}},"188":{"start":{"line":350,"column":22},"end":{"line":350,"column":38}}},"fnMap":{"0":{"name":"getCopyMainBlock","decl":{"start":{"line":6,"column":16},"end":{"line":6,"column":32}},"loc":{"start":{"line":6,"column":34},"end":{"line":6,"column":58}},"line":6},"1":{"name":"getMainBlockOfCatalog","decl":{"start":{"line":7,"column":16},"end":{"line":7,"column":37}},"loc":{"start":{"line":7,"column":39},"end":{"line":7,"column":82}},"line":7},"2":{"name":"getGridsCreated","decl":{"start":{"line":8,"column":16},"end":{"line":8,"column":31}},"loc":{"start":{"line":8,"column":33},"end":{"line":8,"column":54}},"line":8},"3":{"name":"setGridsCreated","decl":{"start":{"line":9,"column":16},"end":{"line":9,"column":31}},"loc":{"start":{"line":9,"column":35},"end":{"line":9,"column":54}},"line":9},"4":{"name":"setCopyMainBlock","decl":{"start":{"line":11,"column":16},"end":{"line":11,"column":32}},"loc":{"start":{"line":11,"column":36},"end":{"line":11,"column":57}},"line":11},"5":{"name":"createCatalog","decl":{"start":{"line":12,"column":16},"end":{"line":12,"column":29}},"loc":{"start":{"line":12,"column":31},"end":{"line":37,"column":1}},"line":12},"6":{"name":"(anonymous_6)","decl":{"start":{"line":23,"column":14},"end":{"line":23,"column":15}},"loc":{"start":{"line":23,"column":22},"end":{"line":32,"column":9}},"line":23},"7":{"name":"(anonymous_7)","decl":{"start":{"line":33,"column":15},"end":{"line":33,"column":16}},"loc":{"start":{"line":33,"column":22},"end":{"line":33,"column":38}},"line":33},"8":{"name":"createGrids","decl":{"start":{"line":40,"column":16},"end":{"line":40,"column":27}},"loc":{"start":{"line":40,"column":29},"end":{"line":75,"column":1}},"line":40},"9":{"name":"(anonymous_9)","decl":{"start":{"line":44,"column":14},"end":{"line":44,"column":15}},"loc":{"start":{"line":44,"column":22},"end":{"line":72,"column":9}},"line":44},"10":{"name":"(anonymous_10)","decl":{"start":{"line":73,"column":15},"end":{"line":73,"column":16}},"loc":{"start":{"line":73,"column":22},"end":{"line":73,"column":38}},"line":73},"11":{"name":"createGridsContent","decl":{"start":{"line":79,"column":16},"end":{"line":79,"column":34}},"loc":{"start":{"line":79,"column":40},"end":{"line":122,"column":1}},"line":79},"12":{"name":"(anonymous_12)","decl":{"start":{"line":83,"column":14},"end":{"line":83,"column":15}},"loc":{"start":{"line":83,"column":22},"end":{"line":119,"column":9}},"line":83},"13":{"name":"(anonymous_13)","decl":{"start":{"line":120,"column":15},"end":{"line":120,"column":16}},"loc":{"start":{"line":120,"column":22},"end":{"line":120,"column":38}},"line":120},"14":{"name":"createAllPageCatalog","decl":{"start":{"line":128,"column":16},"end":{"line":128,"column":36}},"loc":{"start":{"line":128,"column":38},"end":{"line":134,"column":1}},"line":128},"15":{"name":"createMain","decl":{"start":{"line":137,"column":16},"end":{"line":137,"column":26}},"loc":{"start":{"line":137,"column":28},"end":{"line":177,"column":1}},"line":137},"16":{"name":"addClickeventtoGridButtons","decl":{"start":{"line":181,"column":16},"end":{"line":181,"column":42}},"loc":{"start":{"line":181,"column":44},"end":{"line":194,"column":1}},"line":181},"17":{"name":"(anonymous_17)","decl":{"start":{"line":183,"column":14},"end":{"line":183,"column":15}},"loc":{"start":{"line":183,"column":22},"end":{"line":192,"column":9}},"line":183},"18":{"name":"(anonymous_18)","decl":{"start":{"line":187,"column":86},"end":{"line":187,"column":87}},"loc":{"start":{"line":187,"column":97},"end":{"line":190,"column":17}},"line":187},"19":{"name":"(anonymous_19)","decl":{"start":{"line":193,"column":15},"end":{"line":193,"column":16}},"loc":{"start":{"line":193,"column":22},"end":{"line":193,"column":38}},"line":193},"20":{"name":"addClickeventtoCatalogLi","decl":{"start":{"line":198,"column":16},"end":{"line":198,"column":40}},"loc":{"start":{"line":198,"column":42},"end":{"line":210,"column":1}},"line":198},"21":{"name":"(anonymous_21)","decl":{"start":{"line":200,"column":14},"end":{"line":200,"column":15}},"loc":{"start":{"line":200,"column":22},"end":{"line":208,"column":9}},"line":200},"22":{"name":"(anonymous_22)","decl":{"start":{"line":203,"column":100},"end":{"line":203,"column":101}},"loc":{"start":{"line":203,"column":111},"end":{"line":206,"column":17}},"line":203},"23":{"name":"(anonymous_23)","decl":{"start":{"line":209,"column":15},"end":{"line":209,"column":16}},"loc":{"start":{"line":209,"column":22},"end":{"line":209,"column":38}},"line":209},"24":{"name":"contentofElement","decl":{"start":{"line":213,"column":16},"end":{"line":213,"column":32}},"loc":{"start":{"line":213,"column":36},"end":{"line":225,"column":1}},"line":213},"25":{"name":"(anonymous_25)","decl":{"start":{"line":215,"column":14},"end":{"line":215,"column":15}},"loc":{"start":{"line":215,"column":22},"end":{"line":223,"column":9}},"line":215},"26":{"name":"(anonymous_26)","decl":{"start":{"line":224,"column":15},"end":{"line":224,"column":16}},"loc":{"start":{"line":224,"column":22},"end":{"line":224,"column":38}},"line":224},"27":{"name":"createInfobox","decl":{"start":{"line":228,"column":16},"end":{"line":228,"column":29}},"loc":{"start":{"line":228,"column":33},"end":{"line":290,"column":1}},"line":228},"28":{"name":"(anonymous_28)","decl":{"start":{"line":283,"column":34},"end":{"line":283,"column":35}},"loc":{"start":{"line":283,"column":45},"end":{"line":285,"column":5}},"line":283},"29":{"name":"contentofBlock","decl":{"start":{"line":297,"column":16},"end":{"line":297,"column":30}},"loc":{"start":{"line":297,"column":34},"end":{"line":331,"column":1}},"line":297},"30":{"name":"(anonymous_30)","decl":{"start":{"line":304,"column":14},"end":{"line":304,"column":15}},"loc":{"start":{"line":304,"column":22},"end":{"line":325,"column":13}},"line":304},"31":{"name":"(anonymous_31)","decl":{"start":{"line":326,"column":15},"end":{"line":326,"column":16}},"loc":{"start":{"line":326,"column":22},"end":{"line":326,"column":38}},"line":326},"32":{"name":"infoBox","decl":{"start":{"line":337,"column":16},"end":{"line":337,"column":23}},"loc":{"start":{"line":337,"column":27},"end":{"line":351,"column":1}},"line":337},"33":{"name":"(anonymous_33)","decl":{"start":{"line":341,"column":14},"end":{"line":341,"column":15}},"loc":{"start":{"line":341,"column":22},"end":{"line":349,"column":9}},"line":341},"34":{"name":"(anonymous_34)","decl":{"start":{"line":350,"column":15},"end":{"line":350,"column":16}},"loc":{"start":{"line":350,"column":22},"end":{"line":350,"column":38}},"line":350}},"branchMap":{"0":{"loc":{"start":{"line":87,"column":16},"end":{"line":109,"column":17}},"type":"if","locations":[{"start":{"line":87,"column":16},"end":{"line":109,"column":17}},{"start":{"line":87,"column":16},"end":{"line":109,"column":17}}],"line":87},"1":{"loc":{"start":{"line":112,"column":16},"end":{"line":117,"column":17}},"type":"if","locations":[{"start":{"line":112,"column":16},"end":{"line":117,"column":17}},{"start":{"line":112,"column":16},"end":{"line":117,"column":17}}],"line":112},"2":{"loc":{"start":{"line":129,"column":4},"end":{"line":133,"column":5}},"type":"if","locations":[{"start":{"line":129,"column":4},"end":{"line":133,"column":5}},{"start":{"line":129,"column":4},"end":{"line":133,"column":5}}],"line":129},"3":{"loc":{"start":{"line":186,"column":16},"end":{"line":190,"column":18}},"type":"if","locations":[{"start":{"line":186,"column":16},"end":{"line":190,"column":18}},{"start":{"line":186,"column":16},"end":{"line":190,"column":18}}],"line":186},"4":{"loc":{"start":{"line":202,"column":16},"end":{"line":206,"column":18}},"type":"if","locations":[{"start":{"line":202,"column":16},"end":{"line":206,"column":18}},{"start":{"line":202,"column":16},"end":{"line":206,"column":18}}],"line":202},"5":{"loc":{"start":{"line":217,"column":12},"end":{"line":221,"column":13}},"type":"if","locations":[{"start":{"line":217,"column":12},"end":{"line":221,"column":13}},{"start":{"line":217,"column":12},"end":{"line":221,"column":13}}],"line":217},"6":{"loc":{"start":{"line":306,"column":16},"end":{"line":323,"column":17}},"type":"if","locations":[{"start":{"line":306,"column":16},"end":{"line":323,"column":17}},{"start":{"line":306,"column":16},"end":{"line":323,"column":17}}],"line":306},"7":{"loc":{"start":{"line":343,"column":16},"end":{"line":347,"column":17}},"type":"if","locations":[{"start":{"line":343,"column":16},"end":{"line":347,"column":17}},{"start":{"line":343,"column":16},"end":{"line":347,"column":17}}],"line":343}},"s":{"0":1,"1":1,"2":1,"3":36,"4":4,"5":1,"6":1,"7":9,"8":9,"9":9,"10":9,"11":9,"12":9,"13":9,"14":9,"15":9,"16":9,"17":9,"18":9,"19":9,"20":9,"21":9,"22":0,"23":9,"24":1,"25":1,"26":1,"27":1,"28":1,"29":1,"30":1,"31":1,"32":1,"33":1,"34":1,"35":1,"36":1,"37":1,"38":1,"39":1,"40":1,"41":1,"42":1,"43":1,"44":0,"45":8,"46":8,"47":8,"48":8,"49":8,"50":2,"51":2,"52":2,"53":2,"54":2,"55":2,"56":2,"57":2,"58":2,"59":2,"60":2,"61":2,"62":2,"63":2,"64":2,"65":8,"66":8,"67":8,"68":8,"69":8,"70":8,"71":8,"72":0,"73":3,"74":0,"75":0,"76":0,"77":2,"78":2,"79":11,"80":11,"81":11,"82":5,"83":0,"84":0,"85":0,"86":11,"87":11,"88":11,"89":0,"90":0,"91":0,"92":0,"93":2,"94":2,"95":2,"96":0,"97":0,"98":0,"99":1,"100":1,"101":1,"102":1,"103":1,"104":1,"105":1,"106":1,"107":1,"108":1,"109":1,"110":1,"111":1,"112":1,"113":1,"114":1,"115":1,"116":1,"117":1,"118":1,"119":1,"120":1,"121":1,"122":1,"123":1,"124":1,"125":1,"126":1,"127":1,"128":1,"129":1,"130":1,"131":1,"132":1,"133":1,"134":1,"135":1,"136":1,"137":1,"138":1,"139":1,"140":1,"141":1,"142":1,"143":1,"144":1,"145":1,"146":1,"147":1,"148":1,"149":1,"150":1,"151":1,"152":1,"153":0,"154":1,"155":1,"156":1,"157":8,"158":8,"159":8,"160":8,"161":8,"162":8,"163":2,"164":2,"165":2,"166":2,"167":2,"168":2,"169":2,"170":2,"171":2,"172":2,"173":2,"174":2,"175":2,"176":2,"177":2,"178":0,"179":8,"180":8,"181":0,"182":0,"183":0,"184":0,"185":0,"186":0,"187":0,"188":0},"f":{"0":1,"1":36,"2":4,"3":1,"4":1,"5":9,"6":9,"7":0,"8":1,"9":1,"10":0,"11":8,"12":8,"13":0,"14":3,"15":2,"16":11,"17":11,"18":0,"19":0,"20":11,"21":11,"22":0,"23":0,"24":2,"25":2,"26":0,"27":1,"28":0,"29":8,"30":8,"31":0,"32":0,"33":0,"34":0},"b":{"0":[2,6],"1":[8,0],"2":[0,3],"3":[5,6],"4":[0,11],"5":[0,2],"6":[2,6],"7":[0,0]},"_coverageSchema":"1a1c01bbd47fc00a2c39e90264f33305004495a9","hash":"ce10b677c8b6b21b6cd5942fba872f1b02080fdb"}
,"C:\\Users\\User\\WebstormProjects\\testForSite\\js\\createCart.js": {"path":"C:\\Users\\User\\WebstormProjects\\testForSite\\js\\createCart.js","statementMap":{"0":{"start":{"line":6,"column":4},"end":{"line":19,"column":5}},"1":{"start":{"line":7,"column":20},"end":{"line":7,"column":52}},"2":{"start":{"line":8,"column":8},"end":{"line":8,"column":58}},"3":{"start":{"line":9,"column":8},"end":{"line":11,"column":9}},"4":{"start":{"line":10,"column":12},"end":{"line":10,"column":31}},"5":{"start":{"line":13,"column":8},"end":{"line":13,"column":58}},"6":{"start":{"line":14,"column":16},"end":{"line":14,"column":43}},"7":{"start":{"line":15,"column":8},"end":{"line":15,"column":37}},"8":{"start":{"line":16,"column":8},"end":{"line":16,"column":32}},"9":{"start":{"line":17,"column":8},"end":{"line":17,"column":37}},"10":{"start":{"line":18,"column":8},"end":{"line":18,"column":58}},"11":{"start":{"line":24,"column":4},"end":{"line":32,"column":40}},"12":{"start":{"line":26,"column":12},"end":{"line":30,"column":13}},"13":{"start":{"line":27,"column":16},"end":{"line":29,"column":17}},"14":{"start":{"line":28,"column":20},"end":{"line":28,"column":54}},"15":{"start":{"line":32,"column":22},"end":{"line":32,"column":38}}},"fnMap":{"0":{"name":"createCart","decl":{"start":{"line":5,"column":16},"end":{"line":5,"column":26}},"loc":{"start":{"line":5,"column":29},"end":{"line":20,"column":1}},"line":5},"1":{"name":"mainSale","decl":{"start":{"line":23,"column":16},"end":{"line":23,"column":24}},"loc":{"start":{"line":23,"column":26},"end":{"line":33,"column":1}},"line":23},"2":{"name":"(anonymous_2)","decl":{"start":{"line":25,"column":14},"end":{"line":25,"column":15}},"loc":{"start":{"line":25,"column":22},"end":{"line":31,"column":9}},"line":25},"3":{"name":"(anonymous_3)","decl":{"start":{"line":32,"column":15},"end":{"line":32,"column":16}},"loc":{"start":{"line":32,"column":22},"end":{"line":32,"column":38}},"line":32}},"branchMap":{"0":{"loc":{"start":{"line":6,"column":4},"end":{"line":19,"column":5}},"type":"if","locations":[{"start":{"line":6,"column":4},"end":{"line":19,"column":5}},{"start":{"line":6,"column":4},"end":{"line":19,"column":5}}],"line":6},"1":{"loc":{"start":{"line":27,"column":16},"end":{"line":29,"column":17}},"type":"if","locations":[{"start":{"line":27,"column":16},"end":{"line":29,"column":17}},{"start":{"line":27,"column":16},"end":{"line":29,"column":17}}],"line":27}},"s":{"0":6,"1":6,"2":6,"3":6,"4":6,"5":0,"6":0,"7":0,"8":0,"9":0,"10":0,"11":1,"12":1,"13":1,"14":0,"15":0},"f":{"0":6,"1":1,"2":1,"3":0},"b":{"0":[6,0],"1":[0,1]},"_coverageSchema":"1a1c01bbd47fc00a2c39e90264f33305004495a9","hash":"2dbec7df0f06594a08d39b8054c720037576389a"}
,"C:\\Users\\User\\WebstormProjects\\testForSite\\js\\createOrder.js": {"path":"C:\\Users\\User\\WebstormProjects\\testForSite\\js\\createOrder.js","statementMap":{"0":{"start":{"line":4,"column":26},"end":{"line":4,"column":31}},"1":{"start":{"line":8,"column":0},"end":{"line":11,"column":2}},"2":{"start":{"line":9,"column":0},"end":{"line":11,"column":2}},"3":{"start":{"line":10,"column":4},"end":{"line":10,"column":33}},"4":{"start":{"line":18,"column":14},"end":{"line":18,"column":43}},"5":{"start":{"line":19,"column":4},"end":{"line":19,"column":39}},"6":{"start":{"line":20,"column":13},"end":{"line":20,"column":41}},"7":{"start":{"line":21,"column":4},"end":{"line":21,"column":23}},"8":{"start":{"line":22,"column":4},"end":{"line":22,"column":34}},"9":{"start":{"line":23,"column":4},"end":{"line":23,"column":26}},"10":{"start":{"line":24,"column":15},"end":{"line":24,"column":44}},"11":{"start":{"line":25,"column":4},"end":{"line":25,"column":32}},"12":{"start":{"line":26,"column":4},"end":{"line":26,"column":25}},"13":{"start":{"line":27,"column":15},"end":{"line":27,"column":44}},"14":{"start":{"line":28,"column":4},"end":{"line":28,"column":30}},"15":{"start":{"line":29,"column":4},"end":{"line":29,"column":26}},"16":{"start":{"line":30,"column":12},"end":{"line":30,"column":39}},"17":{"start":{"line":31,"column":4},"end":{"line":31,"column":24}},"18":{"start":{"line":32,"column":4},"end":{"line":32,"column":18}},"19":{"start":{"line":33,"column":4},"end":{"line":33,"column":23}},"20":{"start":{"line":36,"column":17},"end":{"line":36,"column":48}},"21":{"start":{"line":37,"column":4},"end":{"line":37,"column":24}},"22":{"start":{"line":38,"column":4},"end":{"line":38,"column":22}},"23":{"start":{"line":39,"column":4},"end":{"line":39,"column":39}},"24":{"start":{"line":40,"column":4},"end":{"line":40,"column":28}},"25":{"start":{"line":41,"column":15},"end":{"line":41,"column":44}},"26":{"start":{"line":42,"column":4},"end":{"line":42,"column":30}},"27":{"start":{"line":43,"column":4},"end":{"line":43,"column":26}},"28":{"start":{"line":44,"column":13},"end":{"line":44,"column":40}},"29":{"start":{"line":45,"column":4},"end":{"line":45,"column":28}},"30":{"start":{"line":46,"column":4},"end":{"line":46,"column":22}},"31":{"start":{"line":47,"column":4},"end":{"line":47,"column":24}},"32":{"start":{"line":49,"column":16},"end":{"line":49,"column":47}},"33":{"start":{"line":50,"column":4},"end":{"line":50,"column":23}},"34":{"start":{"line":51,"column":4},"end":{"line":51,"column":27}},"35":{"start":{"line":52,"column":4},"end":{"line":52,"column":38}},"36":{"start":{"line":53,"column":4},"end":{"line":53,"column":24}},"37":{"start":{"line":55,"column":15},"end":{"line":55,"column":44}},"38":{"start":{"line":56,"column":4},"end":{"line":56,"column":30}},"39":{"start":{"line":57,"column":4},"end":{"line":57,"column":26}},"40":{"start":{"line":58,"column":13},"end":{"line":58,"column":40}},"41":{"start":{"line":59,"column":4},"end":{"line":59,"column":30}},"42":{"start":{"line":60,"column":4},"end":{"line":60,"column":20}},"43":{"start":{"line":61,"column":4},"end":{"line":61,"column":24}},"44":{"start":{"line":64,"column":17},"end":{"line":64,"column":48}},"45":{"start":{"line":65,"column":4},"end":{"line":65,"column":24}},"46":{"start":{"line":66,"column":4},"end":{"line":66,"column":35}},"47":{"start":{"line":67,"column":4},"end":{"line":67,"column":23}},"48":{"start":{"line":69,"column":4},"end":{"line":69,"column":28}},"49":{"start":{"line":70,"column":15},"end":{"line":70,"column":44}},"50":{"start":{"line":71,"column":4},"end":{"line":71,"column":30}},"51":{"start":{"line":72,"column":4},"end":{"line":72,"column":26}},"52":{"start":{"line":73,"column":13},"end":{"line":73,"column":40}},"53":{"start":{"line":74,"column":4},"end":{"line":74,"column":26}},"54":{"start":{"line":75,"column":4},"end":{"line":75,"column":19}},"55":{"start":{"line":76,"column":4},"end":{"line":76,"column":24}},"56":{"start":{"line":79,"column":17},"end":{"line":79,"column":48}},"57":{"start":{"line":80,"column":4},"end":{"line":80,"column":24}},"58":{"start":{"line":81,"column":4},"end":{"line":81,"column":22}},"59":{"start":{"line":82,"column":4},"end":{"line":82,"column":28}},"60":{"start":{"line":83,"column":4},"end":{"line":83,"column":53}},"61":{"start":{"line":84,"column":4},"end":{"line":84,"column":55}},"62":{"start":{"line":87,"column":15},"end":{"line":87,"column":44}},"63":{"start":{"line":88,"column":4},"end":{"line":88,"column":26}},"64":{"start":{"line":89,"column":4},"end":{"line":89,"column":30}},"65":{"start":{"line":90,"column":13},"end":{"line":90,"column":40}},"66":{"start":{"line":91,"column":4},"end":{"line":91,"column":28}},"67":{"start":{"line":92,"column":4},"end":{"line":92,"column":24}},"68":{"start":{"line":93,"column":17},"end":{"line":93,"column":48}},"69":{"start":{"line":94,"column":4},"end":{"line":94,"column":24}},"70":{"start":{"line":95,"column":4},"end":{"line":95,"column":28}},"71":{"start":{"line":96,"column":4},"end":{"line":96,"column":25}},"72":{"start":{"line":98,"column":15},"end":{"line":98,"column":44}},"73":{"start":{"line":99,"column":4},"end":{"line":99,"column":26}},"74":{"start":{"line":100,"column":4},"end":{"line":100,"column":30}},"75":{"start":{"line":101,"column":13},"end":{"line":101,"column":40}},"76":{"start":{"line":102,"column":4},"end":{"line":102,"column":35}},"77":{"start":{"line":103,"column":4},"end":{"line":103,"column":24}},"78":{"start":{"line":104,"column":17},"end":{"line":104,"column":48}},"79":{"start":{"line":105,"column":4},"end":{"line":105,"column":24}},"80":{"start":{"line":106,"column":4},"end":{"line":106,"column":28}},"81":{"start":{"line":107,"column":4},"end":{"line":107,"column":30}},"82":{"start":{"line":109,"column":15},"end":{"line":109,"column":44}},"83":{"start":{"line":110,"column":4},"end":{"line":110,"column":56}},"84":{"start":{"line":111,"column":19},"end":{"line":111,"column":47}},"85":{"start":{"line":112,"column":4},"end":{"line":112,"column":31}},"86":{"start":{"line":113,"column":4},"end":{"line":113,"column":34}},"87":{"start":{"line":114,"column":4},"end":{"line":114,"column":46}},"88":{"start":{"line":115,"column":4},"end":{"line":115,"column":30}},"89":{"start":{"line":116,"column":4},"end":{"line":116,"column":31}},"90":{"start":{"line":118,"column":4},"end":{"line":184,"column":5}},"91":{"start":{"line":119,"column":8},"end":{"line":119,"column":17}},"92":{"start":{"line":120,"column":18},"end":{"line":120,"column":50}},"93":{"start":{"line":121,"column":8},"end":{"line":121,"column":24}},"94":{"start":{"line":122,"column":8},"end":{"line":122,"column":32}},"95":{"start":{"line":123,"column":8},"end":{"line":123,"column":33}},"96":{"start":{"line":124,"column":8},"end":{"line":124,"column":32}},"97":{"start":{"line":125,"column":8},"end":{"line":125,"column":33}},"98":{"start":{"line":126,"column":8},"end":{"line":126,"column":31}},"99":{"start":{"line":127,"column":8},"end":{"line":127,"column":38}},"100":{"start":{"line":128,"column":8},"end":{"line":128,"column":59}},"101":{"start":{"line":132,"column":8},"end":{"line":176,"column":10}},"102":{"start":{"line":133,"column":12},"end":{"line":133,"column":40}},"103":{"start":{"line":134,"column":12},"end":{"line":134,"column":40}},"104":{"start":{"line":135,"column":12},"end":{"line":135,"column":39}},"105":{"start":{"line":136,"column":12},"end":{"line":136,"column":40}},"106":{"start":{"line":137,"column":12},"end":{"line":140,"column":13}},"107":{"start":{"line":138,"column":16},"end":{"line":138,"column":51}},"108":{"start":{"line":139,"column":16},"end":{"line":139,"column":89}},"109":{"start":{"line":140,"column":13},"end":{"line":143,"column":13}},"110":{"start":{"line":141,"column":16},"end":{"line":141,"column":51}},"111":{"start":{"line":142,"column":16},"end":{"line":142,"column":100}},"112":{"start":{"line":143,"column":13},"end":{"line":146,"column":13}},"113":{"start":{"line":144,"column":16},"end":{"line":144,"column":51}},"114":{"start":{"line":145,"column":16},"end":{"line":145,"column":106}},"115":{"start":{"line":146,"column":13},"end":{"line":149,"column":13}},"116":{"start":{"line":147,"column":16},"end":{"line":147,"column":50}},"117":{"start":{"line":148,"column":16},"end":{"line":148,"column":91}},"118":{"start":{"line":149,"column":13},"end":{"line":174,"column":13}},"119":{"start":{"line":150,"column":29},"end":{"line":158,"column":17}},"120":{"start":{"line":159,"column":16},"end":{"line":159,"column":33}},"121":{"start":{"line":160,"column":16},"end":{"line":164,"column":50}},"122":{"start":{"line":162,"column":24},"end":{"line":162,"column":42}},"123":{"start":{"line":164,"column":33},"end":{"line":164,"column":49}},"124":{"start":{"line":167,"column":16},"end":{"line":167,"column":35}},"125":{"start":{"line":168,"column":16},"end":{"line":173,"column":17}},"126":{"start":{"line":169,"column":20},"end":{"line":169,"column":66}},"127":{"start":{"line":171,"column":20},"end":{"line":171,"column":33}},"128":{"start":{"line":172,"column":20},"end":{"line":172,"column":66}},"129":{"start":{"line":179,"column":22},"end":{"line":179,"column":50}},"130":{"start":{"line":180,"column":8},"end":{"line":180,"column":70}},"131":{"start":{"line":181,"column":8},"end":{"line":181,"column":37}},"132":{"start":{"line":182,"column":8},"end":{"line":182,"column":49}},"133":{"start":{"line":183,"column":8},"end":{"line":183,"column":33}},"134":{"start":{"line":191,"column":14},"end":{"line":191,"column":46}},"135":{"start":{"line":193,"column":8},"end":{"line":193,"column":58}},"136":{"start":{"line":194,"column":20},"end":{"line":194,"column":70}},"137":{"start":{"line":195,"column":8},"end":{"line":197,"column":9}},"138":{"start":{"line":196,"column":12},"end":{"line":196,"column":54}},"139":{"start":{"line":198,"column":8},"end":{"line":200,"column":9}},"140":{"start":{"line":199,"column":12},"end":{"line":199,"column":36}},"141":{"start":{"line":204,"column":23},"end":{"line":204,"column":52}},"142":{"start":{"line":205,"column":8},"end":{"line":205,"column":49}},"143":{"start":{"line":206,"column":4},"end":{"line":206,"column":43}},"144":{"start":{"line":207,"column":18},"end":{"line":207,"column":47}},"145":{"start":{"line":208,"column":8},"end":{"line":208,"column":27}},"146":{"start":{"line":209,"column":8},"end":{"line":209,"column":33}},"147":{"start":{"line":210,"column":8},"end":{"line":210,"column":33}},"148":{"start":{"line":211,"column":16},"end":{"line":211,"column":43}},"149":{"start":{"line":212,"column":8},"end":{"line":212,"column":37}},"150":{"start":{"line":213,"column":8},"end":{"line":213,"column":36}},"151":{"start":{"line":214,"column":20},"end":{"line":214,"column":51}},"152":{"start":{"line":215,"column":8},"end":{"line":215,"column":28}},"153":{"start":{"line":216,"column":8},"end":{"line":216,"column":39}},"154":{"start":{"line":217,"column":19},"end":{"line":217,"column":46}},"155":{"start":{"line":218,"column":8},"end":{"line":218,"column":41}},"156":{"start":{"line":219,"column":8},"end":{"line":219,"column":45}},"157":{"start":{"line":220,"column":18},"end":{"line":220,"column":50}},"158":{"start":{"line":221,"column":8},"end":{"line":221,"column":40}},"159":{"start":{"line":222,"column":20},"end":{"line":222,"column":26}},"160":{"start":{"line":223,"column":21},"end":{"line":223,"column":26}},"161":{"start":{"line":224,"column":8},"end":{"line":224,"column":37}},"162":{"start":{"line":225,"column":8},"end":{"line":228,"column":10}},"163":{"start":{"line":226,"column":12},"end":{"line":226,"column":31}},"164":{"start":{"line":227,"column":12},"end":{"line":227,"column":25}},"165":{"start":{"line":229,"column":8},"end":{"line":229,"column":33}},"166":{"start":{"line":230,"column":8},"end":{"line":230,"column":33}},"167":{"start":{"line":231,"column":8},"end":{"line":231,"column":31}},"168":{"start":{"line":232,"column":8},"end":{"line":232,"column":35}},"169":{"start":{"line":233,"column":8},"end":{"line":233,"column":34}},"170":{"start":{"line":234,"column":8},"end":{"line":234,"column":33}},"171":{"start":{"line":235,"column":8},"end":{"line":235,"column":64}},"172":{"start":{"line":241,"column":13},"end":{"line":241,"column":27}},"173":{"start":{"line":242,"column":4},"end":{"line":242,"column":26}},"174":{"start":{"line":251,"column":14},"end":{"line":251,"column":43}},"175":{"start":{"line":252,"column":4},"end":{"line":252,"column":39}},"176":{"start":{"line":253,"column":13},"end":{"line":253,"column":41}},"177":{"start":{"line":254,"column":4},"end":{"line":254,"column":23}},"178":{"start":{"line":255,"column":4},"end":{"line":255,"column":48}},"179":{"start":{"line":256,"column":4},"end":{"line":256,"column":38}},"180":{"start":{"line":257,"column":15},"end":{"line":257,"column":44}},"181":{"start":{"line":258,"column":4},"end":{"line":258,"column":32}},"182":{"start":{"line":259,"column":4},"end":{"line":259,"column":25}},"183":{"start":{"line":260,"column":15},"end":{"line":260,"column":44}},"184":{"start":{"line":261,"column":4},"end":{"line":261,"column":30}},"185":{"start":{"line":262,"column":4},"end":{"line":262,"column":26}},"186":{"start":{"line":263,"column":12},"end":{"line":263,"column":39}},"187":{"start":{"line":264,"column":4},"end":{"line":264,"column":66}},"188":{"start":{"line":265,"column":4},"end":{"line":265,"column":23}},"189":{"start":{"line":266,"column":15},"end":{"line":266,"column":44}},"190":{"start":{"line":267,"column":4},"end":{"line":267,"column":30}},"191":{"start":{"line":268,"column":4},"end":{"line":268,"column":26}},"192":{"start":{"line":269,"column":13},"end":{"line":269,"column":40}},"193":{"start":{"line":270,"column":4},"end":{"line":270,"column":73}},"194":{"start":{"line":271,"column":4},"end":{"line":271,"column":24}},"195":{"start":{"line":273,"column":15},"end":{"line":273,"column":44}},"196":{"start":{"line":274,"column":4},"end":{"line":274,"column":30}},"197":{"start":{"line":275,"column":4},"end":{"line":275,"column":26}},"198":{"start":{"line":276,"column":13},"end":{"line":276,"column":40}},"199":{"start":{"line":277,"column":4},"end":{"line":277,"column":69}},"200":{"start":{"line":278,"column":4},"end":{"line":278,"column":24}},"201":{"start":{"line":280,"column":15},"end":{"line":280,"column":44}},"202":{"start":{"line":281,"column":4},"end":{"line":281,"column":30}},"203":{"start":{"line":282,"column":4},"end":{"line":282,"column":26}},"204":{"start":{"line":283,"column":13},"end":{"line":283,"column":40}},"205":{"start":{"line":284,"column":4},"end":{"line":284,"column":67}},"206":{"start":{"line":285,"column":4},"end":{"line":285,"column":24}},"207":{"start":{"line":288,"column":4},"end":{"line":295,"column":5}},"208":{"start":{"line":289,"column":19},"end":{"line":289,"column":48}},"209":{"start":{"line":290,"column":8},"end":{"line":290,"column":34}},"210":{"start":{"line":291,"column":8},"end":{"line":291,"column":30}},"211":{"start":{"line":292,"column":17},"end":{"line":292,"column":44}},"212":{"start":{"line":293,"column":8},"end":{"line":293,"column":77}},"213":{"start":{"line":294,"column":8},"end":{"line":294,"column":28}},"214":{"start":{"line":296,"column":4},"end":{"line":303,"column":5}},"215":{"start":{"line":297,"column":19},"end":{"line":297,"column":48}},"216":{"start":{"line":298,"column":8},"end":{"line":298,"column":34}},"217":{"start":{"line":299,"column":8},"end":{"line":299,"column":30}},"218":{"start":{"line":300,"column":17},"end":{"line":300,"column":44}},"219":{"start":{"line":301,"column":8},"end":{"line":301,"column":89}},"220":{"start":{"line":302,"column":8},"end":{"line":302,"column":28}},"221":{"start":{"line":304,"column":4},"end":{"line":304,"column":14}},"222":{"start":{"line":309,"column":4},"end":{"line":309,"column":53}},"223":{"start":{"line":310,"column":4},"end":{"line":310,"column":58}}},"fnMap":{"0":{"name":"(anonymous_0)","decl":{"start":{"line":9,"column":64},"end":{"line":9,"column":65}},"loc":{"start":{"line":9,"column":75},"end":{"line":11,"column":1}},"line":9},"1":{"name":"createOrder","decl":{"start":{"line":14,"column":16},"end":{"line":14,"column":27}},"loc":{"start":{"line":14,"column":30},"end":{"line":187,"column":1}},"line":14},"2":{"name":"(anonymous_2)","decl":{"start":{"line":132,"column":67},"end":{"line":132,"column":68}},"loc":{"start":{"line":132,"column":78},"end":{"line":176,"column":9}},"line":132},"3":{"name":"(anonymous_3)","decl":{"start":{"line":161,"column":26},"end":{"line":161,"column":27}},"loc":{"start":{"line":161,"column":34},"end":{"line":163,"column":21}},"line":161},"4":{"name":"(anonymous_4)","decl":{"start":{"line":164,"column":27},"end":{"line":164,"column":28}},"loc":{"start":{"line":164,"column":33},"end":{"line":164,"column":49}},"line":164},"5":{"name":"creator","decl":{"start":{"line":190,"column":16},"end":{"line":190,"column":23}},"loc":{"start":{"line":190,"column":26},"end":{"line":201,"column":1}},"line":190},"6":{"name":"catalogCreator","decl":{"start":{"line":203,"column":16},"end":{"line":203,"column":30}},"loc":{"start":{"line":203,"column":34},"end":{"line":236,"column":1}},"line":203},"7":{"name":"(anonymous_7)","decl":{"start":{"line":225,"column":37},"end":{"line":225,"column":38}},"loc":{"start":{"line":225,"column":49},"end":{"line":228,"column":9}},"line":225},"8":{"name":"validateEmail","decl":{"start":{"line":239,"column":16},"end":{"line":239,"column":29}},"loc":{"start":{"line":240,"column":0},"end":{"line":243,"column":1}},"line":240},"9":{"name":"createVarOfOrder","decl":{"start":{"line":249,"column":16},"end":{"line":249,"column":32}},"loc":{"start":{"line":249,"column":34},"end":{"line":305,"column":1}},"line":249},"10":{"name":"checkOrderStatus","decl":{"start":{"line":308,"column":16},"end":{"line":308,"column":32}},"loc":{"start":{"line":308,"column":34},"end":{"line":311,"column":1}},"line":308}},"branchMap":{"0":{"loc":{"start":{"line":8,"column":0},"end":{"line":11,"column":2}},"type":"if","locations":[{"start":{"line":8,"column":0},"end":{"line":11,"column":2}},{"start":{"line":8,"column":0},"end":{"line":11,"column":2}}],"line":8},"1":{"loc":{"start":{"line":118,"column":4},"end":{"line":184,"column":5}},"type":"if","locations":[{"start":{"line":118,"column":4},"end":{"line":184,"column":5}},{"start":{"line":118,"column":4},"end":{"line":184,"column":5}}],"line":118},"2":{"loc":{"start":{"line":137,"column":12},"end":{"line":140,"column":13}},"type":"if","locations":[{"start":{"line":137,"column":12},"end":{"line":140,"column":13}},{"start":{"line":137,"column":12},"end":{"line":140,"column":13}}],"line":137},"3":{"loc":{"start":{"line":140,"column":13},"end":{"line":143,"column":13}},"type":"if","locations":[{"start":{"line":140,"column":13},"end":{"line":143,"column":13}},{"start":{"line":140,"column":13},"end":{"line":143,"column":13}}],"line":140},"4":{"loc":{"start":{"line":140,"column":16},"end":{"line":140,"column":112}},"type":"binary-expr","locations":[{"start":{"line":140,"column":16},"end":{"line":140,"column":64}},{"start":{"line":140,"column":68},"end":{"line":140,"column":112}}],"line":140},"5":{"loc":{"start":{"line":143,"column":13},"end":{"line":146,"column":13}},"type":"if","locations":[{"start":{"line":143,"column":13},"end":{"line":146,"column":13}},{"start":{"line":143,"column":13},"end":{"line":146,"column":13}}],"line":143},"6":{"loc":{"start":{"line":143,"column":16},"end":{"line":143,"column":118}},"type":"binary-expr","locations":[{"start":{"line":143,"column":16},"end":{"line":143,"column":67}},{"start":{"line":143,"column":71},"end":{"line":143,"column":118}}],"line":143},"7":{"loc":{"start":{"line":146,"column":13},"end":{"line":149,"column":13}},"type":"if","locations":[{"start":{"line":146,"column":13},"end":{"line":149,"column":13}},{"start":{"line":146,"column":13},"end":{"line":149,"column":13}}],"line":146},"8":{"loc":{"start":{"line":146,"column":16},"end":{"line":146,"column":114}},"type":"binary-expr","locations":[{"start":{"line":146,"column":16},"end":{"line":146,"column":65}},{"start":{"line":146,"column":69},"end":{"line":146,"column":114}}],"line":146},"9":{"loc":{"start":{"line":149,"column":13},"end":{"line":174,"column":13}},"type":"if","locations":[{"start":{"line":149,"column":13},"end":{"line":174,"column":13}},{"start":{"line":149,"column":13},"end":{"line":174,"column":13}}],"line":149},"10":{"loc":{"start":{"line":149,"column":16},"end":{"line":149,"column":226}},"type":"binary-expr","locations":[{"start":{"line":149,"column":16},"end":{"line":149,"column":68}},{"start":{"line":149,"column":72},"end":{"line":149,"column":119}},{"start":{"line":149,"column":123},"end":{"line":149,"column":173}},{"start":{"line":149,"column":178},"end":{"line":149,"column":226}}],"line":149},"11":{"loc":{"start":{"line":168,"column":16},"end":{"line":173,"column":17}},"type":"if","locations":[{"start":{"line":168,"column":16},"end":{"line":173,"column":17}},{"start":{"line":168,"column":16},"end":{"line":173,"column":17}}],"line":168},"12":{"loc":{"start":{"line":288,"column":4},"end":{"line":295,"column":5}},"type":"if","locations":[{"start":{"line":288,"column":4},"end":{"line":295,"column":5}},{"start":{"line":288,"column":4},"end":{"line":295,"column":5}}],"line":288},"13":{"loc":{"start":{"line":296,"column":4},"end":{"line":303,"column":5}},"type":"if","locations":[{"start":{"line":296,"column":4},"end":{"line":303,"column":5}},{"start":{"line":296,"column":4},"end":{"line":303,"column":5}}],"line":296}},"s":{"0":1,"1":1,"2":0,"3":0,"4":4,"5":4,"6":4,"7":4,"8":4,"9":4,"10":4,"11":4,"12":4,"13":4,"14":4,"15":4,"16":4,"17":4,"18":4,"19":4,"20":4,"21":4,"22":4,"23":4,"24":4,"25":4,"26":4,"27":4,"28":4,"29":4,"30":4,"31":4,"32":4,"33":4,"34":4,"35":4,"36":4,"37":4,"38":4,"39":4,"40":4,"41":4,"42":4,"43":4,"44":4,"45":4,"46":4,"47":4,"48":4,"49":4,"50":4,"51":4,"52":4,"53":4,"54":4,"55":4,"56":4,"57":4,"58":4,"59":4,"60":4,"61":4,"62":4,"63":4,"64":4,"65":4,"66":4,"67":4,"68":4,"69":4,"70":4,"71":4,"72":4,"73":4,"74":4,"75":4,"76":4,"77":4,"78":4,"79":4,"80":4,"81":4,"82":4,"83":4,"84":4,"85":4,"86":4,"87":4,"88":4,"89":4,"90":4,"91":4,"92":4,"93":4,"94":4,"95":4,"96":4,"97":4,"98":4,"99":4,"100":4,"101":4,"102":1,"103":1,"104":1,"105":1,"106":1,"107":1,"108":1,"109":1,"110":1,"111":1,"112":1,"113":1,"114":1,"115":1,"116":1,"117":1,"118":1,"119":0,"120":0,"121":0,"122":0,"123":0,"124":0,"125":0,"126":0,"127":0,"128":0,"129":0,"130":0,"131":0,"132":0,"133":0,"134":5,"135":5,"136":5,"137":5,"138":1,"139":5,"140":5,"141":7,"142":7,"143":7,"144":7,"145":7,"146":7,"147":7,"148":7,"149":7,"150":7,"151":7,"152":7,"153":7,"154":7,"155":7,"156":7,"157":7,"158":7,"159":7,"160":7,"161":7,"162":7,"163":0,"164":0,"165":7,"166":7,"167":7,"168":7,"169":7,"170":7,"171":7,"172":5,"173":5,"174":2,"175":2,"176":2,"177":2,"178":2,"179":2,"180":2,"181":2,"182":2,"183":2,"184":2,"185":2,"186":2,"187":2,"188":2,"189":2,"190":2,"191":2,"192":2,"193":2,"194":2,"195":2,"196":2,"197":2,"198":2,"199":2,"200":2,"201":2,"202":2,"203":2,"204":2,"205":2,"206":2,"207":2,"208":0,"209":0,"210":0,"211":0,"212":0,"213":0,"214":2,"215":0,"216":0,"217":0,"218":0,"219":0,"220":0,"221":2,"222":2,"223":2},"f":{"0":0,"1":4,"2":1,"3":0,"4":0,"5":5,"6":7,"7":0,"8":5,"9":2,"10":2},"b":{"0":[0,1],"1":[4,0],"2":[1,0],"3":[1,0],"4":[1,1],"5":[1,0],"6":[1,1],"7":[1,0],"8":[1,0],"9":[0,1],"10":[1,0,0,0],"11":[0,0],"12":[0,2],"13":[0,2]},"_coverageSchema":"1a1c01bbd47fc00a2c39e90264f33305004495a9","hash":"5f3acb587a24abd66ad7034567dd754310f99e47"}
,"C:\\Users\\User\\WebstormProjects\\testForSite\\js\\parsejson.js": {"path":"C:\\Users\\User\\WebstormProjects\\testForSite\\js\\parsejson.js","statementMap":{"0":{"start":{"line":4,"column":4},"end":{"line":4,"column":83}},"1":{"start":{"line":9,"column":4},"end":{"line":9,"column":18}},"2":{"start":{"line":11,"column":4},"end":{"line":16,"column":6}},"3":{"start":{"line":12,"column":8},"end":{"line":15,"column":9}},"4":{"start":{"line":13,"column":16},"end":{"line":13,"column":29}},"5":{"start":{"line":14,"column":12},"end":{"line":14,"column":35}},"6":{"start":{"line":22,"column":4},"end":{"line":29,"column":6}},"7":{"start":{"line":26,"column":8},"end":{"line":28,"column":9}},"8":{"start":{"line":27,"column":12},"end":{"line":27,"column":34}}},"fnMap":{"0":{"name":"getURL","decl":{"start":{"line":3,"column":16},"end":{"line":3,"column":22}},"loc":{"start":{"line":3,"column":25},"end":{"line":5,"column":1}},"line":3},"1":{"name":"sendRequest","decl":{"start":{"line":7,"column":16},"end":{"line":7,"column":27}},"loc":{"start":{"line":7,"column":41},"end":{"line":17,"column":1}},"line":7},"2":{"name":"(anonymous_2)","decl":{"start":{"line":11,"column":27},"end":{"line":11,"column":28}},"loc":{"start":{"line":11,"column":39},"end":{"line":16,"column":5}},"line":11},"3":{"name":"sendPOST","decl":{"start":{"line":21,"column":16},"end":{"line":21,"column":24}},"loc":{"start":{"line":21,"column":48},"end":{"line":30,"column":1}},"line":21},"4":{"name":"(anonymous_4)","decl":{"start":{"line":25,"column":16},"end":{"line":25,"column":17}},"loc":{"start":{"line":25,"column":28},"end":{"line":29,"column":5}},"line":25}},"branchMap":{"0":{"loc":{"start":{"line":12,"column":8},"end":{"line":15,"column":9}},"type":"if","locations":[{"start":{"line":12,"column":8},"end":{"line":15,"column":9}},{"start":{"line":12,"column":8},"end":{"line":15,"column":9}}],"line":12},"1":{"loc":{"start":{"line":21,"column":36},"end":{"line":21,"column":47}},"type":"default-arg","locations":[{"start":{"line":21,"column":43},"end":{"line":21,"column":47}}],"line":21},"2":{"loc":{"start":{"line":26,"column":8},"end":{"line":28,"column":9}},"type":"if","locations":[{"start":{"line":26,"column":8},"end":{"line":28,"column":9}},{"start":{"line":26,"column":8},"end":{"line":28,"column":9}}],"line":26}},"s":{"0":87,"1":78,"2":78,"3":78,"4":78,"5":78,"6":6,"7":6,"8":6},"f":{"0":87,"1":78,"2":78,"3":6,"4":6},"b":{"0":[78,0],"1":[6],"2":[6,0]},"_coverageSchema":"1a1c01bbd47fc00a2c39e90264f33305004495a9","hash":"ae34e0e446fddef3c2cc4e8e082d1bae00f5a2e9"}
,"C:\\Users\\User\\WebstormProjects\\testForSite\\js\\routing.js": {"path":"C:\\Users\\User\\WebstormProjects\\testForSite\\js\\routing.js","statementMap":{"0":{"start":{"line":15,"column":0},"end":{"line":18,"column":2}},"1":{"start":{"line":16,"column":4},"end":{"line":16,"column":15}},"2":{"start":{"line":17,"column":4},"end":{"line":17,"column":13}},"3":{"start":{"line":20,"column":0},"end":{"line":23,"column":2}},"4":{"start":{"line":21,"column":4},"end":{"line":21,"column":15}},"5":{"start":{"line":22,"column":4},"end":{"line":22,"column":13}},"6":{"start":{"line":26,"column":21},"end":{"line":26,"column":26}},"7":{"start":{"line":30,"column":4},"end":{"line":86,"column":9}},"8":{"start":{"line":31,"column":12},"end":{"line":31,"column":72}},"9":{"start":{"line":32,"column":12},"end":{"line":32,"column":68}},"10":{"start":{"line":33,"column":12},"end":{"line":33,"column":67}},"11":{"start":{"line":35,"column":9},"end":{"line":86,"column":9}},"12":{"start":{"line":36,"column":8},"end":{"line":36,"column":27}},"13":{"start":{"line":37,"column":8},"end":{"line":37,"column":65}},"14":{"start":{"line":39,"column":9},"end":{"line":86,"column":9}},"15":{"start":{"line":40,"column":21},"end":{"line":40,"column":43}},"16":{"start":{"line":41,"column":8},"end":{"line":46,"column":9}},"17":{"start":{"line":42,"column":12},"end":{"line":42,"column":27}},"18":{"start":{"line":43,"column":12},"end":{"line":43,"column":30}},"19":{"start":{"line":45,"column":12},"end":{"line":45,"column":30}},"20":{"start":{"line":47,"column":14},"end":{"line":86,"column":9}},"21":{"start":{"line":48,"column":12},"end":{"line":53,"column":13}},"22":{"start":{"line":49,"column":26},"end":{"line":49,"column":48}},"23":{"start":{"line":50,"column":16},"end":{"line":50,"column":37}},"24":{"start":{"line":52,"column":16},"end":{"line":52,"column":34}},"25":{"start":{"line":54,"column":10},"end":{"line":86,"column":9}},"26":{"start":{"line":55,"column":8},"end":{"line":60,"column":9}},"27":{"start":{"line":56,"column":22},"end":{"line":56,"column":44}},"28":{"start":{"line":57,"column":12},"end":{"line":57,"column":23}},"29":{"start":{"line":59,"column":12},"end":{"line":59,"column":30}},"30":{"start":{"line":61,"column":11},"end":{"line":86,"column":9}},"31":{"start":{"line":62,"column":8},"end":{"line":62,"column":30}},"32":{"start":{"line":63,"column":8},"end":{"line":63,"column":34}},"33":{"start":{"line":64,"column":8},"end":{"line":64,"column":36}},"34":{"start":{"line":65,"column":8},"end":{"line":65,"column":65}},"35":{"start":{"line":66,"column":8},"end":{"line":66,"column":20}},"36":{"start":{"line":67,"column":10},"end":{"line":86,"column":9}},"37":{"start":{"line":68,"column":8},"end":{"line":68,"column":64}},"38":{"start":{"line":69,"column":8},"end":{"line":69,"column":66}},"39":{"start":{"line":70,"column":8},"end":{"line":70,"column":63}},"40":{"start":{"line":71,"column":8},"end":{"line":71,"column":64}},"41":{"start":{"line":72,"column":8},"end":{"line":72,"column":22}},"42":{"start":{"line":74,"column":10},"end":{"line":86,"column":9}},"43":{"start":{"line":75,"column":8},"end":{"line":75,"column":27}},"44":{"start":{"line":76,"column":8},"end":{"line":76,"column":27}},"45":{"start":{"line":77,"column":8},"end":{"line":77,"column":17}},"46":{"start":{"line":78,"column":8},"end":{"line":78,"column":39}},"47":{"start":{"line":79,"column":8},"end":{"line":79,"column":75}},"48":{"start":{"line":79,"column":63},"end":{"line":79,"column":73}},"49":{"start":{"line":82,"column":12},"end":{"line":82,"column":69}},"50":{"start":{"line":83,"column":12},"end":{"line":83,"column":24}},"51":{"start":{"line":84,"column":12},"end":{"line":84,"column":25}},"52":{"start":{"line":85,"column":12},"end":{"line":85,"column":25}},"53":{"start":{"line":91,"column":4},"end":{"line":91,"column":29}}},"fnMap":{"0":{"name":"(anonymous_0)","decl":{"start":{"line":15,"column":32},"end":{"line":15,"column":33}},"loc":{"start":{"line":15,"column":44},"end":{"line":18,"column":1}},"line":15},"1":{"name":"(anonymous_1)","decl":{"start":{"line":20,"column":37},"end":{"line":20,"column":38}},"loc":{"start":{"line":20,"column":48},"end":{"line":23,"column":1}},"line":20},"2":{"name":"routing","decl":{"start":{"line":28,"column":16},"end":{"line":28,"column":23}},"loc":{"start":{"line":28,"column":25},"end":{"line":87,"column":1}},"line":28},"3":{"name":"(anonymous_3)","decl":{"start":{"line":79,"column":58},"end":{"line":79,"column":59}},"loc":{"start":{"line":79,"column":63},"end":{"line":79,"column":73}},"line":79},"4":{"name":"browseShop","decl":{"start":{"line":90,"column":16},"end":{"line":90,"column":26}},"loc":{"start":{"line":90,"column":29},"end":{"line":92,"column":1}},"line":90}},"branchMap":{"0":{"loc":{"start":{"line":30,"column":4},"end":{"line":86,"column":9}},"type":"if","locations":[{"start":{"line":30,"column":4},"end":{"line":86,"column":9}},{"start":{"line":30,"column":4},"end":{"line":86,"column":9}}],"line":30},"1":{"loc":{"start":{"line":35,"column":9},"end":{"line":86,"column":9}},"type":"if","locations":[{"start":{"line":35,"column":9},"end":{"line":86,"column":9}},{"start":{"line":35,"column":9},"end":{"line":86,"column":9}}],"line":35},"2":{"loc":{"start":{"line":39,"column":9},"end":{"line":86,"column":9}},"type":"if","locations":[{"start":{"line":39,"column":9},"end":{"line":86,"column":9}},{"start":{"line":39,"column":9},"end":{"line":86,"column":9}}],"line":39},"3":{"loc":{"start":{"line":41,"column":8},"end":{"line":46,"column":9}},"type":"if","locations":[{"start":{"line":41,"column":8},"end":{"line":46,"column":9}},{"start":{"line":41,"column":8},"end":{"line":46,"column":9}}],"line":41},"4":{"loc":{"start":{"line":41,"column":11},"end":{"line":41,"column":77}},"type":"binary-expr","locations":[{"start":{"line":41,"column":11},"end":{"line":41,"column":23}},{"start":{"line":41,"column":27},"end":{"line":41,"column":43}},{"start":{"line":41,"column":47},"end":{"line":41,"column":59}},{"start":{"line":41,"column":63},"end":{"line":41,"column":77}}],"line":41},"5":{"loc":{"start":{"line":47,"column":14},"end":{"line":86,"column":9}},"type":"if","locations":[{"start":{"line":47,"column":14},"end":{"line":86,"column":9}},{"start":{"line":47,"column":14},"end":{"line":86,"column":9}}],"line":47},"6":{"loc":{"start":{"line":48,"column":12},"end":{"line":53,"column":13}},"type":"if","locations":[{"start":{"line":48,"column":12},"end":{"line":53,"column":13}},{"start":{"line":48,"column":12},"end":{"line":53,"column":13}}],"line":48},"7":{"loc":{"start":{"line":48,"column":15},"end":{"line":48,"column":81}},"type":"binary-expr","locations":[{"start":{"line":48,"column":15},"end":{"line":48,"column":47}},{"start":{"line":48,"column":51},"end":{"line":48,"column":81}}],"line":48},"8":{"loc":{"start":{"line":54,"column":10},"end":{"line":86,"column":9}},"type":"if","locations":[{"start":{"line":54,"column":10},"end":{"line":86,"column":9}},{"start":{"line":54,"column":10},"end":{"line":86,"column":9}}],"line":54},"9":{"loc":{"start":{"line":55,"column":8},"end":{"line":60,"column":9}},"type":"if","locations":[{"start":{"line":55,"column":8},"end":{"line":60,"column":9}},{"start":{"line":55,"column":8},"end":{"line":60,"column":9}}],"line":55},"10":{"loc":{"start":{"line":55,"column":11},"end":{"line":55,"column":77}},"type":"binary-expr","locations":[{"start":{"line":55,"column":11},"end":{"line":55,"column":43}},{"start":{"line":55,"column":47},"end":{"line":55,"column":77}}],"line":55},"11":{"loc":{"start":{"line":61,"column":11},"end":{"line":86,"column":9}},"type":"if","locations":[{"start":{"line":61,"column":11},"end":{"line":86,"column":9}},{"start":{"line":61,"column":11},"end":{"line":86,"column":9}}],"line":61},"12":{"loc":{"start":{"line":67,"column":10},"end":{"line":86,"column":9}},"type":"if","locations":[{"start":{"line":67,"column":10},"end":{"line":86,"column":9}},{"start":{"line":67,"column":10},"end":{"line":86,"column":9}}],"line":67},"13":{"loc":{"start":{"line":74,"column":10},"end":{"line":86,"column":9}},"type":"if","locations":[{"start":{"line":74,"column":10},"end":{"line":86,"column":9}},{"start":{"line":74,"column":10},"end":{"line":86,"column":9}}],"line":74},"14":{"loc":{"start":{"line":74,"column":13},"end":{"line":74,"column":86}},"type":"binary-expr","locations":[{"start":{"line":74,"column":13},"end":{"line":74,"column":70}},{"start":{"line":74,"column":74},"end":{"line":74,"column":86}}],"line":74}},"s":{"0":1,"1":0,"2":0,"3":1,"4":0,"5":0,"6":1,"7":12,"8":1,"9":1,"10":1,"11":11,"12":1,"13":1,"14":10,"15":4,"16":4,"17":4,"18":4,"19":0,"20":6,"21":1,"22":1,"23":1,"24":0,"25":5,"26":1,"27":1,"28":1,"29":0,"30":4,"31":2,"32":2,"33":2,"34":2,"35":2,"36":2,"37":1,"38":1,"39":1,"40":1,"41":1,"42":1,"43":0,"44":0,"45":0,"46":0,"47":0,"48":0,"49":1,"50":1,"51":1,"52":1,"53":2},"f":{"0":0,"1":0,"2":12,"3":0,"4":2},"b":{"0":[1,11],"1":[1,10],"2":[4,6],"3":[4,0],"4":[4,3,2,1],"5":[1,5],"6":[1,0],"7":[1,0],"8":[1,4],"9":[1,0],"10":[1,0],"11":[2,2],"12":[1,1],"13":[0,1],"14":[1,0]},"_coverageSchema":"1a1c01bbd47fc00a2c39e90264f33305004495a9","hash":"92fcbf9c571109d46ea8e3638555109fd9cabf0e"}
,"C:\\Users\\User\\WebstormProjects\\testForSite\\js\\salesPageCreator.js": {"path":"C:\\Users\\User\\WebstormProjects\\testForSite\\js\\salesPageCreator.js","statementMap":{"0":{"start":{"line":4,"column":4},"end":{"line":4,"column":53}},"1":{"start":{"line":5,"column":14},"end":{"line":5,"column":43}},"2":{"start":{"line":6,"column":4},"end":{"line":6,"column":30}},"3":{"start":{"line":8,"column":4},"end":{"line":27,"column":40}},"4":{"start":{"line":10,"column":12},"end":{"line":25,"column":13}},"5":{"start":{"line":12,"column":34},"end":{"line":12,"column":63}},"6":{"start":{"line":13,"column":16},"end":{"line":13,"column":56}},"7":{"start":{"line":14,"column":16},"end":{"line":14,"column":44}},"8":{"start":{"line":15,"column":26},"end":{"line":15,"column":55}},"9":{"start":{"line":16,"column":16},"end":{"line":16,"column":46}},"10":{"start":{"line":17,"column":28},"end":{"line":17,"column":55}},"11":{"start":{"line":18,"column":16},"end":{"line":18,"column":55}},"12":{"start":{"line":19,"column":29},"end":{"line":19,"column":61}},"13":{"start":{"line":20,"column":16},"end":{"line":20,"column":44}},"14":{"start":{"line":21,"column":16},"end":{"line":21,"column":46}},"15":{"start":{"line":22,"column":16},"end":{"line":22,"column":47}},"16":{"start":{"line":23,"column":16},"end":{"line":23,"column":42}},"17":{"start":{"line":24,"column":16},"end":{"line":24,"column":46}},"18":{"start":{"line":27,"column":22},"end":{"line":27,"column":38}},"19":{"start":{"line":30,"column":4},"end":{"line":30,"column":55}},"20":{"start":{"line":31,"column":4},"end":{"line":31,"column":18}},"21":{"start":{"line":37,"column":8},"end":{"line":47,"column":44}},"22":{"start":{"line":39,"column":16},"end":{"line":45,"column":17}},"23":{"start":{"line":41,"column":20},"end":{"line":44,"column":26}},"24":{"start":{"line":42,"column":24},"end":{"line":44,"column":26}},"25":{"start":{"line":43,"column":28},"end":{"line":43,"column":68}},"26":{"start":{"line":47,"column":26},"end":{"line":47,"column":42}},"27":{"start":{"line":52,"column":4},"end":{"line":52,"column":53}},"28":{"start":{"line":53,"column":15},"end":{"line":53,"column":43}},"29":{"start":{"line":54,"column":4},"end":{"line":54,"column":29}},"30":{"start":{"line":56,"column":15},"end":{"line":56,"column":44}},"31":{"start":{"line":57,"column":4},"end":{"line":57,"column":33}},"32":{"start":{"line":58,"column":15},"end":{"line":58,"column":44}},"33":{"start":{"line":59,"column":4},"end":{"line":59,"column":37}},"34":{"start":{"line":60,"column":4},"end":{"line":60,"column":26}},"35":{"start":{"line":61,"column":15},"end":{"line":61,"column":44}},"36":{"start":{"line":62,"column":15},"end":{"line":62,"column":44}},"37":{"start":{"line":63,"column":4},"end":{"line":63,"column":37}},"38":{"start":{"line":64,"column":4},"end":{"line":64,"column":38}},"39":{"start":{"line":65,"column":4},"end":{"line":65,"column":26}},"40":{"start":{"line":66,"column":4},"end":{"line":66,"column":26}},"41":{"start":{"line":67,"column":4},"end":{"line":67,"column":34}},"42":{"start":{"line":68,"column":14},"end":{"line":68,"column":43}},"43":{"start":{"line":69,"column":4},"end":{"line":69,"column":20}},"44":{"start":{"line":70,"column":4},"end":{"line":70,"column":30}},"45":{"start":{"line":71,"column":4},"end":{"line":71,"column":33}},"46":{"start":{"line":72,"column":4},"end":{"line":72,"column":31}},"47":{"start":{"line":73,"column":4},"end":{"line":73,"column":25}},"48":{"start":{"line":74,"column":13},"end":{"line":74,"column":41}},"49":{"start":{"line":75,"column":4},"end":{"line":75,"column":44}},"50":{"start":{"line":76,"column":12},"end":{"line":76,"column":39}},"51":{"start":{"line":77,"column":4},"end":{"line":77,"column":25}},"52":{"start":{"line":78,"column":4},"end":{"line":78,"column":24}},"53":{"start":{"line":79,"column":4},"end":{"line":79,"column":23}},"54":{"start":{"line":80,"column":13},"end":{"line":80,"column":41}},"55":{"start":{"line":81,"column":14},"end":{"line":81,"column":42}},"56":{"start":{"line":82,"column":17},"end":{"line":82,"column":24}},"57":{"start":{"line":83,"column":17},"end":{"line":83,"column":25}},"58":{"start":{"line":84,"column":4},"end":{"line":84,"column":41}},"59":{"start":{"line":85,"column":4},"end":{"line":85,"column":31}},"60":{"start":{"line":86,"column":4},"end":{"line":86,"column":41}},"61":{"start":{"line":87,"column":4},"end":{"line":87,"column":33}},"62":{"start":{"line":88,"column":4},"end":{"line":88,"column":41}},"63":{"start":{"line":89,"column":4},"end":{"line":89,"column":36}},"64":{"start":{"line":90,"column":4},"end":{"line":90,"column":35}},"65":{"start":{"line":91,"column":4},"end":{"line":91,"column":23}},"66":{"start":{"line":92,"column":4},"end":{"line":92,"column":24}},"67":{"start":{"line":93,"column":14},"end":{"line":93,"column":46}},"68":{"start":{"line":94,"column":4},"end":{"line":94,"column":34}},"69":{"start":{"line":95,"column":16},"end":{"line":95,"column":21}},"70":{"start":{"line":96,"column":14},"end":{"line":96,"column":20}},"71":{"start":{"line":97,"column":4},"end":{"line":97,"column":30}},"72":{"start":{"line":98,"column":4},"end":{"line":98,"column":37}},"73":{"start":{"line":99,"column":4},"end":{"line":101,"column":6}},"74":{"start":{"line":100,"column":8},"end":{"line":100,"column":33}},"75":{"start":{"line":102,"column":4},"end":{"line":102,"column":25}},"76":{"start":{"line":104,"column":4},"end":{"line":104,"column":56}},"77":{"start":{"line":105,"column":4},"end":{"line":105,"column":56}},"78":{"start":{"line":111,"column":4},"end":{"line":120,"column":40}},"79":{"start":{"line":113,"column":12},"end":{"line":118,"column":13}},"80":{"start":{"line":114,"column":16},"end":{"line":117,"column":17}},"81":{"start":{"line":115,"column":20},"end":{"line":115,"column":48}},"82":{"start":{"line":116,"column":20},"end":{"line":116,"column":47}},"83":{"start":{"line":120,"column":22},"end":{"line":120,"column":38}}},"fnMap":{"0":{"name":"createPageOfSales","decl":{"start":{"line":3,"column":16},"end":{"line":3,"column":33}},"loc":{"start":{"line":3,"column":36},"end":{"line":32,"column":1}},"line":3},"1":{"name":"(anonymous_1)","decl":{"start":{"line":9,"column":14},"end":{"line":9,"column":15}},"loc":{"start":{"line":9,"column":22},"end":{"line":26,"column":9}},"line":9},"2":{"name":"(anonymous_2)","decl":{"start":{"line":27,"column":15},"end":{"line":27,"column":16}},"loc":{"start":{"line":27,"column":22},"end":{"line":27,"column":38}},"line":27},"3":{"name":"checkButtons","decl":{"start":{"line":36,"column":16},"end":{"line":36,"column":28}},"loc":{"start":{"line":36,"column":30},"end":{"line":48,"column":5}},"line":36},"4":{"name":"(anonymous_4)","decl":{"start":{"line":38,"column":18},"end":{"line":38,"column":19}},"loc":{"start":{"line":38,"column":26},"end":{"line":46,"column":13}},"line":38},"5":{"name":"(anonymous_5)","decl":{"start":{"line":42,"column":94},"end":{"line":42,"column":95}},"loc":{"start":{"line":42,"column":105},"end":{"line":44,"column":25}},"line":42},"6":{"name":"(anonymous_6)","decl":{"start":{"line":47,"column":19},"end":{"line":47,"column":20}},"loc":{"start":{"line":47,"column":26},"end":{"line":47,"column":42}},"line":47},"7":{"name":"createPage","decl":{"start":{"line":51,"column":16},"end":{"line":51,"column":26}},"loc":{"start":{"line":51,"column":30},"end":{"line":106,"column":1}},"line":51},"8":{"name":"(anonymous_8)","decl":{"start":{"line":99,"column":34},"end":{"line":99,"column":35}},"loc":{"start":{"line":99,"column":45},"end":{"line":101,"column":5}},"line":99},"9":{"name":"create","decl":{"start":{"line":110,"column":16},"end":{"line":110,"column":22}},"loc":{"start":{"line":110,"column":26},"end":{"line":121,"column":1}},"line":110},"10":{"name":"(anonymous_10)","decl":{"start":{"line":112,"column":14},"end":{"line":112,"column":15}},"loc":{"start":{"line":112,"column":22},"end":{"line":119,"column":9}},"line":112},"11":{"name":"(anonymous_11)","decl":{"start":{"line":120,"column":15},"end":{"line":120,"column":16}},"loc":{"start":{"line":120,"column":22},"end":{"line":120,"column":38}},"line":120}},"branchMap":{"0":{"loc":{"start":{"line":41,"column":20},"end":{"line":44,"column":26}},"type":"if","locations":[{"start":{"line":41,"column":20},"end":{"line":44,"column":26}},{"start":{"line":41,"column":20},"end":{"line":44,"column":26}}],"line":41},"1":{"loc":{"start":{"line":114,"column":16},"end":{"line":117,"column":17}},"type":"if","locations":[{"start":{"line":114,"column":16},"end":{"line":117,"column":17}},{"start":{"line":114,"column":16},"end":{"line":117,"column":17}}],"line":114}},"s":{"0":3,"1":3,"2":3,"3":3,"4":3,"5":3,"6":3,"7":3,"8":3,"9":3,"10":3,"11":3,"12":3,"13":3,"14":3,"15":3,"16":3,"17":3,"18":0,"19":3,"20":3,"21":5,"22":5,"23":5,"24":1,"25":0,"26":0,"27":2,"28":2,"29":2,"30":2,"31":2,"32":2,"33":2,"34":2,"35":2,"36":2,"37":2,"38":2,"39":2,"40":2,"41":2,"42":2,"43":2,"44":2,"45":2,"46":2,"47":2,"48":2,"49":2,"50":2,"51":2,"52":2,"53":2,"54":2,"55":2,"56":2,"57":2,"58":2,"59":2,"60":2,"61":2,"62":2,"63":2,"64":2,"65":2,"66":2,"67":2,"68":2,"69":2,"70":2,"71":2,"72":2,"73":2,"74":0,"75":2,"76":2,"77":2,"78":4,"79":4,"80":4,"81":0,"82":0,"83":0},"f":{"0":3,"1":3,"2":0,"3":5,"4":5,"5":0,"6":0,"7":2,"8":0,"9":4,"10":4,"11":0},"b":{"0":[1,4],"1":[0,4]},"_coverageSchema":"1a1c01bbd47fc00a2c39e90264f33305004495a9","hash":"42eee5cdfacf52981e2db5f66bdb0d0a5e0f20d0"}
,"C:\\Users\\User\\WebstormProjects\\testForSite\\js\\workWithLocalStorage.js": {"path":"C:\\Users\\User\\WebstormProjects\\testForSite\\js\\workWithLocalStorage.js","statementMap":{"0":{"start":{"line":3,"column":4},"end":{"line":33,"column":5}},"1":{"start":{"line":4,"column":8},"end":{"line":4,"column":64}},"2":{"start":{"line":5,"column":8},"end":{"line":5,"column":58}},"3":{"start":{"line":6,"column":19},"end":{"line":6,"column":21}},"4":{"start":{"line":7,"column":8},"end":{"line":7,"column":20}},"5":{"start":{"line":8,"column":8},"end":{"line":8,"column":51}},"6":{"start":{"line":9,"column":8},"end":{"line":9,"column":58}},"7":{"start":{"line":10,"column":8},"end":{"line":10,"column":22}},"8":{"start":{"line":12,"column":19},"end":{"line":12,"column":51}},"9":{"start":{"line":13,"column":24},"end":{"line":13,"column":28}},"10":{"start":{"line":14,"column":8},"end":{"line":14,"column":24}},"11":{"start":{"line":15,"column":8},"end":{"line":20,"column":9}},"12":{"start":{"line":16,"column":12},"end":{"line":19,"column":13}},"13":{"start":{"line":17,"column":16},"end":{"line":17,"column":30}},"14":{"start":{"line":18,"column":16},"end":{"line":18,"column":32}},"15":{"start":{"line":21,"column":8},"end":{"line":24,"column":9}},"16":{"start":{"line":22,"column":12},"end":{"line":22,"column":28}},"17":{"start":{"line":23,"column":12},"end":{"line":23,"column":24}},"18":{"start":{"line":25,"column":8},"end":{"line":25,"column":58}},"19":{"start":{"line":26,"column":8},"end":{"line":26,"column":22}},"20":{"start":{"line":27,"column":8},"end":{"line":30,"column":9}},"21":{"start":{"line":29,"column":12},"end":{"line":29,"column":31}},"22":{"start":{"line":31,"column":8},"end":{"line":31,"column":50}},"23":{"start":{"line":32,"column":8},"end":{"line":32,"column":19}},"24":{"start":{"line":38,"column":19},"end":{"line":38,"column":48}},"25":{"start":{"line":39,"column":4},"end":{"line":39,"column":45}},"26":{"start":{"line":40,"column":14},"end":{"line":40,"column":43}},"27":{"start":{"line":41,"column":4},"end":{"line":41,"column":23}},"28":{"start":{"line":42,"column":4},"end":{"line":42,"column":29}},"29":{"start":{"line":43,"column":4},"end":{"line":43,"column":29}},"30":{"start":{"line":44,"column":12},"end":{"line":44,"column":39}},"31":{"start":{"line":45,"column":4},"end":{"line":45,"column":33}},"32":{"start":{"line":46,"column":4},"end":{"line":46,"column":32}},"33":{"start":{"line":47,"column":16},"end":{"line":47,"column":47}},"34":{"start":{"line":48,"column":4},"end":{"line":48,"column":24}},"35":{"start":{"line":49,"column":4},"end":{"line":49,"column":35}},"36":{"start":{"line":50,"column":15},"end":{"line":50,"column":42}},"37":{"start":{"line":51,"column":4},"end":{"line":51,"column":37}},"38":{"start":{"line":52,"column":4},"end":{"line":52,"column":41}},"39":{"start":{"line":53,"column":14},"end":{"line":53,"column":46}},"40":{"start":{"line":54,"column":4},"end":{"line":54,"column":36}},"41":{"start":{"line":55,"column":16},"end":{"line":55,"column":22}},"42":{"start":{"line":56,"column":17},"end":{"line":56,"column":22}},"43":{"start":{"line":57,"column":4},"end":{"line":57,"column":33}},"44":{"start":{"line":58,"column":4},"end":{"line":60,"column":6}},"45":{"start":{"line":59,"column":8},"end":{"line":59,"column":27}},"46":{"start":{"line":61,"column":4},"end":{"line":61,"column":29}},"47":{"start":{"line":62,"column":4},"end":{"line":62,"column":29}},"48":{"start":{"line":63,"column":4},"end":{"line":63,"column":27}},"49":{"start":{"line":64,"column":4},"end":{"line":64,"column":31}},"50":{"start":{"line":65,"column":4},"end":{"line":65,"column":30}},"51":{"start":{"line":66,"column":4},"end":{"line":66,"column":29}},"52":{"start":{"line":67,"column":4},"end":{"line":67,"column":61}},"53":{"start":{"line":71,"column":4},"end":{"line":71,"column":30}},"54":{"start":{"line":73,"column":15},"end":{"line":73,"column":47}},"55":{"start":{"line":74,"column":23},"end":{"line":74,"column":27}},"56":{"start":{"line":76,"column":4},"end":{"line":81,"column":5}},"57":{"start":{"line":77,"column":8},"end":{"line":80,"column":9}},"58":{"start":{"line":78,"column":12},"end":{"line":78,"column":30}},"59":{"start":{"line":79,"column":12},"end":{"line":79,"column":17}},"60":{"start":{"line":82,"column":4},"end":{"line":82,"column":54}},"61":{"start":{"line":83,"column":4},"end":{"line":85,"column":5}},"62":{"start":{"line":84,"column":8},"end":{"line":84,"column":27}},"63":{"start":{"line":86,"column":4},"end":{"line":96,"column":5}},"64":{"start":{"line":87,"column":8},"end":{"line":87,"column":50}},"65":{"start":{"line":90,"column":8},"end":{"line":90,"column":39}},"66":{"start":{"line":91,"column":16},"end":{"line":91,"column":43}},"67":{"start":{"line":92,"column":8},"end":{"line":92,"column":37}},"68":{"start":{"line":93,"column":8},"end":{"line":93,"column":32}},"69":{"start":{"line":94,"column":8},"end":{"line":94,"column":37}},"70":{"start":{"line":95,"column":8},"end":{"line":95,"column":58}},"71":{"start":{"line":97,"column":4},"end":{"line":97,"column":15}},"72":{"start":{"line":100,"column":24},"end":{"line":100,"column":25}},"73":{"start":{"line":103,"column":4},"end":{"line":103,"column":19}},"74":{"start":{"line":104,"column":14},"end":{"line":104,"column":54}},"75":{"start":{"line":105,"column":4},"end":{"line":107,"column":5}},"76":{"start":{"line":106,"column":8},"end":{"line":106,"column":51}},"77":{"start":{"line":108,"column":12},"end":{"line":108,"column":21}},"78":{"start":{"line":109,"column":12},"end":{"line":109,"column":15}},"79":{"start":{"line":110,"column":13},"end":{"line":110,"column":44}},"80":{"start":{"line":111,"column":4},"end":{"line":111,"column":61}}},"fnMap":{"0":{"name":"addToLocalStorage","decl":{"start":{"line":2,"column":16},"end":{"line":2,"column":33}},"loc":{"start":{"line":2,"column":38},"end":{"line":34,"column":1}},"line":2},"1":{"name":"createDiv","decl":{"start":{"line":37,"column":16},"end":{"line":37,"column":25}},"loc":{"start":{"line":37,"column":29},"end":{"line":68,"column":1}},"line":37},"2":{"name":"(anonymous_2)","decl":{"start":{"line":58,"column":33},"end":{"line":58,"column":34}},"loc":{"start":{"line":58,"column":46},"end":{"line":60,"column":5}},"line":58},"3":{"name":"funcDelete","decl":{"start":{"line":70,"column":16},"end":{"line":70,"column":26}},"loc":{"start":{"line":70,"column":30},"end":{"line":98,"column":1}},"line":70},"4":{"name":"knowPrise","decl":{"start":{"line":102,"column":16},"end":{"line":102,"column":25}},"loc":{"start":{"line":102,"column":28},"end":{"line":112,"column":1}},"line":102}},"branchMap":{"0":{"loc":{"start":{"line":3,"column":4},"end":{"line":33,"column":5}},"type":"if","locations":[{"start":{"line":3,"column":4},"end":{"line":33,"column":5}},{"start":{"line":3,"column":4},"end":{"line":33,"column":5}}],"line":3},"1":{"loc":{"start":{"line":16,"column":12},"end":{"line":19,"column":13}},"type":"if","locations":[{"start":{"line":16,"column":12},"end":{"line":19,"column":13}},{"start":{"line":16,"column":12},"end":{"line":19,"column":13}}],"line":16},"2":{"loc":{"start":{"line":16,"column":15},"end":{"line":16,"column":49}},"type":"binary-expr","locations":[{"start":{"line":16,"column":15},"end":{"line":16,"column":24}},{"start":{"line":16,"column":28},"end":{"line":16,"column":49}}],"line":16},"3":{"loc":{"start":{"line":21,"column":8},"end":{"line":24,"column":9}},"type":"if","locations":[{"start":{"line":21,"column":8},"end":{"line":24,"column":9}},{"start":{"line":21,"column":8},"end":{"line":24,"column":9}}],"line":21},"4":{"loc":{"start":{"line":77,"column":8},"end":{"line":80,"column":9}},"type":"if","locations":[{"start":{"line":77,"column":8},"end":{"line":80,"column":9}},{"start":{"line":77,"column":8},"end":{"line":80,"column":9}}],"line":77},"5":{"loc":{"start":{"line":77,"column":11},"end":{"line":77,"column":45}},"type":"binary-expr","locations":[{"start":{"line":77,"column":11},"end":{"line":77,"column":23}},{"start":{"line":77,"column":27},"end":{"line":77,"column":45}}],"line":77},"6":{"loc":{"start":{"line":86,"column":4},"end":{"line":96,"column":5}},"type":"if","locations":[{"start":{"line":86,"column":4},"end":{"line":96,"column":5}},{"start":{"line":86,"column":4},"end":{"line":96,"column":5}}],"line":86},"7":{"loc":{"start":{"line":86,"column":7},"end":{"line":86,"column":39}},"type":"binary-expr","locations":[{"start":{"line":86,"column":7},"end":{"line":86,"column":25}},{"start":{"line":86,"column":29},"end":{"line":86,"column":39}}],"line":86}},"s":{"0":2,"1":1,"2":1,"3":1,"4":1,"5":1,"6":1,"7":1,"8":1,"9":1,"10":1,"11":1,"12":1,"13":1,"14":1,"15":1,"16":0,"17":0,"18":1,"19":1,"20":1,"21":1,"22":1,"23":1,"24":13,"25":13,"26":13,"27":13,"28":13,"29":13,"30":13,"31":13,"32":13,"33":13,"34":13,"35":13,"36":13,"37":13,"38":13,"39":13,"40":13,"41":13,"42":13,"43":13,"44":13,"45":0,"46":13,"47":13,"48":13,"49":13,"50":13,"51":13,"52":13,"53":1,"54":1,"55":1,"56":1,"57":1,"58":0,"59":0,"60":1,"61":1,"62":1,"63":1,"64":1,"65":0,"66":0,"67":0,"68":0,"69":0,"70":0,"71":1,"72":1,"73":3,"74":3,"75":3,"76":3,"77":3,"78":3,"79":3,"80":3},"f":{"0":2,"1":13,"2":0,"3":1,"4":3},"b":{"0":[1,1],"1":[1,0],"2":[1,1],"3":[0,1],"4":[0,1],"5":[1,1],"6":[1,0],"7":[1,1]},"_coverageSchema":"1a1c01bbd47fc00a2c39e90264f33305004495a9","hash":"cc634c4018470e8ab517b61a02956eb2523850a0"}
}
