TN:
SF:js\Loader.js
FN:1,showSpinner
FN:7,hideSpinner
FNF:2
FNH:2
FNDA:80,showSpinner
FNDA:82,hideSpinner
DA:2,80
DA:3,80
DA:8,82
DA:9,82
LF:4
LH:4
BRF:0
BRH:0
end_of_record
TN:
SF:js\catalogCreator.js
FN:6,getCopyMainBlock
FN:7,getMainBlockOfCatalog
FN:8,getGridsCreated
FN:9,setGridsCreated
FN:11,setCopyMainBlock
FN:12,createCatalog
FN:23,(anonymous_6)
FN:33,(anonymous_7)
FN:40,createGrids
FN:44,(anonymous_9)
FN:73,(anonymous_10)
FN:79,createGridsContent
FN:83,(anonymous_12)
FN:120,(anonymous_13)
FN:128,createAllPageCatalog
FN:137,createMain
FN:181,addClickeventtoGridButtons
FN:183,(anonymous_17)
FN:187,(anonymous_18)
FN:193,(anonymous_19)
FN:198,addClickeventtoCatalogLi
FN:200,(anonymous_21)
FN:203,(anonymous_22)
FN:209,(anonymous_23)
FN:213,contentofElement
FN:215,(anonymous_25)
FN:224,(anonymous_26)
FN:228,createInfobox
FN:283,(anonymous_28)
FN:297,contentofBlock
FN:304,(anonymous_30)
FN:326,(anonymous_31)
FN:337,infoBox
FN:341,(anonymous_33)
FN:350,(anonymous_34)
FNF:35
FNH:22
FNDA:1,getCopyMainBlock
FNDA:36,getMainBlockOfCatalog
FNDA:4,getGridsCreated
FNDA:1,setGridsCreated
FNDA:1,setCopyMainBlock
FNDA:9,createCatalog
FNDA:9,(anonymous_6)
FNDA:0,(anonymous_7)
FNDA:1,createGrids
FNDA:1,(anonymous_9)
FNDA:0,(anonymous_10)
FNDA:8,createGridsContent
FNDA:8,(anonymous_12)
FNDA:0,(anonymous_13)
FNDA:3,createAllPageCatalog
FNDA:2,createMain
FNDA:11,addClickeventtoGridButtons
FNDA:11,(anonymous_17)
FNDA:0,(anonymous_18)
FNDA:0,(anonymous_19)
FNDA:11,addClickeventtoCatalogLi
FNDA:11,(anonymous_21)
FNDA:0,(anonymous_22)
FNDA:0,(anonymous_23)
FNDA:2,contentofElement
FNDA:2,(anonymous_25)
FNDA:0,(anonymous_26)
FNDA:1,createInfobox
FNDA:0,(anonymous_28)
FNDA:8,contentofBlock
FNDA:8,(anonymous_30)
FNDA:0,(anonymous_31)
FNDA:0,infoBox
FNDA:0,(anonymous_33)
FNDA:0,(anonymous_34)
DA:3,1
DA:5,1
DA:6,1
DA:7,36
DA:8,4
DA:9,1
DA:11,1
DA:13,9
DA:14,9
DA:15,9
DA:16,9
DA:17,9
DA:18,9
DA:19,9
DA:20,9
DA:21,9
DA:22,9
DA:24,9
DA:26,9
DA:28,9
DA:29,9
DA:30,9
DA:33,0
DA:36,9
DA:41,1
DA:42,1
DA:43,1
DA:45,1
DA:46,1
DA:47,1
DA:49,1
DA:50,1
DA:51,1
DA:52,1
DA:54,1
DA:55,1
DA:56,1
DA:60,1
DA:61,1
DA:62,1
DA:63,1
DA:64,1
DA:68,1
DA:70,1
DA:73,0
DA:80,8
DA:81,8
DA:82,8
DA:84,8
DA:87,8
DA:88,2
DA:89,2
DA:91,2
DA:92,2
DA:93,2
DA:94,2
DA:96,2
DA:97,2
DA:98,2
DA:101,2
DA:102,2
DA:103,2
DA:104,2
DA:105,2
DA:108,2
DA:111,8
DA:112,8
DA:113,8
DA:114,8
DA:115,8
DA:116,8
DA:118,8
DA:120,0
DA:129,3
DA:130,0
DA:131,0
DA:132,0
DA:138,2
DA:139,2
DA:182,11
DA:184,11
DA:186,11
DA:187,5
DA:188,0
DA:189,0
DA:193,0
DA:199,11
DA:201,11
DA:202,11
DA:203,0
DA:204,0
DA:205,0
DA:209,0
DA:214,2
DA:216,2
DA:217,2
DA:219,0
DA:220,0
DA:224,0
DA:229,1
DA:230,1
DA:232,1
DA:233,1
DA:234,1
DA:235,1
DA:236,1
DA:237,1
DA:238,1
DA:239,1
DA:240,1
DA:241,1
DA:242,1
DA:243,1
DA:244,1
DA:245,1
DA:246,1
DA:247,1
DA:248,1
DA:249,1
DA:250,1
DA:251,1
DA:252,1
DA:253,1
DA:254,1
DA:255,1
DA:256,1
DA:257,1
DA:258,1
DA:259,1
DA:260,1
DA:261,1
DA:262,1
DA:263,1
DA:264,1
DA:265,1
DA:266,1
DA:267,1
DA:268,1
DA:269,1
DA:270,1
DA:271,1
DA:272,1
DA:273,1
DA:274,1
DA:275,1
DA:276,1
DA:277,1
DA:278,1
DA:279,1
DA:280,1
DA:281,1
DA:282,1
DA:283,1
DA:284,0
DA:286,1
DA:288,1
DA:289,1
DA:298,8
DA:299,8
DA:300,8
DA:303,8
DA:305,8
DA:306,8
DA:307,2
DA:308,2
DA:309,2
DA:310,2
DA:311,2
DA:312,2
DA:313,2
DA:314,2
DA:315,2
DA:316,2
DA:317,2
DA:318,2
DA:319,2
DA:320,2
DA:322,2
DA:326,0
DA:329,8
DA:330,8
DA:338,0
DA:340,0
DA:342,0
DA:343,0
DA:344,0
DA:345,0
DA:346,0
DA:350,0
LF:189
LH:163
BRDA:87,0,0,2
BRDA:87,0,1,6
BRDA:112,1,0,8
BRDA:112,1,1,0
BRDA:129,2,0,0
BRDA:129,2,1,3
BRDA:186,3,0,5
BRDA:186,3,1,6
BRDA:202,4,0,0
BRDA:202,4,1,11
BRDA:217,5,0,0
BRDA:217,5,1,2
BRDA:306,6,0,2
BRDA:306,6,1,6
BRDA:343,7,0,0
BRDA:343,7,1,0
BRF:16
BRH:10
end_of_record
TN:
SF:js\createCart.js
FN:5,createCart
FN:23,mainSale
FN:25,(anonymous_2)
FN:32,(anonymous_3)
FNF:4
FNH:3
FNDA:6,createCart
FNDA:1,mainSale
FNDA:1,(anonymous_2)
FNDA:0,(anonymous_3)
DA:6,6
DA:7,6
DA:8,6
DA:9,6
DA:10,6
DA:13,0
DA:14,0
DA:15,0
DA:16,0
DA:17,0
DA:18,0
DA:24,1
DA:26,1
DA:27,1
DA:28,0
DA:32,0
LF:16
LH:8
BRDA:6,0,0,6
BRDA:6,0,1,0
BRDA:27,1,0,0
BRDA:27,1,1,1
BRF:4
BRH:2
end_of_record
TN:
SF:js\createOrder.js
FN:9,(anonymous_0)
FN:14,createOrder
FN:132,(anonymous_2)
FN:161,(anonymous_3)
FN:164,(anonymous_4)
FN:190,creator
FN:203,catalogCreator
FN:225,(anonymous_7)
FN:239,validateEmail
FN:249,createVarOfOrder
FN:308,checkOrderStatus
FNF:11
FNH:7
FNDA:0,(anonymous_0)
FNDA:4,createOrder
FNDA:1,(anonymous_2)
FNDA:0,(anonymous_3)
FNDA:0,(anonymous_4)
FNDA:5,creator
FNDA:7,catalogCreator
FNDA:0,(anonymous_7)
FNDA:5,validateEmail
FNDA:2,createVarOfOrder
FNDA:2,checkOrderStatus
DA:4,1
DA:8,1
DA:9,0
DA:10,0
DA:18,4
DA:19,4
DA:20,4
DA:21,4
DA:22,4
DA:23,4
DA:24,4
DA:25,4
DA:26,4
DA:27,4
DA:28,4
DA:29,4
DA:30,4
DA:31,4
DA:32,4
DA:33,4
DA:36,4
DA:37,4
DA:38,4
DA:39,4
DA:40,4
DA:41,4
DA:42,4
DA:43,4
DA:44,4
DA:45,4
DA:46,4
DA:47,4
DA:49,4
DA:50,4
DA:51,4
DA:52,4
DA:53,4
DA:55,4
DA:56,4
DA:57,4
DA:58,4
DA:59,4
DA:60,4
DA:61,4
DA:64,4
DA:65,4
DA:66,4
DA:67,4
DA:69,4
DA:70,4
DA:71,4
DA:72,4
DA:73,4
DA:74,4
DA:75,4
DA:76,4
DA:79,4
DA:80,4
DA:81,4
DA:82,4
DA:83,4
DA:84,4
DA:87,4
DA:88,4
DA:89,4
DA:90,4
DA:91,4
DA:92,4
DA:93,4
DA:94,4
DA:95,4
DA:96,4
DA:98,4
DA:99,4
DA:100,4
DA:101,4
DA:102,4
DA:103,4
DA:104,4
DA:105,4
DA:106,4
DA:107,4
DA:109,4
DA:110,4
DA:111,4
DA:112,4
DA:113,4
DA:114,4
DA:115,4
DA:116,4
DA:118,4
DA:119,4
DA:120,4
DA:121,4
DA:122,4
DA:123,4
DA:124,4
DA:125,4
DA:126,4
DA:127,4
DA:128,4
DA:132,4
DA:133,1
DA:134,1
DA:135,1
DA:136,1
DA:137,1
DA:138,1
DA:139,1
DA:140,1
DA:141,1
DA:142,1
DA:143,1
DA:144,1
DA:145,1
DA:146,1
DA:147,1
DA:148,1
DA:149,1
DA:150,0
DA:159,0
DA:160,0
DA:162,0
DA:164,0
DA:167,0
DA:168,0
DA:169,0
DA:171,0
DA:172,0
DA:179,0
DA:180,0
DA:181,0
DA:182,0
DA:183,0
DA:191,5
DA:193,5
DA:194,5
DA:195,5
DA:196,1
DA:198,5
DA:199,5
DA:204,7
DA:205,7
DA:206,7
DA:207,7
DA:208,7
DA:209,7
DA:210,7
DA:211,7
DA:212,7
DA:213,7
DA:214,7
DA:215,7
DA:216,7
DA:217,7
DA:218,7
DA:219,7
DA:220,7
DA:221,7
DA:222,7
DA:223,7
DA:224,7
DA:225,7
DA:226,0
DA:227,0
DA:229,7
DA:230,7
DA:231,7
DA:232,7
DA:233,7
DA:234,7
DA:235,7
DA:241,5
DA:242,5
DA:251,2
DA:252,2
DA:253,2
DA:254,2
DA:255,2
DA:256,2
DA:257,2
DA:258,2
DA:259,2
DA:260,2
DA:261,2
DA:262,2
DA:263,2
DA:264,2
DA:265,2
DA:266,2
DA:267,2
DA:268,2
DA:269,2
DA:270,2
DA:271,2
DA:273,2
DA:274,2
DA:275,2
DA:276,2
DA:277,2
DA:278,2
DA:280,2
DA:281,2
DA:282,2
DA:283,2
DA:284,2
DA:285,2
DA:288,2
DA:289,0
DA:290,0
DA:291,0
DA:292,0
DA:293,0
DA:294,0
DA:296,2
DA:297,0
DA:298,0
DA:299,0
DA:300,0
DA:301,0
DA:302,0
DA:304,2
DA:309,2
DA:310,2
LF:224
LH:193
BRDA:8,0,0,0
BRDA:8,0,1,1
BRDA:118,1,0,4
BRDA:118,1,1,0
BRDA:137,2,0,1
BRDA:137,2,1,0
BRDA:140,3,0,1
BRDA:140,3,1,0
BRDA:140,4,0,1
BRDA:140,4,1,1
BRDA:143,5,0,1
BRDA:143,5,1,0
BRDA:143,6,0,1
BRDA:143,6,1,1
BRDA:146,7,0,1
BRDA:146,7,1,0
BRDA:146,8,0,1
BRDA:146,8,1,0
BRDA:149,9,0,0
BRDA:149,9,1,1
BRDA:149,10,0,1
BRDA:149,10,1,0
BRDA:149,10,2,0
BRDA:149,10,3,0
BRDA:168,11,0,0
BRDA:168,11,1,0
BRDA:288,12,0,0
BRDA:288,12,1,2
BRDA:296,13,0,0
BRDA:296,13,1,2
BRF:30
BRH:15
end_of_record
TN:
SF:js\parsejson.js
FN:3,getURL
FN:7,sendRequest
FN:11,(anonymous_2)
FN:21,sendPOST
FN:25,(anonymous_4)
FNF:5
FNH:5
FNDA:87,getURL
FNDA:78,sendRequest
FNDA:78,(anonymous_2)
FNDA:6,sendPOST
FNDA:6,(anonymous_4)
DA:4,87
DA:9,78
DA:11,78
DA:12,78
DA:13,78
DA:14,78
DA:22,6
DA:26,6
DA:27,6
LF:9
LH:9
BRDA:12,0,0,78
BRDA:12,0,1,0
BRDA:21,1,0,6
BRDA:26,2,0,6
BRDA:26,2,1,0
BRF:5
BRH:3
end_of_record
TN:
SF:js\routing.js
FN:15,(anonymous_0)
FN:20,(anonymous_1)
FN:28,routing
FN:79,(anonymous_3)
FN:90,browseShop
FNF:5
FNH:2
FNDA:0,(anonymous_0)
FNDA:0,(anonymous_1)
FNDA:12,routing
FNDA:0,(anonymous_3)
FNDA:2,browseShop
DA:15,1
DA:16,0
DA:17,0
DA:20,1
DA:21,0
DA:22,0
DA:26,1
DA:30,12
DA:31,1
DA:32,1
DA:33,1
DA:35,11
DA:36,1
DA:37,1
DA:39,10
DA:40,4
DA:41,4
DA:42,4
DA:43,4
DA:45,0
DA:47,6
DA:48,1
DA:49,1
DA:50,1
DA:52,0
DA:54,5
DA:55,1
DA:56,1
DA:57,1
DA:59,0
DA:61,4
DA:62,2
DA:63,2
DA:64,2
DA:65,2
DA:66,2
DA:67,2
DA:68,1
DA:69,1
DA:70,1
DA:71,1
DA:72,1
DA:74,1
DA:75,0
DA:76,0
DA:77,0
DA:78,0
DA:79,0
DA:82,1
DA:83,1
DA:84,1
DA:85,1
DA:91,2
LF:53
LH:41
BRDA:30,0,0,1
BRDA:30,0,1,11
BRDA:35,1,0,1
BRDA:35,1,1,10
BRDA:39,2,0,4
BRDA:39,2,1,6
BRDA:41,3,0,4
BRDA:41,3,1,0
BRDA:41,4,0,4
BRDA:41,4,1,3
BRDA:41,4,2,2
BRDA:41,4,3,1
BRDA:47,5,0,1
BRDA:47,5,1,5
BRDA:48,6,0,1
BRDA:48,6,1,0
BRDA:48,7,0,1
BRDA:48,7,1,0
BRDA:54,8,0,1
BRDA:54,8,1,4
BRDA:55,9,0,1
BRDA:55,9,1,0
BRDA:55,10,0,1
BRDA:55,10,1,0
BRDA:61,11,0,2
BRDA:61,11,1,2
BRDA:67,12,0,1
BRDA:67,12,1,1
BRDA:74,13,0,0
BRDA:74,13,1,1
BRDA:74,14,0,1
BRDA:74,14,1,0
BRF:32
BRH:25
end_of_record
TN:
SF:js\salesPageCreator.js
FN:3,createPageOfSales
FN:9,(anonymous_1)
FN:27,(anonymous_2)
FN:36,checkButtons
FN:38,(anonymous_4)
FN:42,(anonymous_5)
FN:47,(anonymous_6)
FN:51,createPage
FN:99,(anonymous_8)
FN:110,create
FN:112,(anonymous_10)
FN:120,(anonymous_11)
FNF:12
FNH:7
FNDA:3,createPageOfSales
FNDA:3,(anonymous_1)
FNDA:0,(anonymous_2)
FNDA:5,checkButtons
FNDA:5,(anonymous_4)
FNDA:0,(anonymous_5)
FNDA:0,(anonymous_6)
FNDA:2,createPage
FNDA:0,(anonymous_8)
FNDA:4,create
FNDA:4,(anonymous_10)
FNDA:0,(anonymous_11)
DA:4,3
DA:5,3
DA:6,3
DA:8,3
DA:10,3
DA:12,3
DA:13,3
DA:14,3
DA:15,3
DA:16,3
DA:17,3
DA:18,3
DA:19,3
DA:20,3
DA:21,3
DA:22,3
DA:23,3
DA:24,3
DA:27,0
DA:30,3
DA:31,3
DA:37,5
DA:39,5
DA:41,5
DA:42,1
DA:43,0
DA:47,0
DA:52,2
DA:53,2
DA:54,2
DA:56,2
DA:57,2
DA:58,2
DA:59,2
DA:60,2
DA:61,2
DA:62,2
DA:63,2
DA:64,2
DA:65,2
DA:66,2
DA:67,2
DA:68,2
DA:69,2
DA:70,2
DA:71,2
DA:72,2
DA:73,2
DA:74,2
DA:75,2
DA:76,2
DA:77,2
DA:78,2
DA:79,2
DA:80,2
DA:81,2
DA:82,2
DA:83,2
DA:84,2
DA:85,2
DA:86,2
DA:87,2
DA:88,2
DA:89,2
DA:90,2
DA:91,2
DA:92,2
DA:93,2
DA:94,2
DA:95,2
DA:96,2
DA:97,2
DA:98,2
DA:99,2
DA:100,0
DA:102,2
DA:104,2
DA:105,2
DA:111,4
DA:113,4
DA:114,4
DA:115,0
DA:116,0
DA:120,0
LF:84
LH:77
BRDA:41,0,0,1
BRDA:41,0,1,4
BRDA:114,1,0,0
BRDA:114,1,1,4
BRF:4
BRH:3
end_of_record
TN:
SF:js\workWithLocalStorage.js
FN:2,addToLocalStorage
FN:37,createDiv
FN:58,(anonymous_2)
FN:70,funcDelete
FN:102,knowPrise
FNF:5
FNH:4
FNDA:2,addToLocalStorage
FNDA:13,createDiv
FNDA:0,(anonymous_2)
FNDA:1,funcDelete
FNDA:3,knowPrise
DA:3,2
DA:4,1
DA:5,1
DA:6,1
DA:7,1
DA:8,1
DA:9,1
DA:10,1
DA:12,1
DA:13,1
DA:14,1
DA:15,1
DA:16,1
DA:17,1
DA:18,1
DA:21,1
DA:22,0
DA:23,0
DA:25,1
DA:26,1
DA:27,1
DA:29,1
DA:31,1
DA:32,1
DA:38,13
DA:39,13
DA:40,13
DA:41,13
DA:42,13
DA:43,13
DA:44,13
DA:45,13
DA:46,13
DA:47,13
DA:48,13
DA:49,13
DA:50,13
DA:51,13
DA:52,13
DA:53,13
DA:54,13
DA:55,13
DA:56,13
DA:57,13
DA:58,13
DA:59,0
DA:61,13
DA:62,13
DA:63,13
DA:64,13
DA:65,13
DA:66,13
DA:67,13
DA:71,1
DA:73,1
DA:74,1
DA:76,1
DA:77,1
DA:78,0
DA:79,0
DA:82,1
DA:83,1
DA:84,1
DA:86,1
DA:87,1
DA:90,0
DA:91,0
DA:92,0
DA:93,0
DA:94,0
DA:95,0
DA:97,1
DA:100,1
DA:103,3
DA:104,3
DA:105,3
DA:106,3
DA:108,3
DA:109,3
DA:110,3
DA:111,3
LF:81
LH:70
BRDA:3,0,0,1
BRDA:3,0,1,1
BRDA:16,1,0,1
BRDA:16,1,1,0
BRDA:16,2,0,1
BRDA:16,2,1,1
BRDA:21,3,0,0
BRDA:21,3,1,1
BRDA:77,4,0,0
BRDA:77,4,1,1
BRDA:77,5,0,1
BRDA:77,5,1,1
BRDA:86,6,0,1
BRDA:86,6,1,0
BRDA:86,7,0,1
BRDA:86,7,1,1
BRF:16
BRH:12
end_of_record
